ERROR - 2024-04-17 09:33:44 --> Error connecting to the database: mysqli_sql_exception: No connection could be made because the target machine actively refused it in C:\Users\nidhi\OneDrive\Desktop\MOJ\MOJ_Backend\vendor\codeigniter4\framework\system\Database\MySQLi\Connection.php:174
Stack trace:
#0 C:\Users\nidhi\OneDrive\Desktop\MOJ\MOJ_Backend\vendor\codeigniter4\framework\system\Database\MySQLi\Connection.php(174): mysqli->real_connect('localhost', 'root', '', 'apis', 3306, '', 0)
#1 C:\Users\nidhi\OneDrive\Desktop\MOJ\MOJ_Backend\vendor\codeigniter4\framework\system\Database\BaseConnection.php(391): CodeIgniter\Database\MySQLi\Connection->connect(false)
#2 C:\Users\nidhi\OneDrive\Desktop\MOJ\MOJ_Backend\vendor\codeigniter4\framework\system\Database\BaseConnection.php(574): CodeIgniter\Database\BaseConnection->initialize()
#3 C:\Users\nidhi\OneDrive\Desktop\MOJ\MOJ_Backend\vendor\codeigniter4\framework\system\Database\BaseConnection.php(1409): CodeIgniter\Database\BaseConnection->query('SHOW TABLES FRO...')
#4 C:\Users\nidhi\OneDrive\Desktop\MOJ\MOJ_Backend\vendor\codeigniter4\framework\system\Database\BaseConnection.php(1428): CodeIgniter\Database\BaseConnection->listTables()
#5 C:\Users\nidhi\OneDrive\Desktop\MOJ\MOJ_Backend\vendor\codeigniter4\framework\system\Database\MigrationRunner.php(768): CodeIgniter\Database\BaseConnection->tableExists('migrations')
#6 C:\Users\nidhi\OneDrive\Desktop\MOJ\MOJ_Backend\vendor\codeigniter4\framework\system\Database\MigrationRunner.php(168): CodeIgniter\Database\MigrationRunner->ensureTable()
#7 C:\Users\nidhi\OneDrive\Desktop\MOJ\MOJ_Backend\vendor\codeigniter4\framework\system\Commands\Database\Migrate.php(84): CodeIgniter\Database\MigrationRunner->latest(NULL)
#8 C:\Users\nidhi\OneDrive\Desktop\MOJ\MOJ_Backend\vendor\codeigniter4\framework\system\CLI\Commands.php(65): CodeIgniter\Commands\Database\Migrate->run(Array)
#9 C:\Users\nidhi\OneDrive\Desktop\MOJ\MOJ_Backend\vendor\codeigniter4\framework\system\CLI\Console.php(37): CodeIgniter\CLI\Commands->run('migrate', Array)
#10 C:\Users\nidhi\OneDrive\Desktop\MOJ\MOJ_Backend\spark(97): CodeIgniter\CLI\Console->run()
#11 {main}

Next CodeIgniter\Database\Exceptions\DatabaseException: No connection could be made because the target machine actively refused it in C:\Users\nidhi\OneDrive\Desktop\MOJ\MOJ_Backend\vendor\codeigniter4\framework\system\Database\MySQLi\Connection.php:218
Stack trace:
#0 C:\Users\nidhi\OneDrive\Desktop\MOJ\MOJ_Backend\vendor\codeigniter4\framework\system\Database\BaseConnection.php(391): CodeIgniter\Database\MySQLi\Connection->connect(false)
#1 C:\Users\nidhi\OneDrive\Desktop\MOJ\MOJ_Backend\vendor\codeigniter4\framework\system\Database\BaseConnection.php(574): CodeIgniter\Database\BaseConnection->initialize()
#2 C:\Users\nidhi\OneDrive\Desktop\MOJ\MOJ_Backend\vendor\codeigniter4\framework\system\Database\BaseConnection.php(1409): CodeIgniter\Database\BaseConnection->query('SHOW TABLES FRO...')
#3 C:\Users\nidhi\OneDrive\Desktop\MOJ\MOJ_Backend\vendor\codeigniter4\framework\system\Database\BaseConnection.php(1428): CodeIgniter\Database\BaseConnection->listTables()
#4 C:\Users\nidhi\OneDrive\Desktop\MOJ\MOJ_Backend\vendor\codeigniter4\framework\system\Database\MigrationRunner.php(768): CodeIgniter\Database\BaseConnection->tableExists('migrations')
#5 C:\Users\nidhi\OneDrive\Desktop\MOJ\MOJ_Backend\vendor\codeigniter4\framework\system\Database\MigrationRunner.php(168): CodeIgniter\Database\MigrationRunner->ensureTable()
#6 C:\Users\nidhi\OneDrive\Desktop\MOJ\MOJ_Backend\vendor\codeigniter4\framework\system\Commands\Database\Migrate.php(84): CodeIgniter\Database\MigrationRunner->latest(NULL)
#7 C:\Users\nidhi\OneDrive\Desktop\MOJ\MOJ_Backend\vendor\codeigniter4\framework\system\CLI\Commands.php(65): CodeIgniter\Commands\Database\Migrate->run(Array)
#8 C:\Users\nidhi\OneDrive\Desktop\MOJ\MOJ_Backend\vendor\codeigniter4\framework\system\CLI\Console.php(37): CodeIgniter\CLI\Commands->run('migrate', Array)
#9 C:\Users\nidhi\OneDrive\Desktop\MOJ\MOJ_Backend\spark(97): CodeIgniter\CLI\Console->run()
#10 {main}
ERROR - 2024-04-17 12:13:01 --> mysqli_sql_exception: You have an error in your SQL syntax; check the manual that corresponds to your MariaDB server version for the right syntax to use near 'INT UNSIGNED NOT NULL,
	`ReferralCode` VARCHAR(255) NULL,
	`profile_picture` ...' at line 5 in C:\Users\nidhi\OneDrive\Desktop\MOJ\MOJ_Backend\vendor\codeigniter4\framework\system\Database\MySQLi\Connection.php:295
Stack trace:
#0 C:\Users\nidhi\OneDrive\Desktop\MOJ\MOJ_Backend\vendor\codeigniter4\framework\system\Database\MySQLi\Connection.php(295): mysqli->query('CREATE TABLE `u...', 0)
#1 C:\Users\nidhi\OneDrive\Desktop\MOJ\MOJ_Backend\vendor\codeigniter4\framework\system\Database\BaseConnection.php(692): CodeIgniter\Database\MySQLi\Connection->execute('CREATE TABLE `u...')
#2 C:\Users\nidhi\OneDrive\Desktop\MOJ\MOJ_Backend\vendor\codeigniter4\framework\system\Database\BaseConnection.php(606): CodeIgniter\Database\BaseConnection->simpleQuery('CREATE TABLE `u...')
#3 C:\Users\nidhi\OneDrive\Desktop\MOJ\MOJ_Backend\vendor\codeigniter4\framework\system\Database\Forge.php(546): CodeIgniter\Database\BaseConnection->query('CREATE TABLE `u...')
#4 C:\Users\nidhi\OneDrive\Desktop\MOJ\MOJ_Backend\app\Database\Migrations\2024-04-12-061258_CreateUserProfilesTable.php(104): CodeIgniter\Database\Forge->createTable('user_profiles')
#5 C:\Users\nidhi\OneDrive\Desktop\MOJ\MOJ_Backend\vendor\codeigniter4\framework\system\Database\MigrationRunner.php(877): App\Database\Migrations\CreateUserProfilesTable->up()
#6 C:\Users\nidhi\OneDrive\Desktop\MOJ\MOJ_Backend\vendor\codeigniter4\framework\system\Database\MigrationRunner.php(188): CodeIgniter\Database\MigrationRunner->migrate('up', Object(stdClass))
#7 C:\Users\nidhi\OneDrive\Desktop\MOJ\MOJ_Backend\vendor\codeigniter4\framework\system\Commands\Database\Migrate.php(84): CodeIgniter\Database\MigrationRunner->latest(NULL)
#8 C:\Users\nidhi\OneDrive\Desktop\MOJ\MOJ_Backend\vendor\codeigniter4\framework\system\CLI\Commands.php(65): CodeIgniter\Commands\Database\Migrate->run(Array)
#9 C:\Users\nidhi\OneDrive\Desktop\MOJ\MOJ_Backend\vendor\codeigniter4\framework\system\CLI\Console.php(37): CodeIgniter\CLI\Commands->run('migrate', Array)
#10 C:\Users\nidhi\OneDrive\Desktop\MOJ\MOJ_Backend\spark(97): CodeIgniter\CLI\Console->run()
#11 {main}
