CRITICAL - 2024-05-02 06:04:38 --> Array to string conversion
in APPPATH/Controllers/resume.php on line 82.
 1 APPPATH/Controllers/resume.php(82): CodeIgniter\Debug\Exceptions->errorHandler()
 2 SYSTEMPATH/CodeIgniter.php(932): App\Controllers\resume->store()
 3 SYSTEMPATH/CodeIgniter.php(497): CodeIgniter\CodeIgniter->runController()
 4 SYSTEMPATH/CodeIgniter.php(366): CodeIgniter\CodeIgniter->handleRequest()
 5 FCPATH/index.php(67): CodeIgniter\CodeIgniter->run()
CRITICAL - 2024-05-02 06:19:26 --> Undefined array key "resume"
in APPPATH/Controllers/resume.php on line 78.
 1 APPPATH/Controllers/resume.php(78): CodeIgniter\Debug\Exceptions->errorHandler()
 2 SYSTEMPATH/CodeIgniter.php(932): App\Controllers\resume->store()
 3 SYSTEMPATH/CodeIgniter.php(497): CodeIgniter\CodeIgniter->runController()
 4 SYSTEMPATH/CodeIgniter.php(366): CodeIgniter\CodeIgniter->handleRequest()
 5 FCPATH/index.php(67): CodeIgniter\CodeIgniter->run()
CRITICAL - 2024-05-02 06:19:33 --> Undefined array key "resume"
in APPPATH/Controllers/resume.php on line 78.
 1 APPPATH/Controllers/resume.php(78): CodeIgniter\Debug\Exceptions->errorHandler()
 2 SYSTEMPATH/CodeIgniter.php(932): App\Controllers\resume->store()
 3 SYSTEMPATH/CodeIgniter.php(497): CodeIgniter\CodeIgniter->runController()
 4 SYSTEMPATH/CodeIgniter.php(366): CodeIgniter\CodeIgniter->handleRequest()
 5 FCPATH/index.php(67): CodeIgniter\CodeIgniter->run()
CRITICAL - 2024-05-02 06:22:04 --> Undefined array key "resume"
in APPPATH/Controllers/resume.php on line 78.
 1 APPPATH/Controllers/resume.php(78): CodeIgniter\Debug\Exceptions->errorHandler()
 2 SYSTEMPATH/CodeIgniter.php(932): App\Controllers\resume->store()
 3 SYSTEMPATH/CodeIgniter.php(497): CodeIgniter\CodeIgniter->runController()
 4 SYSTEMPATH/CodeIgniter.php(366): CodeIgniter\CodeIgniter->handleRequest()
 5 FCPATH/index.php(67): CodeIgniter\CodeIgniter->run()
CRITICAL - 2024-05-02 06:24:01 --> Undefined array key "resume"
in APPPATH/Controllers/resume.php on line 78.
 1 APPPATH/Controllers/resume.php(78): CodeIgniter\Debug\Exceptions->errorHandler()
 2 SYSTEMPATH/CodeIgniter.php(932): App\Controllers\resume->store()
 3 SYSTEMPATH/CodeIgniter.php(497): CodeIgniter\CodeIgniter->runController()
 4 SYSTEMPATH/CodeIgniter.php(366): CodeIgniter\CodeIgniter->handleRequest()
 5 FCPATH/index.php(67): CodeIgniter\CodeIgniter->run()
CRITICAL - 2024-05-02 06:39:17 --> unlink(): http does not allow unlinking
in APPPATH/Controllers/resume.php on line 93.
 1 [internal function]: CodeIgniter\Debug\Exceptions->errorHandler()
 2 APPPATH/Controllers/resume.php(93): unlink()
 3 SYSTEMPATH/CodeIgniter.php(932): App\Controllers\resume->store()
 4 SYSTEMPATH/CodeIgniter.php(497): CodeIgniter\CodeIgniter->runController()
 5 SYSTEMPATH/CodeIgniter.php(366): CodeIgniter\CodeIgniter->handleRequest()
 6 FCPATH/index.php(67): CodeIgniter\CodeIgniter->run()
CRITICAL - 2024-05-02 06:50:40 --> rename(/home/webuser/web/dashboard.masterofjobs.in/public_html/writable/uploads/1714632640_d91781330d3344feac75.pdf,/home/webuser/web/dashboard.masterofjobs.in/public_html/writable/uploads/27-resume/1714632640_d91781330d3344feac75.pdf): No such file or directory
in APPPATH/Controllers/resume.php on line 113.
 1 [internal function]: CodeIgniter\Debug\Exceptions->errorHandler()
 2 APPPATH/Controllers/resume.php(113): rename()
 3 SYSTEMPATH/CodeIgniter.php(932): App\Controllers\resume->store()
 4 SYSTEMPATH/CodeIgniter.php(497): CodeIgniter\CodeIgniter->runController()
 5 SYSTEMPATH/CodeIgniter.php(366): CodeIgniter\CodeIgniter->handleRequest()
 6 FCPATH/index.php(67): CodeIgniter\CodeIgniter->run()
CRITICAL - 2024-05-02 06:53:22 --> rename(/home/webuser/web/dashboard.masterofjobs.in/public_html/writable/uploads/1714632802_d7234ee7e8f8b25b1446.pdf,/home/webuser/web/dashboard.masterofjobs.in/public_html/writable/uploads/27-resume/1714632802_d7234ee7e8f8b25b1446.pdf): No such file or directory
in APPPATH/Controllers/resume.php on line 100.
 1 [internal function]: CodeIgniter\Debug\Exceptions->errorHandler()
 2 APPPATH/Controllers/resume.php(100): rename()
 3 SYSTEMPATH/CodeIgniter.php(932): App\Controllers\resume->store()
 4 SYSTEMPATH/CodeIgniter.php(497): CodeIgniter\CodeIgniter->runController()
 5 SYSTEMPATH/CodeIgniter.php(366): CodeIgniter\CodeIgniter->handleRequest()
 6 FCPATH/index.php(67): CodeIgniter\CodeIgniter->run()
CRITICAL - 2024-05-02 06:54:38 --> rename(/home/webuser/web/dashboard.masterofjobs.in/public_html/writable/uploads/1714632878_727c037405b04e5cd810.pdf,/home/webuser/web/dashboard.masterofjobs.in/public_html/writable/uploads/27-resume/1714632878_727c037405b04e5cd810.pdf): No such file or directory
in APPPATH/Controllers/resume.php on line 100.
 1 [internal function]: CodeIgniter\Debug\Exceptions->errorHandler()
 2 APPPATH/Controllers/resume.php(100): rename()
 3 SYSTEMPATH/CodeIgniter.php(932): App\Controllers\resume->store()
 4 SYSTEMPATH/CodeIgniter.php(497): CodeIgniter\CodeIgniter->runController()
 5 SYSTEMPATH/CodeIgniter.php(366): CodeIgniter\CodeIgniter->handleRequest()
 6 FCPATH/index.php(67): CodeIgniter\CodeIgniter->run()
CRITICAL - 2024-05-02 15:47:30 --> Undefined variable $json_user
in APPPATH/Views/user_list.php on line 256.
 1 APPPATH/Views/user_list.php(256): CodeIgniter\Debug\Exceptions->errorHandler()
 2 SYSTEMPATH/View/View.php(224): include('/home/webuser/web/dashboard.masterofjobs.in/public_html/app/Views/user_list.php')
 3 SYSTEMPATH/View/View.php(227): CodeIgniter\View\View->CodeIgniter\View\{closure}()
 4 SYSTEMPATH/Common.php(1180): CodeIgniter\View\View->render()
 5 APPPATH/Controllers/Home.php(114): view()
 6 SYSTEMPATH/CodeIgniter.php(932): App\Controllers\Home->user_list()
 7 SYSTEMPATH/CodeIgniter.php(497): CodeIgniter\CodeIgniter->runController()
 8 SYSTEMPATH/CodeIgniter.php(366): CodeIgniter\CodeIgniter->handleRequest()
 9 FCPATH/index.php(67): CodeIgniter\CodeIgniter->run()
CRITICAL - 2024-05-02 15:58:59 --> Undefined variable $json_user
in APPPATH/Views/user_list.php on line 256.
 1 APPPATH/Views/user_list.php(256): CodeIgniter\Debug\Exceptions->errorHandler()
 2 SYSTEMPATH/View/View.php(224): include('/home/webuser/web/dashboard.masterofjobs.in/public_html/app/Views/user_list.php')
 3 SYSTEMPATH/View/View.php(227): CodeIgniter\View\View->CodeIgniter\View\{closure}()
 4 SYSTEMPATH/Common.php(1180): CodeIgniter\View\View->render()
 5 APPPATH/Controllers/Home.php(114): view()
 6 SYSTEMPATH/CodeIgniter.php(932): App\Controllers\Home->user_list()
 7 SYSTEMPATH/CodeIgniter.php(497): CodeIgniter\CodeIgniter->runController()
 8 SYSTEMPATH/CodeIgniter.php(366): CodeIgniter\CodeIgniter->handleRequest()
 9 FCPATH/index.php(67): CodeIgniter\CodeIgniter->run()
CRITICAL - 2024-05-02 15:59:08 --> Undefined variable $json_user
in APPPATH/Views/user_list.php on line 256.
 1 APPPATH/Views/user_list.php(256): CodeIgniter\Debug\Exceptions->errorHandler()
 2 SYSTEMPATH/View/View.php(224): include('/home/webuser/web/dashboard.masterofjobs.in/public_html/app/Views/user_list.php')
 3 SYSTEMPATH/View/View.php(227): CodeIgniter\View\View->CodeIgniter\View\{closure}()
 4 SYSTEMPATH/Common.php(1180): CodeIgniter\View\View->render()
 5 APPPATH/Controllers/Home.php(114): view()
 6 SYSTEMPATH/CodeIgniter.php(932): App\Controllers\Home->user_list()
 7 SYSTEMPATH/CodeIgniter.php(497): CodeIgniter\CodeIgniter->runController()
 8 SYSTEMPATH/CodeIgniter.php(366): CodeIgniter\CodeIgniter->handleRequest()
 9 FCPATH/index.php(67): CodeIgniter\CodeIgniter->run()
CRITICAL - 2024-05-02 16:18:44 --> Undefined variable $json_user
in APPPATH/Views/user_list.php on line 256.
 1 APPPATH/Views/user_list.php(256): CodeIgniter\Debug\Exceptions->errorHandler()
 2 SYSTEMPATH/View/View.php(224): include('/home/webuser/web/dashboard.masterofjobs.in/public_html/app/Views/user_list.php')
 3 SYSTEMPATH/View/View.php(227): CodeIgniter\View\View->CodeIgniter\View\{closure}()
 4 SYSTEMPATH/Common.php(1180): CodeIgniter\View\View->render()
 5 APPPATH/Controllers/Home.php(114): view()
 6 SYSTEMPATH/CodeIgniter.php(932): App\Controllers\Home->user_list()
 7 SYSTEMPATH/CodeIgniter.php(497): CodeIgniter\CodeIgniter->runController()
 8 SYSTEMPATH/CodeIgniter.php(366): CodeIgniter\CodeIgniter->handleRequest()
 9 FCPATH/index.php(67): CodeIgniter\CodeIgniter->run()
CRITICAL - 2024-05-02 16:19:01 --> Undefined variable $json_user
in APPPATH/Views/user_list.php on line 256.
 1 APPPATH/Views/user_list.php(256): CodeIgniter\Debug\Exceptions->errorHandler()
 2 SYSTEMPATH/View/View.php(224): include('/home/webuser/web/dashboard.masterofjobs.in/public_html/app/Views/user_list.php')
 3 SYSTEMPATH/View/View.php(227): CodeIgniter\View\View->CodeIgniter\View\{closure}()
 4 SYSTEMPATH/Common.php(1180): CodeIgniter\View\View->render()
 5 APPPATH/Controllers/Home.php(114): view()
 6 SYSTEMPATH/CodeIgniter.php(932): App\Controllers\Home->user_list()
 7 SYSTEMPATH/CodeIgniter.php(497): CodeIgniter\CodeIgniter->runController()
 8 SYSTEMPATH/CodeIgniter.php(366): CodeIgniter\CodeIgniter->handleRequest()
 9 FCPATH/index.php(67): CodeIgniter\CodeIgniter->run()
CRITICAL - 2024-05-02 16:19:08 --> Undefined variable $json_user
in APPPATH/Views/user_list.php on line 256.
 1 APPPATH/Views/user_list.php(256): CodeIgniter\Debug\Exceptions->errorHandler()
 2 SYSTEMPATH/View/View.php(224): include('/home/webuser/web/dashboard.masterofjobs.in/public_html/app/Views/user_list.php')
 3 SYSTEMPATH/View/View.php(227): CodeIgniter\View\View->CodeIgniter\View\{closure}()
 4 SYSTEMPATH/Common.php(1180): CodeIgniter\View\View->render()
 5 APPPATH/Controllers/Home.php(114): view()
 6 SYSTEMPATH/CodeIgniter.php(932): App\Controllers\Home->user_list()
 7 SYSTEMPATH/CodeIgniter.php(497): CodeIgniter\CodeIgniter->runController()
 8 SYSTEMPATH/CodeIgniter.php(366): CodeIgniter\CodeIgniter->handleRequest()
 9 FCPATH/index.php(67): CodeIgniter\CodeIgniter->run()
CRITICAL - 2024-05-02 16:19:11 --> Undefined variable $json_user
in APPPATH/Views/user_list.php on line 256.
 1 APPPATH/Views/user_list.php(256): CodeIgniter\Debug\Exceptions->errorHandler()
 2 SYSTEMPATH/View/View.php(224): include('/home/webuser/web/dashboard.masterofjobs.in/public_html/app/Views/user_list.php')
 3 SYSTEMPATH/View/View.php(227): CodeIgniter\View\View->CodeIgniter\View\{closure}()
 4 SYSTEMPATH/Common.php(1180): CodeIgniter\View\View->render()
 5 APPPATH/Controllers/Home.php(114): view()
 6 SYSTEMPATH/CodeIgniter.php(932): App\Controllers\Home->user_list()
 7 SYSTEMPATH/CodeIgniter.php(497): CodeIgniter\CodeIgniter->runController()
 8 SYSTEMPATH/CodeIgniter.php(366): CodeIgniter\CodeIgniter->handleRequest()
 9 FCPATH/index.php(67): CodeIgniter\CodeIgniter->run()
CRITICAL - 2024-05-02 16:19:13 --> Undefined variable $json_user
in APPPATH/Views/user_list.php on line 256.
 1 APPPATH/Views/user_list.php(256): CodeIgniter\Debug\Exceptions->errorHandler()
 2 SYSTEMPATH/View/View.php(224): include('/home/webuser/web/dashboard.masterofjobs.in/public_html/app/Views/user_list.php')
 3 SYSTEMPATH/View/View.php(227): CodeIgniter\View\View->CodeIgniter\View\{closure}()
 4 SYSTEMPATH/Common.php(1180): CodeIgniter\View\View->render()
 5 APPPATH/Controllers/Home.php(114): view()
 6 SYSTEMPATH/CodeIgniter.php(932): App\Controllers\Home->user_list()
 7 SYSTEMPATH/CodeIgniter.php(497): CodeIgniter\CodeIgniter->runController()
 8 SYSTEMPATH/CodeIgniter.php(366): CodeIgniter\CodeIgniter->handleRequest()
 9 FCPATH/index.php(67): CodeIgniter\CodeIgniter->run()
CRITICAL - 2024-05-02 16:19:16 --> Undefined variable $json_user
in APPPATH/Views/user_list.php on line 256.
 1 APPPATH/Views/user_list.php(256): CodeIgniter\Debug\Exceptions->errorHandler()
 2 SYSTEMPATH/View/View.php(224): include('/home/webuser/web/dashboard.masterofjobs.in/public_html/app/Views/user_list.php')
 3 SYSTEMPATH/View/View.php(227): CodeIgniter\View\View->CodeIgniter\View\{closure}()
 4 SYSTEMPATH/Common.php(1180): CodeIgniter\View\View->render()
 5 APPPATH/Controllers/Home.php(114): view()
 6 SYSTEMPATH/CodeIgniter.php(932): App\Controllers\Home->user_list()
 7 SYSTEMPATH/CodeIgniter.php(497): CodeIgniter\CodeIgniter->runController()
 8 SYSTEMPATH/CodeIgniter.php(366): CodeIgniter\CodeIgniter->handleRequest()
 9 FCPATH/index.php(67): CodeIgniter\CodeIgniter->run()
CRITICAL - 2024-05-02 16:19:20 --> Undefined variable $json_user
in APPPATH/Views/user_list.php on line 256.
 1 APPPATH/Views/user_list.php(256): CodeIgniter\Debug\Exceptions->errorHandler()
 2 SYSTEMPATH/View/View.php(224): include('/home/webuser/web/dashboard.masterofjobs.in/public_html/app/Views/user_list.php')
 3 SYSTEMPATH/View/View.php(227): CodeIgniter\View\View->CodeIgniter\View\{closure}()
 4 SYSTEMPATH/Common.php(1180): CodeIgniter\View\View->render()
 5 APPPATH/Controllers/Home.php(114): view()
 6 SYSTEMPATH/CodeIgniter.php(932): App\Controllers\Home->user_list()
 7 SYSTEMPATH/CodeIgniter.php(497): CodeIgniter\CodeIgniter->runController()
 8 SYSTEMPATH/CodeIgniter.php(366): CodeIgniter\CodeIgniter->handleRequest()
 9 FCPATH/index.php(67): CodeIgniter\CodeIgniter->run()
CRITICAL - 2024-05-02 16:19:25 --> Undefined variable $json_user
in APPPATH/Views/user_list.php on line 256.
 1 APPPATH/Views/user_list.php(256): CodeIgniter\Debug\Exceptions->errorHandler()
 2 SYSTEMPATH/View/View.php(224): include('/home/webuser/web/dashboard.masterofjobs.in/public_html/app/Views/user_list.php')
 3 SYSTEMPATH/View/View.php(227): CodeIgniter\View\View->CodeIgniter\View\{closure}()
 4 SYSTEMPATH/Common.php(1180): CodeIgniter\View\View->render()
 5 APPPATH/Controllers/Home.php(114): view()
 6 SYSTEMPATH/CodeIgniter.php(932): App\Controllers\Home->user_list()
 7 SYSTEMPATH/CodeIgniter.php(497): CodeIgniter\CodeIgniter->runController()
 8 SYSTEMPATH/CodeIgniter.php(366): CodeIgniter\CodeIgniter->handleRequest()
 9 FCPATH/index.php(67): CodeIgniter\CodeIgniter->run()
CRITICAL - 2024-05-02 16:19:38 --> Undefined variable $json_user
in APPPATH/Views/user_list.php on line 256.
 1 APPPATH/Views/user_list.php(256): CodeIgniter\Debug\Exceptions->errorHandler()
 2 SYSTEMPATH/View/View.php(224): include('/home/webuser/web/dashboard.masterofjobs.in/public_html/app/Views/user_list.php')
 3 SYSTEMPATH/View/View.php(227): CodeIgniter\View\View->CodeIgniter\View\{closure}()
 4 SYSTEMPATH/Common.php(1180): CodeIgniter\View\View->render()
 5 APPPATH/Controllers/Home.php(114): view()
 6 SYSTEMPATH/CodeIgniter.php(932): App\Controllers\Home->user_list()
 7 SYSTEMPATH/CodeIgniter.php(497): CodeIgniter\CodeIgniter->runController()
 8 SYSTEMPATH/CodeIgniter.php(366): CodeIgniter\CodeIgniter->handleRequest()
 9 FCPATH/index.php(67): CodeIgniter\CodeIgniter->run()
CRITICAL - 2024-05-02 16:20:30 --> Undefined variable $json_user
in APPPATH/Views/user_list.php on line 256.
 1 APPPATH/Views/user_list.php(256): CodeIgniter\Debug\Exceptions->errorHandler()
 2 SYSTEMPATH/View/View.php(224): include('/home/webuser/web/dashboard.masterofjobs.in/public_html/app/Views/user_list.php')
 3 SYSTEMPATH/View/View.php(227): CodeIgniter\View\View->CodeIgniter\View\{closure}()
 4 SYSTEMPATH/Common.php(1180): CodeIgniter\View\View->render()
 5 APPPATH/Controllers/Home.php(114): view()
 6 SYSTEMPATH/CodeIgniter.php(932): App\Controllers\Home->user_list()
 7 SYSTEMPATH/CodeIgniter.php(497): CodeIgniter\CodeIgniter->runController()
 8 SYSTEMPATH/CodeIgniter.php(366): CodeIgniter\CodeIgniter->handleRequest()
 9 FCPATH/index.php(67): CodeIgniter\CodeIgniter->run()
