CRITICAL - 2023-12-18 19:47:22 --> Undefined array key "g_id"
in APPPATH/Views/welcome_message.php on line 301.
 1 APPPATH/Views/welcome_message.php(301): CodeIgniter\Debug\Exceptions->errorHandler(2, 'Undefined array key "g_id"', '/home4/maala7ea/app/app/Views/welcome_message.php', 301)
 2 SYSTEMPATH/View/View.php(224): include('/home4/maala7ea/app/app/Views/welcome_message.php')
 3 SYSTEMPATH/View/View.php(227): CodeIgniter\View\View->CodeIgniter\View\{closure}()
 4 SYSTEMPATH/Common.php(1176): CodeIgniter\View\View->render('welcome_message', [], true)
 5 APPPATH/Controllers/Home.php(103): view('welcome_message', [...])
 6 SYSTEMPATH/CodeIgniter.php(932): App\Controllers\Home->index()
 7 SYSTEMPATH/CodeIgniter.php(497): CodeIgniter\CodeIgniter->runController(Object(App\Controllers\Home))
 8 SYSTEMPATH/CodeIgniter.php(366): CodeIgniter\CodeIgniter->handleRequest(null, Object(Config\Cache), false)
 9 FCPATH/index.php(73): CodeIgniter\CodeIgniter->run()
CRITICAL - 2023-12-18 18:38:36 --> Result does not exist for specified id
in APPPATH/Models/ResultModel.php on line 206.
 1 APPPATH/Controllers/Chart.php(108): App\Models\ResultModel->findGByIdA('18')
 2 SYSTEMPATH/CodeIgniter.php(932): App\Controllers\Chart->index1('18')
 3 SYSTEMPATH/CodeIgniter.php(497): CodeIgniter\CodeIgniter->runController(Object(App\Controllers\Chart))
 4 SYSTEMPATH/CodeIgniter.php(366): CodeIgniter\CodeIgniter->handleRequest(null, Object(Config\Cache), false)
 5 FCPATH/index.php(73): CodeIgniter\CodeIgniter->run()
CRITICAL - 2023-12-18 19:36:21 --> Result does not exist for specified id
in APPPATH/Models/ResultModel.php on line 206.
 1 APPPATH/Controllers/Chart.php(108): App\Models\ResultModel->findGByIdA('14')
 2 SYSTEMPATH/CodeIgniter.php(932): App\Controllers\Chart->index1('14')
 3 SYSTEMPATH/CodeIgniter.php(497): CodeIgniter\CodeIgniter->runController(Object(App\Controllers\Chart))
 4 SYSTEMPATH/CodeIgniter.php(366): CodeIgniter\CodeIgniter->handleRequest(null, Object(Config\Cache), false)
 5 FCPATH/index.php(73): CodeIgniter\CodeIgniter->run()
CRITICAL - 2023-12-18 20:54:36 --> Result does not exist for specified id
in APPPATH/Models/ResultModel.php on line 206.
 1 APPPATH/Controllers/Chart.php(108): App\Models\ResultModel->findGByIdA('3')
 2 SYSTEMPATH/CodeIgniter.php(932): App\Controllers\Chart->index1('3')
 3 SYSTEMPATH/CodeIgniter.php(497): CodeIgniter\CodeIgniter->runController(Object(App\Controllers\Chart))
 4 SYSTEMPATH/CodeIgniter.php(366): CodeIgniter\CodeIgniter->handleRequest(null, Object(Config\Cache), false)
 5 FCPATH/index.php(73): CodeIgniter\CodeIgniter->run()
CRITICAL - 2023-12-18 22:12:52 --> Result does not exist for specified id
in APPPATH/Models/ResultModel.php on line 206.
 1 APPPATH/Controllers/Chart.php(108): App\Models\ResultModel->findGByIdA('4')
 2 SYSTEMPATH/CodeIgniter.php(932): App\Controllers\Chart->index1('4')
 3 SYSTEMPATH/CodeIgniter.php(497): CodeIgniter\CodeIgniter->runController(Object(App\Controllers\Chart))
 4 SYSTEMPATH/CodeIgniter.php(366): CodeIgniter\CodeIgniter->handleRequest(null, Object(Config\Cache), false)
 5 FCPATH/index.php(73): CodeIgniter\CodeIgniter->run()
CRITICAL - 2023-12-18 23:22:06 --> Result does not exist for specified id
in APPPATH/Models/ResultModel.php on line 206.
 1 APPPATH/Controllers/Chart.php(108): App\Models\ResultModel->findGByIdA('16')
 2 SYSTEMPATH/CodeIgniter.php(932): App\Controllers\Chart->index1('16')
 3 SYSTEMPATH/CodeIgniter.php(497): CodeIgniter\CodeIgniter->runController(Object(App\Controllers\Chart))
 4 SYSTEMPATH/CodeIgniter.php(366): CodeIgniter\CodeIgniter->handleRequest(null, Object(Config\Cache), false)
 5 FCPATH/index.php(73): CodeIgniter\CodeIgniter->run()
