CRITICAL - 2023-08-21 14:36:48 --> Undefined array key "Open_Panna"
in APPPATH\Controllers\Result.php on line 133.
 1 APPPATH\Controllers\Result.php(133): CodeIgniter\Debug\Exceptions->errorHandler(2, 'Undefined array key "Open_Panna"', 'C:\\Users\\com\\Desktop\\ml_back\\app\\Controllers\\Result.php', 133)
 2 SYSTEMPATH\CodeIgniter.php(932): App\Controllers\Result->by_g_id('5')
 3 SYSTEMPATH\CodeIgniter.php(497): CodeIgniter\CodeIgniter->runController(Object(App\Controllers\Result))
 4 SYSTEMPATH\CodeIgniter.php(366): CodeIgniter\CodeIgniter->handleRequest(null, Object(Config\Cache), false)
 5 FCPATH\index.php(73): CodeIgniter\CodeIgniter->run()
 6 SYSTEMPATH\Commands\Server\rewrite.php(47): require_once('C:\\Users\\com\\Desktop\\ml_back\\public\\index.php')
CRITICAL - 2023-08-21 14:38:04 --> Undefined array key "Open_Panna"
in APPPATH\Controllers\Result.php on line 133.
 1 APPPATH\Controllers\Result.php(133): CodeIgniter\Debug\Exceptions->errorHandler(2, 'Undefined array key "Open_Panna"', 'C:\\Users\\com\\Desktop\\ml_back\\app\\Controllers\\Result.php', 133)
 2 SYSTEMPATH\CodeIgniter.php(932): App\Controllers\Result->by_g_id('1')
 3 SYSTEMPATH\CodeIgniter.php(497): CodeIgniter\CodeIgniter->runController(Object(App\Controllers\Result))
 4 SYSTEMPATH\CodeIgniter.php(366): CodeIgniter\CodeIgniter->handleRequest(null, Object(Config\Cache), false)
 5 FCPATH\index.php(73): CodeIgniter\CodeIgniter->run()
 6 SYSTEMPATH\Commands\Server\rewrite.php(47): require_once('C:\\Users\\com\\Desktop\\ml_back\\public\\index.php')
CRITICAL - 2023-08-21 14:38:10 --> Undefined array key "Open_Panna"
in APPPATH\Controllers\Result.php on line 133.
 1 APPPATH\Controllers\Result.php(133): CodeIgniter\Debug\Exceptions->errorHandler(2, 'Undefined array key "Open_Panna"', 'C:\\Users\\com\\Desktop\\ml_back\\app\\Controllers\\Result.php', 133)
 2 SYSTEMPATH\CodeIgniter.php(932): App\Controllers\Result->by_g_id('5')
 3 SYSTEMPATH\CodeIgniter.php(497): CodeIgniter\CodeIgniter->runController(Object(App\Controllers\Result))
 4 SYSTEMPATH\CodeIgniter.php(366): CodeIgniter\CodeIgniter->handleRequest(null, Object(Config\Cache), false)
 5 FCPATH\index.php(73): CodeIgniter\CodeIgniter->run()
 6 SYSTEMPATH\Commands\Server\rewrite.php(47): require_once('C:\\Users\\com\\Desktop\\ml_back\\public\\index.php')
CRITICAL - 2023-08-21 09:13:39 --> Undefined array key "Open_Panna"
in APPPATH\Controllers\Result.php on line 127.
 1 APPPATH\Controllers\Result.php(127): CodeIgniter\Debug\Exceptions->errorHandler(2, 'Undefined array key "Open_Panna"', 'C:\\Users\\com\\Desktop\\ml_back\\app\\Controllers\\Result.php', 127)
 2 SYSTEMPATH\CodeIgniter.php(932): App\Controllers\Result->by_g_id('5')
 3 SYSTEMPATH\CodeIgniter.php(497): CodeIgniter\CodeIgniter->runController(Object(App\Controllers\Result))
 4 SYSTEMPATH\CodeIgniter.php(366): CodeIgniter\CodeIgniter->handleRequest(null, Object(Config\Cache), false)
 5 FCPATH\index.php(73): CodeIgniter\CodeIgniter->run()
 6 SYSTEMPATH\Commands\Server\rewrite.php(47): require_once('C:\\Users\\com\\Desktop\\ml_back\\public\\index.php')
CRITICAL - 2023-08-21 09:14:02 --> Undefined array key "Open_Panna"
in APPPATH\Controllers\Result.php on line 127.
 1 APPPATH\Controllers\Result.php(127): CodeIgniter\Debug\Exceptions->errorHandler(2, 'Undefined array key "Open_Panna"', 'C:\\Users\\com\\Desktop\\ml_back\\app\\Controllers\\Result.php', 127)
 2 SYSTEMPATH\CodeIgniter.php(932): App\Controllers\Result->by_g_id('5')
 3 SYSTEMPATH\CodeIgniter.php(497): CodeIgniter\CodeIgniter->runController(Object(App\Controllers\Result))
 4 SYSTEMPATH\CodeIgniter.php(366): CodeIgniter\CodeIgniter->handleRequest(null, Object(Config\Cache), false)
 5 FCPATH\index.php(73): CodeIgniter\CodeIgniter->run()
 6 SYSTEMPATH\Commands\Server\rewrite.php(47): require_once('C:\\Users\\com\\Desktop\\ml_back\\public\\index.php')
CRITICAL - 2023-08-21 09:16:05 --> Undefined array key "Open_Panna"
in APPPATH\Controllers\Result.php on line 127.
 1 APPPATH\Controllers\Result.php(127): CodeIgniter\Debug\Exceptions->errorHandler(2, 'Undefined array key "Open_Panna"', 'C:\\Users\\com\\Desktop\\ml_back\\app\\Controllers\\Result.php', 127)
 2 SYSTEMPATH\CodeIgniter.php(932): App\Controllers\Result->by_g_id('5')
 3 SYSTEMPATH\CodeIgniter.php(497): CodeIgniter\CodeIgniter->runController(Object(App\Controllers\Result))
 4 SYSTEMPATH\CodeIgniter.php(366): CodeIgniter\CodeIgniter->handleRequest(null, Object(Config\Cache), false)
 5 FCPATH\index.php(73): CodeIgniter\CodeIgniter->run()
 6 SYSTEMPATH\Commands\Server\rewrite.php(47): require_once('C:\\Users\\com\\Desktop\\ml_back\\public\\index.php')
CRITICAL - 2023-08-21 09:20:42 --> Undefined array key "Open_Panna"
in APPPATH\Controllers\Result.php on line 127.
 1 APPPATH\Controllers\Result.php(127): CodeIgniter\Debug\Exceptions->errorHandler(2, 'Undefined array key "Open_Panna"', 'C:\\Users\\com\\Desktop\\ml_back\\app\\Controllers\\Result.php', 127)
 2 SYSTEMPATH\CodeIgniter.php(932): App\Controllers\Result->by_g_id('5')
 3 SYSTEMPATH\CodeIgniter.php(497): CodeIgniter\CodeIgniter->runController(Object(App\Controllers\Result))
 4 SYSTEMPATH\CodeIgniter.php(366): CodeIgniter\CodeIgniter->handleRequest(null, Object(Config\Cache), false)
 5 FCPATH\index.php(73): CodeIgniter\CodeIgniter->run()
 6 SYSTEMPATH\Commands\Server\rewrite.php(47): require_once('C:\\Users\\com\\Desktop\\ml_back\\public\\index.php')
CRITICAL - 2023-08-21 09:20:47 --> Undefined array key "Open_Panna"
in APPPATH\Controllers\Result.php on line 127.
 1 APPPATH\Controllers\Result.php(127): CodeIgniter\Debug\Exceptions->errorHandler(2, 'Undefined array key "Open_Panna"', 'C:\\Users\\com\\Desktop\\ml_back\\app\\Controllers\\Result.php', 127)
 2 SYSTEMPATH\CodeIgniter.php(932): App\Controllers\Result->by_g_id('5')
 3 SYSTEMPATH\CodeIgniter.php(497): CodeIgniter\CodeIgniter->runController(Object(App\Controllers\Result))
 4 SYSTEMPATH\CodeIgniter.php(366): CodeIgniter\CodeIgniter->handleRequest(null, Object(Config\Cache), false)
 5 FCPATH\index.php(73): CodeIgniter\CodeIgniter->run()
 6 SYSTEMPATH\Commands\Server\rewrite.php(47): require_once('C:\\Users\\com\\Desktop\\ml_back\\public\\index.php')
CRITICAL - 2023-08-21 09:24:26 --> Undefined array key "Open_Panna"
in APPPATH\Controllers\Result.php on line 125.
 1 APPPATH\Controllers\Result.php(125): CodeIgniter\Debug\Exceptions->errorHandler(2, 'Undefined array key "Open_Panna"', 'C:\\Users\\com\\Desktop\\ml_back\\app\\Controllers\\Result.php', 125)
 2 SYSTEMPATH\CodeIgniter.php(932): App\Controllers\Result->by_g_id('5')
 3 SYSTEMPATH\CodeIgniter.php(497): CodeIgniter\CodeIgniter->runController(Object(App\Controllers\Result))
 4 SYSTEMPATH\CodeIgniter.php(366): CodeIgniter\CodeIgniter->handleRequest(null, Object(Config\Cache), false)
 5 FCPATH\index.php(73): CodeIgniter\CodeIgniter->run()
 6 SYSTEMPATH\Commands\Server\rewrite.php(47): require_once('C:\\Users\\com\\Desktop\\ml_back\\public\\index.php')
CRITICAL - 2023-08-21 09:25:43 --> Undefined array key "Open_Panna"
in APPPATH\Controllers\Result.php on line 125.
 1 APPPATH\Controllers\Result.php(125): CodeIgniter\Debug\Exceptions->errorHandler(2, 'Undefined array key "Open_Panna"', 'C:\\Users\\com\\Desktop\\ml_back\\app\\Controllers\\Result.php', 125)
 2 SYSTEMPATH\CodeIgniter.php(932): App\Controllers\Result->by_g_id('5')
 3 SYSTEMPATH\CodeIgniter.php(497): CodeIgniter\CodeIgniter->runController(Object(App\Controllers\Result))
 4 SYSTEMPATH\CodeIgniter.php(366): CodeIgniter\CodeIgniter->handleRequest(null, Object(Config\Cache), false)
 5 FCPATH\index.php(73): CodeIgniter\CodeIgniter->run()
 6 SYSTEMPATH\Commands\Server\rewrite.php(47): require_once('C:\\Users\\com\\Desktop\\ml_back\\public\\index.php')
CRITICAL - 2023-08-21 09:26:29 --> Undefined array key "Open_Panna"
in APPPATH\Controllers\Result.php on line 127.
 1 APPPATH\Controllers\Result.php(127): CodeIgniter\Debug\Exceptions->errorHandler(2, 'Undefined array key "Open_Panna"', 'C:\\Users\\com\\Desktop\\ml_back\\app\\Controllers\\Result.php', 127)
 2 SYSTEMPATH\CodeIgniter.php(932): App\Controllers\Result->by_g_id('5')
 3 SYSTEMPATH\CodeIgniter.php(497): CodeIgniter\CodeIgniter->runController(Object(App\Controllers\Result))
 4 SYSTEMPATH\CodeIgniter.php(366): CodeIgniter\CodeIgniter->handleRequest(null, Object(Config\Cache), false)
 5 FCPATH\index.php(73): CodeIgniter\CodeIgniter->run()
 6 SYSTEMPATH\Commands\Server\rewrite.php(47): require_once('C:\\Users\\com\\Desktop\\ml_back\\public\\index.php')
CRITICAL - 2023-08-21 09:27:35 --> Undefined array key "Open_Panna"
in APPPATH\Controllers\Result.php on line 127.
 1 APPPATH\Controllers\Result.php(127): CodeIgniter\Debug\Exceptions->errorHandler(2, 'Undefined array key "Open_Panna"', 'C:\\Users\\com\\Desktop\\ml_back\\app\\Controllers\\Result.php', 127)
 2 SYSTEMPATH\CodeIgniter.php(932): App\Controllers\Result->by_g_id('5')
 3 SYSTEMPATH\CodeIgniter.php(497): CodeIgniter\CodeIgniter->runController(Object(App\Controllers\Result))
 4 SYSTEMPATH\CodeIgniter.php(366): CodeIgniter\CodeIgniter->handleRequest(null, Object(Config\Cache), false)
 5 FCPATH\index.php(73): CodeIgniter\CodeIgniter->run()
 6 SYSTEMPATH\Commands\Server\rewrite.php(47): require_once('C:\\Users\\com\\Desktop\\ml_back\\public\\index.php')
CRITICAL - 2023-08-21 09:31:27 --> Undefined array key "Open_Panna"
in APPPATH\Controllers\Result.php on line 127.
 1 APPPATH\Controllers\Result.php(127): CodeIgniter\Debug\Exceptions->errorHandler(2, 'Undefined array key "Open_Panna"', 'C:\\Users\\com\\Desktop\\ml_back\\app\\Controllers\\Result.php', 127)
 2 SYSTEMPATH\CodeIgniter.php(932): App\Controllers\Result->by_g_id('5')
 3 SYSTEMPATH\CodeIgniter.php(497): CodeIgniter\CodeIgniter->runController(Object(App\Controllers\Result))
 4 SYSTEMPATH\CodeIgniter.php(366): CodeIgniter\CodeIgniter->handleRequest(null, Object(Config\Cache), false)
 5 FCPATH\index.php(73): CodeIgniter\CodeIgniter->run()
 6 SYSTEMPATH\Commands\Server\rewrite.php(47): require_once('C:\\Users\\com\\Desktop\\ml_back\\public\\index.php')
CRITICAL - 2023-08-21 09:31:52 --> Undefined array key "Open_Panna"
in APPPATH\Controllers\Result.php on line 127.
 1 APPPATH\Controllers\Result.php(127): CodeIgniter\Debug\Exceptions->errorHandler(2, 'Undefined array key "Open_Panna"', 'C:\\Users\\com\\Desktop\\ml_back\\app\\Controllers\\Result.php', 127)
 2 SYSTEMPATH\CodeIgniter.php(932): App\Controllers\Result->by_g_id('5')
 3 SYSTEMPATH\CodeIgniter.php(497): CodeIgniter\CodeIgniter->runController(Object(App\Controllers\Result))
 4 SYSTEMPATH\CodeIgniter.php(366): CodeIgniter\CodeIgniter->handleRequest(null, Object(Config\Cache), false)
 5 FCPATH\index.php(73): CodeIgniter\CodeIgniter->run()
 6 SYSTEMPATH\Commands\Server\rewrite.php(47): require_once('C:\\Users\\com\\Desktop\\ml_back\\public\\index.php')
CRITICAL - 2023-08-21 09:33:13 --> Undefined array key "Open_Panna"
in APPPATH\Controllers\Result.php on line 128.
 1 APPPATH\Controllers\Result.php(128): CodeIgniter\Debug\Exceptions->errorHandler(2, 'Undefined array key "Open_Panna"', 'C:\\Users\\com\\Desktop\\ml_back\\app\\Controllers\\Result.php', 128)
 2 SYSTEMPATH\CodeIgniter.php(932): App\Controllers\Result->by_g_id('5')
 3 SYSTEMPATH\CodeIgniter.php(497): CodeIgniter\CodeIgniter->runController(Object(App\Controllers\Result))
 4 SYSTEMPATH\CodeIgniter.php(366): CodeIgniter\CodeIgniter->handleRequest(null, Object(Config\Cache), false)
 5 FCPATH\index.php(73): CodeIgniter\CodeIgniter->run()
 6 SYSTEMPATH\Commands\Server\rewrite.php(47): require_once('C:\\Users\\com\\Desktop\\ml_back\\public\\index.php')
CRITICAL - 2023-08-21 09:36:16 --> Undefined array key "Open_Panna"
in APPPATH\Controllers\Result.php on line 128.
 1 APPPATH\Controllers\Result.php(128): CodeIgniter\Debug\Exceptions->errorHandler(2, 'Undefined array key "Open_Panna"', 'C:\\Users\\com\\Desktop\\ml_back\\app\\Controllers\\Result.php', 128)
 2 SYSTEMPATH\CodeIgniter.php(932): App\Controllers\Result->by_g_id('5')
 3 SYSTEMPATH\CodeIgniter.php(497): CodeIgniter\CodeIgniter->runController(Object(App\Controllers\Result))
 4 SYSTEMPATH\CodeIgniter.php(366): CodeIgniter\CodeIgniter->handleRequest(null, Object(Config\Cache), false)
 5 FCPATH\index.php(73): CodeIgniter\CodeIgniter->run()
 6 SYSTEMPATH\Commands\Server\rewrite.php(47): require_once('C:\\Users\\com\\Desktop\\ml_back\\public\\index.php')
CRITICAL - 2023-08-21 09:37:30 --> Undefined array key "Open_Panna"
in APPPATH\Controllers\Result.php on line 129.
 1 APPPATH\Controllers\Result.php(129): CodeIgniter\Debug\Exceptions->errorHandler(2, 'Undefined array key "Open_Panna"', 'C:\\Users\\com\\Desktop\\ml_back\\app\\Controllers\\Result.php', 129)
 2 SYSTEMPATH\CodeIgniter.php(932): App\Controllers\Result->by_g_id('5')
 3 SYSTEMPATH\CodeIgniter.php(497): CodeIgniter\CodeIgniter->runController(Object(App\Controllers\Result))
 4 SYSTEMPATH\CodeIgniter.php(366): CodeIgniter\CodeIgniter->handleRequest(null, Object(Config\Cache), false)
 5 FCPATH\index.php(73): CodeIgniter\CodeIgniter->run()
 6 SYSTEMPATH\Commands\Server\rewrite.php(47): require_once('C:\\Users\\com\\Desktop\\ml_back\\public\\index.php')
CRITICAL - 2023-08-21 09:41:44 --> Undefined array key "result_date"
in APPPATH\Controllers\Result.php on line 128.
 1 APPPATH\Controllers\Result.php(128): CodeIgniter\Debug\Exceptions->errorHandler(2, 'Undefined array key "result_date"', 'C:\\Users\\com\\Desktop\\ml_back\\app\\Controllers\\Result.php', 128)
 2 SYSTEMPATH\CodeIgniter.php(932): App\Controllers\Result->by_g_id('5')
 3 SYSTEMPATH\CodeIgniter.php(497): CodeIgniter\CodeIgniter->runController(Object(App\Controllers\Result))
 4 SYSTEMPATH\CodeIgniter.php(366): CodeIgniter\CodeIgniter->handleRequest(null, Object(Config\Cache), false)
 5 FCPATH\index.php(73): CodeIgniter\CodeIgniter->run()
 6 SYSTEMPATH\Commands\Server\rewrite.php(47): require_once('C:\\Users\\com\\Desktop\\ml_back\\public\\index.php')
CRITICAL - 2023-08-21 09:42:41 --> Undefined array key "Open_Panna"
in APPPATH\Controllers\Result.php on line 123.
 1 APPPATH\Controllers\Result.php(123): CodeIgniter\Debug\Exceptions->errorHandler(2, 'Undefined array key "Open_Panna"', 'C:\\Users\\com\\Desktop\\ml_back\\app\\Controllers\\Result.php', 123)
 2 SYSTEMPATH\CodeIgniter.php(932): App\Controllers\Result->by_g_id('5')
 3 SYSTEMPATH\CodeIgniter.php(497): CodeIgniter\CodeIgniter->runController(Object(App\Controllers\Result))
 4 SYSTEMPATH\CodeIgniter.php(366): CodeIgniter\CodeIgniter->handleRequest(null, Object(Config\Cache), false)
 5 FCPATH\index.php(73): CodeIgniter\CodeIgniter->run()
 6 SYSTEMPATH\Commands\Server\rewrite.php(47): require_once('C:\\Users\\com\\Desktop\\ml_back\\public\\index.php')
CRITICAL - 2023-08-21 09:43:29 --> Undefined array key "Open_Panna"
in APPPATH\Controllers\Result.php on line 125.
 1 APPPATH\Controllers\Result.php(125): CodeIgniter\Debug\Exceptions->errorHandler(2, 'Undefined array key "Open_Panna"', 'C:\\Users\\com\\Desktop\\ml_back\\app\\Controllers\\Result.php', 125)
 2 SYSTEMPATH\CodeIgniter.php(932): App\Controllers\Result->by_g_id('5')
 3 SYSTEMPATH\CodeIgniter.php(497): CodeIgniter\CodeIgniter->runController(Object(App\Controllers\Result))
 4 SYSTEMPATH\CodeIgniter.php(366): CodeIgniter\CodeIgniter->handleRequest(null, Object(Config\Cache), false)
 5 FCPATH\index.php(73): CodeIgniter\CodeIgniter->run()
 6 SYSTEMPATH\Commands\Server\rewrite.php(47): require_once('C:\\Users\\com\\Desktop\\ml_back\\public\\index.php')
CRITICAL - 2023-08-21 09:44:37 --> Undefined array key "Open_Panna"
in APPPATH\Controllers\Result.php on line 123.
 1 APPPATH\Controllers\Result.php(123): CodeIgniter\Debug\Exceptions->errorHandler(2, 'Undefined array key "Open_Panna"', 'C:\\Users\\com\\Desktop\\ml_back\\app\\Controllers\\Result.php', 123)
 2 SYSTEMPATH\CodeIgniter.php(932): App\Controllers\Result->by_g_id('5')
 3 SYSTEMPATH\CodeIgniter.php(497): CodeIgniter\CodeIgniter->runController(Object(App\Controllers\Result))
 4 SYSTEMPATH\CodeIgniter.php(366): CodeIgniter\CodeIgniter->handleRequest(null, Object(Config\Cache), false)
 5 FCPATH\index.php(73): CodeIgniter\CodeIgniter->run()
 6 SYSTEMPATH\Commands\Server\rewrite.php(47): require_once('C:\\Users\\com\\Desktop\\ml_back\\public\\index.php')
CRITICAL - 2023-08-21 09:44:54 --> Undefined array key "Open_Panna"
in APPPATH\Controllers\Result.php on line 125.
 1 APPPATH\Controllers\Result.php(125): CodeIgniter\Debug\Exceptions->errorHandler(2, 'Undefined array key "Open_Panna"', 'C:\\Users\\com\\Desktop\\ml_back\\app\\Controllers\\Result.php', 125)
 2 SYSTEMPATH\CodeIgniter.php(932): App\Controllers\Result->by_g_id('5')
 3 SYSTEMPATH\CodeIgniter.php(497): CodeIgniter\CodeIgniter->runController(Object(App\Controllers\Result))
 4 SYSTEMPATH\CodeIgniter.php(366): CodeIgniter\CodeIgniter->handleRequest(null, Object(Config\Cache), false)
 5 FCPATH\index.php(73): CodeIgniter\CodeIgniter->run()
 6 SYSTEMPATH\Commands\Server\rewrite.php(47): require_once('C:\\Users\\com\\Desktop\\ml_back\\public\\index.php')
CRITICAL - 2023-08-21 09:45:13 --> Undefined array key "Open_Panna"
in APPPATH\Controllers\Result.php on line 122.
 1 APPPATH\Controllers\Result.php(122): CodeIgniter\Debug\Exceptions->errorHandler(2, 'Undefined array key "Open_Panna"', 'C:\\Users\\com\\Desktop\\ml_back\\app\\Controllers\\Result.php', 122)
 2 SYSTEMPATH\CodeIgniter.php(932): App\Controllers\Result->by_g_id('5')
 3 SYSTEMPATH\CodeIgniter.php(497): CodeIgniter\CodeIgniter->runController(Object(App\Controllers\Result))
 4 SYSTEMPATH\CodeIgniter.php(366): CodeIgniter\CodeIgniter->handleRequest(null, Object(Config\Cache), false)
 5 FCPATH\index.php(73): CodeIgniter\CodeIgniter->run()
 6 SYSTEMPATH\Commands\Server\rewrite.php(47): require_once('C:\\Users\\com\\Desktop\\ml_back\\public\\index.php')
CRITICAL - 2023-08-21 09:45:25 --> Undefined array key "Open_Panna"
in APPPATH\Controllers\Result.php on line 122.
 1 APPPATH\Controllers\Result.php(122): CodeIgniter\Debug\Exceptions->errorHandler(2, 'Undefined array key "Open_Panna"', 'C:\\Users\\com\\Desktop\\ml_back\\app\\Controllers\\Result.php', 122)
 2 SYSTEMPATH\CodeIgniter.php(932): App\Controllers\Result->by_g_id('5')
 3 SYSTEMPATH\CodeIgniter.php(497): CodeIgniter\CodeIgniter->runController(Object(App\Controllers\Result))
 4 SYSTEMPATH\CodeIgniter.php(366): CodeIgniter\CodeIgniter->handleRequest(null, Object(Config\Cache), false)
 5 FCPATH\index.php(73): CodeIgniter\CodeIgniter->run()
 6 SYSTEMPATH\Commands\Server\rewrite.php(47): require_once('C:\\Users\\com\\Desktop\\ml_back\\public\\index.php')
CRITICAL - 2023-08-21 09:46:22 --> Undefined array key "Open_Panna"
in APPPATH\Controllers\Result.php on line 122.
 1 APPPATH\Controllers\Result.php(122): CodeIgniter\Debug\Exceptions->errorHandler(2, 'Undefined array key "Open_Panna"', 'C:\\Users\\com\\Desktop\\ml_back\\app\\Controllers\\Result.php', 122)
 2 SYSTEMPATH\CodeIgniter.php(932): App\Controllers\Result->by_g_id('5')
 3 SYSTEMPATH\CodeIgniter.php(497): CodeIgniter\CodeIgniter->runController(Object(App\Controllers\Result))
 4 SYSTEMPATH\CodeIgniter.php(366): CodeIgniter\CodeIgniter->handleRequest(null, Object(Config\Cache), false)
 5 FCPATH\index.php(73): CodeIgniter\CodeIgniter->run()
 6 SYSTEMPATH\Commands\Server\rewrite.php(47): require_once('C:\\Users\\com\\Desktop\\ml_back\\public\\index.php')
CRITICAL - 2023-08-21 09:46:50 --> Undefined array key "Open_Panna"
in APPPATH\Controllers\Result.php on line 122.
 1 APPPATH\Controllers\Result.php(122): CodeIgniter\Debug\Exceptions->errorHandler(2, 'Undefined array key "Open_Panna"', 'C:\\Users\\com\\Desktop\\ml_back\\app\\Controllers\\Result.php', 122)
 2 SYSTEMPATH\CodeIgniter.php(932): App\Controllers\Result->by_g_id('5')
 3 SYSTEMPATH\CodeIgniter.php(497): CodeIgniter\CodeIgniter->runController(Object(App\Controllers\Result))
 4 SYSTEMPATH\CodeIgniter.php(366): CodeIgniter\CodeIgniter->handleRequest(null, Object(Config\Cache), false)
 5 FCPATH\index.php(73): CodeIgniter\CodeIgniter->run()
 6 SYSTEMPATH\Commands\Server\rewrite.php(47): require_once('C:\\Users\\com\\Desktop\\ml_back\\public\\index.php')
CRITICAL - 2023-08-21 09:51:43 --> Result does not exist for specified id
in APPPATH\Models\ResultModel.php on line 190.
 1 APPPATH\Controllers\Result.php(120): App\Models\ResultModel->findGByIdA('4')
 2 SYSTEMPATH\CodeIgniter.php(932): App\Controllers\Result->by_g_id('4')
 3 SYSTEMPATH\CodeIgniter.php(497): CodeIgniter\CodeIgniter->runController(Object(App\Controllers\Result))
 4 SYSTEMPATH\CodeIgniter.php(366): CodeIgniter\CodeIgniter->handleRequest(null, Object(Config\Cache), false)
 5 FCPATH\index.php(73): CodeIgniter\CodeIgniter->run()
 6 SYSTEMPATH\Commands\Server\rewrite.php(47): require_once('C:\\Users\\com\\Desktop\\ml_back\\public\\index.php')
CRITICAL - 2023-08-21 09:52:06 --> Result does not exist for specified id
in APPPATH\Models\ResultModel.php on line 190.
 1 APPPATH\Controllers\Result.php(120): App\Models\ResultModel->findGByIdA('4')
 2 SYSTEMPATH\CodeIgniter.php(932): App\Controllers\Result->by_g_id('4')
 3 SYSTEMPATH\CodeIgniter.php(497): CodeIgniter\CodeIgniter->runController(Object(App\Controllers\Result))
 4 SYSTEMPATH\CodeIgniter.php(366): CodeIgniter\CodeIgniter->handleRequest(null, Object(Config\Cache), false)
 5 FCPATH\index.php(73): CodeIgniter\CodeIgniter->run()
 6 SYSTEMPATH\Commands\Server\rewrite.php(47): require_once('C:\\Users\\com\\Desktop\\ml_back\\public\\index.php')
