ERROR - 2023-08-12 13:05:18 --> Error connecting to the database: mysqli_sql_exception: No connection could be made because the target machine actively refused it in C:\Users\com\Desktop\ml_back\vendor\codeigniter4\framework\system\Database\MySQLi\Connection.php:174
Stack trace:
#0 C:\Users\com\Desktop\ml_back\vendor\codeigniter4\framework\system\Database\MySQLi\Connection.php(174): mysqli->real_connect('localhost', 'root', '', 'apis', 3306, '', 0)
#1 C:\Users\com\Desktop\ml_back\vendor\codeigniter4\framework\system\Database\BaseConnection.php(391): CodeIgniter\Database\MySQLi\Connection->connect(false)
#2 C:\Users\com\Desktop\ml_back\vendor\codeigniter4\framework\system\Database\BaseConnection.php(574): CodeIgniter\Database\BaseConnection->initialize()
#3 C:\Users\com\Desktop\ml_back\vendor\codeigniter4\framework\system\Database\BaseBuilder.php(1616): CodeIgniter\Database\BaseConnection->query('SELECT *\nFROM `...', Array, false)
#4 C:\Users\com\Desktop\ml_back\vendor\codeigniter4\framework\system\Model.php(268): CodeIgniter\Database\BaseBuilder->get()
#5 C:\Users\com\Desktop\ml_back\vendor\codeigniter4\framework\system\BaseModel.php(656): CodeIgniter\Model->doFirst()
#6 C:\Users\com\Desktop\ml_back\app\Models\UserModel.php(51): CodeIgniter\BaseModel->first()
#7 C:\Users\com\Desktop\ml_back\app\Controllers\BaseController.php(92): App\Models\UserModel->findUserByUserNumber('1234567890')
#8 C:\Users\com\Desktop\ml_back\app\Controllers\Auth.php(128): App\Controllers\BaseController->validateRequest(Array, Array, Array)
#9 C:\Users\com\Desktop\ml_back\vendor\codeigniter4\framework\system\CodeIgniter.php(932): App\Controllers\Auth->login()
#10 C:\Users\com\Desktop\ml_back\vendor\codeigniter4\framework\system\CodeIgniter.php(497): CodeIgniter\CodeIgniter->runController(Object(App\Controllers\Auth))
#11 C:\Users\com\Desktop\ml_back\vendor\codeigniter4\framework\system\CodeIgniter.php(366): CodeIgniter\CodeIgniter->handleRequest(NULL, Object(Config\Cache), false)
#12 C:\Users\com\Desktop\ml_back\public\index.php(73): CodeIgniter\CodeIgniter->run()
#13 C:\Users\com\Desktop\ml_back\vendor\codeigniter4\framework\system\Commands\Server\rewrite.php(47): require_once('C:\\Users\\com\\De...')
#14 {main}

Next CodeIgniter\Database\Exceptions\DatabaseException: No connection could be made because the target machine actively refused it in C:\Users\com\Desktop\ml_back\vendor\codeigniter4\framework\system\Database\MySQLi\Connection.php:218
Stack trace:
#0 C:\Users\com\Desktop\ml_back\vendor\codeigniter4\framework\system\Database\BaseConnection.php(391): CodeIgniter\Database\MySQLi\Connection->connect(false)
#1 C:\Users\com\Desktop\ml_back\vendor\codeigniter4\framework\system\Database\BaseConnection.php(574): CodeIgniter\Database\BaseConnection->initialize()
#2 C:\Users\com\Desktop\ml_back\vendor\codeigniter4\framework\system\Database\BaseBuilder.php(1616): CodeIgniter\Database\BaseConnection->query('SELECT *\nFROM `...', Array, false)
#3 C:\Users\com\Desktop\ml_back\vendor\codeigniter4\framework\system\Model.php(268): CodeIgniter\Database\BaseBuilder->get()
#4 C:\Users\com\Desktop\ml_back\vendor\codeigniter4\framework\system\BaseModel.php(656): CodeIgniter\Model->doFirst()
#5 C:\Users\com\Desktop\ml_back\app\Models\UserModel.php(51): CodeIgniter\BaseModel->first()
#6 C:\Users\com\Desktop\ml_back\app\Controllers\BaseController.php(92): App\Models\UserModel->findUserByUserNumber('1234567890')
#7 C:\Users\com\Desktop\ml_back\app\Controllers\Auth.php(128): App\Controllers\BaseController->validateRequest(Array, Array, Array)
#8 C:\Users\com\Desktop\ml_back\vendor\codeigniter4\framework\system\CodeIgniter.php(932): App\Controllers\Auth->login()
#9 C:\Users\com\Desktop\ml_back\vendor\codeigniter4\framework\system\CodeIgniter.php(497): CodeIgniter\CodeIgniter->runController(Object(App\Controllers\Auth))
#10 C:\Users\com\Desktop\ml_back\vendor\codeigniter4\framework\system\CodeIgniter.php(366): CodeIgniter\CodeIgniter->handleRequest(NULL, Object(Config\Cache), false)
#11 C:\Users\com\Desktop\ml_back\public\index.php(73): CodeIgniter\CodeIgniter->run()
#12 C:\Users\com\Desktop\ml_back\vendor\codeigniter4\framework\system\Commands\Server\rewrite.php(47): require_once('C:\\Users\\com\\De...')
#13 {main}
CRITICAL - 2023-08-12 13:05:18 --> Unable to connect to the database.
Main connection [MySQLi]: No connection could be made because the target machine actively refused it
in SYSTEMPATH\Database\BaseConnection.php on line 427.
 1 SYSTEMPATH\Database\BaseConnection.php(574): CodeIgniter\Database\BaseConnection->initialize()
 2 SYSTEMPATH\Database\BaseBuilder.php(1616): CodeIgniter\Database\BaseConnection->query('SELECT *
FROM `user_log`
WHERE `user_number` = :user_number:
 LIMIT 1', [...], false)
 3 SYSTEMPATH\Model.php(268): CodeIgniter\Database\BaseBuilder->get()
 4 SYSTEMPATH\BaseModel.php(656): CodeIgniter\Model->doFirst()
 5 APPPATH\Models\UserModel.php(51): CodeIgniter\BaseModel->first()
 6 APPPATH\Controllers\BaseController.php(92): App\Models\UserModel->findUserByUserNumber('1234567890')
 7 APPPATH\Controllers\Auth.php(128): App\Controllers\BaseController->validateRequest([...], [...], [...])
 8 SYSTEMPATH\CodeIgniter.php(932): App\Controllers\Auth->login()
 9 SYSTEMPATH\CodeIgniter.php(497): CodeIgniter\CodeIgniter->runController(Object(App\Controllers\Auth))
10 SYSTEMPATH\CodeIgniter.php(366): CodeIgniter\CodeIgniter->handleRequest(null, Object(Config\Cache), false)
11 FCPATH\index.php(73): CodeIgniter\CodeIgniter->run()
12 SYSTEMPATH\Commands\Server\rewrite.php(47): require_once('C:\\Users\\com\\Desktop\\ml_back\\public\\index.php')
CRITICAL - 2023-08-12 18:54:28 --> Trying to access array offset on value of type null
in APPPATH\Controllers\Bid.php on line 47.
 1 APPPATH\Controllers\Bid.php(47): CodeIgniter\Debug\Exceptions->errorHandler(2, 'Trying to access array offset on value of type null', 'C:\\Users\\com\\Desktop\\ml_back\\app\\Controllers\\Bid.php', 47)
 2 SYSTEMPATH\CodeIgniter.php(932): App\Controllers\Bid->store()
 3 SYSTEMPATH\CodeIgniter.php(497): CodeIgniter\CodeIgniter->runController(Object(App\Controllers\Bid))
 4 SYSTEMPATH\CodeIgniter.php(366): CodeIgniter\CodeIgniter->handleRequest(null, Object(Config\Cache), false)
 5 FCPATH\index.php(73): CodeIgniter\CodeIgniter->run()
 6 SYSTEMPATH\Commands\Server\rewrite.php(47): require_once('C:\\Users\\com\\Desktop\\ml_back\\public\\index.php')
CRITICAL - 2023-08-12 13:37:59 --> bid does not exist for specified id
in APPPATH\Models\BidModel.php on line 373.
 1 APPPATH\Controllers\Bid.php(86): App\Models\BidModel->findUById('1')
 2 SYSTEMPATH\CodeIgniter.php(932): App\Controllers\Bid->B_all('1')
 3 SYSTEMPATH\CodeIgniter.php(497): CodeIgniter\CodeIgniter->runController(Object(App\Controllers\Bid))
 4 SYSTEMPATH\CodeIgniter.php(366): CodeIgniter\CodeIgniter->handleRequest(null, Object(Config\Cache), false)
 5 FCPATH\index.php(73): CodeIgniter\CodeIgniter->run()
 6 SYSTEMPATH\Commands\Server\rewrite.php(47): require_once('C:\\Users\\com\\Desktop\\ml_back\\public\\index.php')
CRITICAL - 2023-08-12 13:39:42 --> bid does not exist for specified id
in APPPATH\Models\BidModel.php on line 373.
 1 APPPATH\Controllers\Bid.php(86): App\Models\BidModel->findUById('2')
 2 SYSTEMPATH\CodeIgniter.php(932): App\Controllers\Bid->B_all('2')
 3 SYSTEMPATH\CodeIgniter.php(497): CodeIgniter\CodeIgniter->runController(Object(App\Controllers\Bid))
 4 SYSTEMPATH\CodeIgniter.php(366): CodeIgniter\CodeIgniter->handleRequest(null, Object(Config\Cache), false)
 5 FCPATH\index.php(73): CodeIgniter\CodeIgniter->run()
 6 SYSTEMPATH\Commands\Server\rewrite.php(47): require_once('C:\\Users\\com\\Desktop\\ml_back\\public\\index.php')
CRITICAL - 2023-08-12 13:41:25 --> bid does not exist for specified id
in APPPATH\Models\BidModel.php on line 373.
 1 APPPATH\Controllers\Bid.php(86): App\Models\BidModel->findUById('2')
 2 SYSTEMPATH\CodeIgniter.php(932): App\Controllers\Bid->B_all('2')
 3 SYSTEMPATH\CodeIgniter.php(497): CodeIgniter\CodeIgniter->runController(Object(App\Controllers\Bid))
 4 SYSTEMPATH\CodeIgniter.php(366): CodeIgniter\CodeIgniter->handleRequest(null, Object(Config\Cache), false)
 5 FCPATH\index.php(73): CodeIgniter\CodeIgniter->run()
 6 SYSTEMPATH\Commands\Server\rewrite.php(47): require_once('C:\\Users\\com\\Desktop\\ml_back\\public\\index.php')
CRITICAL - 2023-08-12 13:42:20 --> bid does not exist for specified id
in APPPATH\Models\BidModel.php on line 373.
 1 APPPATH\Controllers\Bid.php(86): App\Models\BidModel->findUById('2')
 2 SYSTEMPATH\CodeIgniter.php(932): App\Controllers\Bid->B_all('2')
 3 SYSTEMPATH\CodeIgniter.php(497): CodeIgniter\CodeIgniter->runController(Object(App\Controllers\Bid))
 4 SYSTEMPATH\CodeIgniter.php(366): CodeIgniter\CodeIgniter->handleRequest(null, Object(Config\Cache), false)
 5 FCPATH\index.php(73): CodeIgniter\CodeIgniter->run()
 6 SYSTEMPATH\Commands\Server\rewrite.php(47): require_once('C:\\Users\\com\\Desktop\\ml_back\\public\\index.php')
CRITICAL - 2023-08-12 13:42:25 --> Array to string conversion
in APPPATH\Controllers\Bid.php on line 87.
 1 APPPATH\Controllers\Bid.php(87): CodeIgniter\Debug\Exceptions->errorHandler(2, 'Array to string conversion', 'C:\\Users\\com\\Desktop\\ml_back\\app\\Controllers\\Bid.php', 87)
 2 SYSTEMPATH\CodeIgniter.php(932): App\Controllers\Bid->B_all('1')
 3 SYSTEMPATH\CodeIgniter.php(497): CodeIgniter\CodeIgniter->runController(Object(App\Controllers\Bid))
 4 SYSTEMPATH\CodeIgniter.php(366): CodeIgniter\CodeIgniter->handleRequest(null, Object(Config\Cache), false)
 5 FCPATH\index.php(73): CodeIgniter\CodeIgniter->run()
 6 SYSTEMPATH\Commands\Server\rewrite.php(47): require_once('C:\\Users\\com\\Desktop\\ml_back\\public\\index.php')
CRITICAL - 2023-08-12 13:43:15 --> bid does not exist for specified id
in APPPATH\Models\BidModel.php on line 373.
 1 APPPATH\Controllers\Bid.php(86): App\Models\BidModel->findUById('2')
 2 SYSTEMPATH\CodeIgniter.php(932): App\Controllers\Bid->B_all('2')
 3 SYSTEMPATH\CodeIgniter.php(497): CodeIgniter\CodeIgniter->runController(Object(App\Controllers\Bid))
 4 SYSTEMPATH\CodeIgniter.php(366): CodeIgniter\CodeIgniter->handleRequest(null, Object(Config\Cache), false)
 5 FCPATH\index.php(73): CodeIgniter\CodeIgniter->run()
 6 SYSTEMPATH\Commands\Server\rewrite.php(47): require_once('C:\\Users\\com\\Desktop\\ml_back\\public\\index.php')
CRITICAL - 2023-08-12 17:58:14 --> Undefined array key "total_am"
in APPPATH\Models\BidModel.php on line 219.
 1 APPPATH\Models\BidModel.php(219): CodeIgniter\Debug\Exceptions->errorHandler(2, 'Undefined array key "total_am"', 'C:\\Users\\com\\Desktop\\ml_back\\app\\Models\\BidModel.php', 219)
 2 APPPATH\Controllers\Bid.php(36): App\Models\BidModel->save6([...])
 3 SYSTEMPATH\CodeIgniter.php(932): App\Controllers\Bid->store()
 4 SYSTEMPATH\CodeIgniter.php(497): CodeIgniter\CodeIgniter->runController(Object(App\Controllers\Bid))
 5 SYSTEMPATH\CodeIgniter.php(366): CodeIgniter\CodeIgniter->handleRequest(null, Object(Config\Cache), false)
 6 FCPATH\index.php(73): CodeIgniter\CodeIgniter->run()
 7 SYSTEMPATH\Commands\Server\rewrite.php(47): require_once('C:\\Users\\com\\Desktop\\ml_back\\public\\index.php')
CRITICAL - 2023-08-12 18:00:43 --> Undefined array key "total_am"
in APPPATH\Models\BidModel.php on line 219.
 1 APPPATH\Models\BidModel.php(219): CodeIgniter\Debug\Exceptions->errorHandler(2, 'Undefined array key "total_am"', 'C:\\Users\\com\\Desktop\\ml_back\\app\\Models\\BidModel.php', 219)
 2 APPPATH\Controllers\Bid.php(36): App\Models\BidModel->save6([...])
 3 SYSTEMPATH\CodeIgniter.php(932): App\Controllers\Bid->store()
 4 SYSTEMPATH\CodeIgniter.php(497): CodeIgniter\CodeIgniter->runController(Object(App\Controllers\Bid))
 5 SYSTEMPATH\CodeIgniter.php(366): CodeIgniter\CodeIgniter->handleRequest(null, Object(Config\Cache), false)
 6 FCPATH\index.php(73): CodeIgniter\CodeIgniter->run()
 7 SYSTEMPATH\Commands\Server\rewrite.php(47): require_once('C:\\Users\\com\\Desktop\\ml_back\\public\\index.php')
ERROR - 2023-08-12 23:34:05 --> mysqli_sql_exception: Column count doesn't match value count at row 1 in C:\Users\com\Desktop\ml_back\vendor\codeigniter4\framework\system\Database\MySQLi\Connection.php:295
Stack trace:
#0 C:\Users\com\Desktop\ml_back\vendor\codeigniter4\framework\system\Database\MySQLi\Connection.php(295): mysqli->query('INSERT INTO `bi...', 0)
#1 C:\Users\com\Desktop\ml_back\vendor\codeigniter4\framework\system\Database\BaseConnection.php(692): CodeIgniter\Database\MySQLi\Connection->execute('INSERT INTO `bi...')
#2 C:\Users\com\Desktop\ml_back\vendor\codeigniter4\framework\system\Database\BaseConnection.php(606): CodeIgniter\Database\BaseConnection->simpleQuery('INSERT INTO `bi...')
#3 C:\Users\com\Desktop\ml_back\app\Models\BidModel.php(254): CodeIgniter\Database\BaseConnection->query('INSERT INTO `bi...')
#4 C:\Users\com\Desktop\ml_back\app\Controllers\Bid.php(36): App\Models\BidModel->save6(Array)
#5 C:\Users\com\Desktop\ml_back\vendor\codeigniter4\framework\system\CodeIgniter.php(932): App\Controllers\Bid->store()
#6 C:\Users\com\Desktop\ml_back\vendor\codeigniter4\framework\system\CodeIgniter.php(497): CodeIgniter\CodeIgniter->runController(Object(App\Controllers\Bid))
#7 C:\Users\com\Desktop\ml_back\vendor\codeigniter4\framework\system\CodeIgniter.php(366): CodeIgniter\CodeIgniter->handleRequest(NULL, Object(Config\Cache), false)
#8 C:\Users\com\Desktop\ml_back\public\index.php(73): CodeIgniter\CodeIgniter->run()
#9 C:\Users\com\Desktop\ml_back\vendor\codeigniter4\framework\system\Commands\Server\rewrite.php(47): require_once('C:\\Users\\com\\De...')
#10 {main}
CRITICAL - 2023-08-12 23:34:05 --> Column count doesn't match value count at row 1
in SYSTEMPATH\Database\MySQLi\Connection.php on line 295.
 1 SYSTEMPATH\Database\MySQLi\Connection.php(295): mysqli->query('INSERT INTO `bid_table` (`b_id`, 
        `user_id`, 
        `g_id`, 
        `gt_id`, 
        `session`, 
        `Open_Digits`, 
        `Close_Digits`, 
        `Jodi`, 
        `Open_Panna`, 
        `Close_Panna`, 
        `total_amount`,  
        `status`, 
        `date`) VALUES (NULL, 
        \'1\', 
        \'1\', 
        \'6\', 
        \'open\', 
        \'\', 
        \'5\', 
        \'\', 
        \'023\', 
        \'\', 
        \'30\',  
        \'08-12-2023 11:34 PM\' 
        )', 0)
 2 SYSTEMPATH\Database\BaseConnection.php(692): CodeIgniter\Database\MySQLi\Connection->execute('INSERT INTO `bid_table` (`b_id`, 
        `user_id`, 
        `g_id`, 
        `gt_id`, 
        `session`, 
        `Open_Digits`, 
        `Close_Digits`, 
        `Jodi`, 
        `Open_Panna`, 
        `Close_Panna`, 
        `total_amount`,  
        `status`, 
        `date`) VALUES (NULL, 
        \'1\', 
        \'1\', 
        \'6\', 
        \'open\', 
        \'\', 
        \'5\', 
        \'\', 
        \'023\', 
        \'\', 
        \'30\',  
        \'08-12-2023 11:34 PM\' 
        )')
 3 SYSTEMPATH\Database\BaseConnection.php(606): CodeIgniter\Database\BaseConnection->simpleQuery('INSERT INTO `bid_table` (`b_id`, 
        `user_id`, 
        `g_id`, 
        `gt_id`, 
        `session`, 
        `Open_Digits`, 
        `Close_Digits`, 
        `Jodi`, 
        `Open_Panna`, 
        `Close_Panna`, 
        `total_amount`,  
        `status`, 
        `date`) VALUES (NULL, 
        \'1\', 
        \'1\', 
        \'6\', 
        \'open\', 
        \'\', 
        \'5\', 
        \'\', 
        \'023\', 
        \'\', 
        \'30\',  
        \'08-12-2023 11:34 PM\' 
        )')
 4 APPPATH\Models\BidModel.php(254): CodeIgniter\Database\BaseConnection->query('INSERT INTO `bid_table` (`b_id`, 
        `user_id`, 
        `g_id`, 
        `gt_id`, 
        `session`, 
        `Open_Digits`, 
        `Close_Digits`, 
        `Jodi`, 
        `Open_Panna`, 
        `Close_Panna`, 
        `total_amount`,  
        `status`, 
        `date`) VALUES (NULL, 
        \'1\', 
        \'1\', 
        \'6\', 
        \'open\', 
        \'\', 
        \'5\', 
        \'\', 
        \'023\', 
        \'\', 
        \'30\',  
        \'08-12-2023 11:34 PM\' 
        )')
 5 APPPATH\Controllers\Bid.php(36): App\Models\BidModel->save6([...])
 6 SYSTEMPATH\CodeIgniter.php(932): App\Controllers\Bid->store()
 7 SYSTEMPATH\CodeIgniter.php(497): CodeIgniter\CodeIgniter->runController(Object(App\Controllers\Bid))
 8 SYSTEMPATH\CodeIgniter.php(366): CodeIgniter\CodeIgniter->handleRequest(null, Object(Config\Cache), false)
 9 FCPATH\index.php(73): CodeIgniter\CodeIgniter->run()
10 SYSTEMPATH\Commands\Server\rewrite.php(47): require_once('C:\\Users\\com\\Desktop\\ml_back\\public\\index.php')
CRITICAL - 2023-08-12 23:39:15 --> Call to undefined method App\Models\BidModel::last
in SYSTEMPATH\Model.php on line 838.
 1 APPPATH\Controllers\Bid.php(55): CodeIgniter\Model->__call('last', [])
 2 SYSTEMPATH\CodeIgniter.php(932): App\Controllers\Bid->store()
 3 SYSTEMPATH\CodeIgniter.php(497): CodeIgniter\CodeIgniter->runController(Object(App\Controllers\Bid))
 4 SYSTEMPATH\CodeIgniter.php(366): CodeIgniter\CodeIgniter->handleRequest(null, Object(Config\Cache), false)
 5 FCPATH\index.php(73): CodeIgniter\CodeIgniter->run()
 6 SYSTEMPATH\Commands\Server\rewrite.php(47): require_once('C:\\Users\\com\\Desktop\\ml_back\\public\\index.php')
CRITICAL - 2023-08-12 18:10:41 --> Undefined array key "open_digits"
in APPPATH\Models\BidModel.php on line 251.
 1 APPPATH\Models\BidModel.php(251): CodeIgniter\Debug\Exceptions->errorHandler(2, 'Undefined array key "open_digits"', 'C:\\Users\\com\\Desktop\\ml_back\\app\\Models\\BidModel.php', 251)
 2 APPPATH\Controllers\Bid.php(39): App\Models\BidModel->save7([...])
 3 SYSTEMPATH\CodeIgniter.php(932): App\Controllers\Bid->store()
 4 SYSTEMPATH\CodeIgniter.php(497): CodeIgniter\CodeIgniter->runController(Object(App\Controllers\Bid))
 5 SYSTEMPATH\CodeIgniter.php(366): CodeIgniter\CodeIgniter->handleRequest(null, Object(Config\Cache), false)
 6 FCPATH\index.php(73): CodeIgniter\CodeIgniter->run()
 7 SYSTEMPATH\Commands\Server\rewrite.php(47): require_once('C:\\Users\\com\\Desktop\\ml_back\\public\\index.php')
CRITICAL - 2023-08-12 18:11:15 --> Undefined array key "open_digits"
in APPPATH\Models\BidModel.php on line 251.
 1 APPPATH\Models\BidModel.php(251): CodeIgniter\Debug\Exceptions->errorHandler(2, 'Undefined array key "open_digits"', 'C:\\Users\\com\\Desktop\\ml_back\\app\\Models\\BidModel.php', 251)
 2 APPPATH\Controllers\Bid.php(39): App\Models\BidModel->save7([...])
 3 SYSTEMPATH\CodeIgniter.php(932): App\Controllers\Bid->store()
 4 SYSTEMPATH\CodeIgniter.php(497): CodeIgniter\CodeIgniter->runController(Object(App\Controllers\Bid))
 5 SYSTEMPATH\CodeIgniter.php(366): CodeIgniter\CodeIgniter->handleRequest(null, Object(Config\Cache), false)
 6 FCPATH\index.php(73): CodeIgniter\CodeIgniter->run()
 7 SYSTEMPATH\Commands\Server\rewrite.php(47): require_once('C:\\Users\\com\\Desktop\\ml_back\\public\\index.php')
CRITICAL - 2023-08-12 18:11:26 --> Undefined array key "open_digits"
in APPPATH\Models\BidModel.php on line 251.
 1 APPPATH\Models\BidModel.php(251): CodeIgniter\Debug\Exceptions->errorHandler(2, 'Undefined array key "open_digits"', 'C:\\Users\\com\\Desktop\\ml_back\\app\\Models\\BidModel.php', 251)
 2 APPPATH\Controllers\Bid.php(39): App\Models\BidModel->save7([...])
 3 SYSTEMPATH\CodeIgniter.php(932): App\Controllers\Bid->store()
 4 SYSTEMPATH\CodeIgniter.php(497): CodeIgniter\CodeIgniter->runController(Object(App\Controllers\Bid))
 5 SYSTEMPATH\CodeIgniter.php(366): CodeIgniter\CodeIgniter->handleRequest(null, Object(Config\Cache), false)
 6 FCPATH\index.php(73): CodeIgniter\CodeIgniter->run()
 7 SYSTEMPATH\Commands\Server\rewrite.php(47): require_once('C:\\Users\\com\\Desktop\\ml_back\\public\\index.php')
CRITICAL - 2023-08-12 23:42:20 --> Call to undefined method App\Models\BidModel::last
in SYSTEMPATH\Model.php on line 838.
 1 APPPATH\Controllers\Bid.php(55): CodeIgniter\Model->__call('last', [])
 2 SYSTEMPATH\CodeIgniter.php(932): App\Controllers\Bid->store()
 3 SYSTEMPATH\CodeIgniter.php(497): CodeIgniter\CodeIgniter->runController(Object(App\Controllers\Bid))
 4 SYSTEMPATH\CodeIgniter.php(366): CodeIgniter\CodeIgniter->handleRequest(null, Object(Config\Cache), false)
 5 FCPATH\index.php(73): CodeIgniter\CodeIgniter->run()
 6 SYSTEMPATH\Commands\Server\rewrite.php(47): require_once('C:\\Users\\com\\Desktop\\ml_back\\public\\index.php')
CRITICAL - 2023-08-12 18:24:52 --> Undefined array key "close_panna"
in APPPATH\Models\BidModel.php on line 255.
 1 APPPATH\Models\BidModel.php(255): CodeIgniter\Debug\Exceptions->errorHandler(2, 'Undefined array key "close_panna"', 'C:\\Users\\com\\Desktop\\ml_back\\app\\Models\\BidModel.php', 255)
 2 APPPATH\Controllers\Bid.php(39): App\Models\BidModel->save7([...])
 3 SYSTEMPATH\CodeIgniter.php(932): App\Controllers\Bid->store()
 4 SYSTEMPATH\CodeIgniter.php(497): CodeIgniter\CodeIgniter->runController(Object(App\Controllers\Bid))
 5 SYSTEMPATH\CodeIgniter.php(366): CodeIgniter\CodeIgniter->handleRequest(null, Object(Config\Cache), false)
 6 FCPATH\index.php(73): CodeIgniter\CodeIgniter->run()
 7 SYSTEMPATH\Commands\Server\rewrite.php(47): require_once('C:\\Users\\com\\Desktop\\ml_back\\public\\index.php')
CRITICAL - 2023-08-12 18:25:16 --> Undefined array key "close_panna"
in APPPATH\Models\BidModel.php on line 255.
 1 APPPATH\Models\BidModel.php(255): CodeIgniter\Debug\Exceptions->errorHandler(2, 'Undefined array key "close_panna"', 'C:\\Users\\com\\Desktop\\ml_back\\app\\Models\\BidModel.php', 255)
 2 APPPATH\Controllers\Bid.php(39): App\Models\BidModel->save7([...])
 3 SYSTEMPATH\CodeIgniter.php(932): App\Controllers\Bid->store()
 4 SYSTEMPATH\CodeIgniter.php(497): CodeIgniter\CodeIgniter->runController(Object(App\Controllers\Bid))
 5 SYSTEMPATH\CodeIgniter.php(366): CodeIgniter\CodeIgniter->handleRequest(null, Object(Config\Cache), false)
 6 FCPATH\index.php(73): CodeIgniter\CodeIgniter->run()
 7 SYSTEMPATH\Commands\Server\rewrite.php(47): require_once('C:\\Users\\com\\Desktop\\ml_back\\public\\index.php')
CRITICAL - 2023-08-12 18:25:45 --> Undefined array key "close_panna"
in APPPATH\Models\BidModel.php on line 255.
 1 APPPATH\Models\BidModel.php(255): CodeIgniter\Debug\Exceptions->errorHandler(2, 'Undefined array key "close_panna"', 'C:\\Users\\com\\Desktop\\ml_back\\app\\Models\\BidModel.php', 255)
 2 APPPATH\Controllers\Bid.php(39): App\Models\BidModel->save7([...])
 3 SYSTEMPATH\CodeIgniter.php(932): App\Controllers\Bid->store()
 4 SYSTEMPATH\CodeIgniter.php(497): CodeIgniter\CodeIgniter->runController(Object(App\Controllers\Bid))
 5 SYSTEMPATH\CodeIgniter.php(366): CodeIgniter\CodeIgniter->handleRequest(null, Object(Config\Cache), false)
 6 FCPATH\index.php(73): CodeIgniter\CodeIgniter->run()
 7 SYSTEMPATH\Commands\Server\rewrite.php(47): require_once('C:\\Users\\com\\Desktop\\ml_back\\public\\index.php')
CRITICAL - 2023-08-12 18:27:52 --> Undefined array key "t_for"
in APPPATH\Models\CartModel.php on line 168.
 1 APPPATH\Models\CartModel.php(168): CodeIgniter\Debug\Exceptions->errorHandler(2, 'Undefined array key "t_for"', 'C:\\Users\\com\\Desktop\\ml_back\\app\\Models\\CartModel.php', 168)
 2 APPPATH\Controllers\Cart.php(45): App\Models\CartModel->activity([...])
 3 SYSTEMPATH\CodeIgniter.php(932): App\Controllers\Cart->store('1')
 4 SYSTEMPATH\CodeIgniter.php(497): CodeIgniter\CodeIgniter->runController(Object(App\Controllers\Cart))
 5 SYSTEMPATH\CodeIgniter.php(366): CodeIgniter\CodeIgniter->handleRequest(null, Object(Config\Cache), false)
 6 FCPATH\index.php(73): CodeIgniter\CodeIgniter->run()
 7 SYSTEMPATH\Commands\Server\rewrite.php(47): require_once('C:\\Users\\com\\Desktop\\ml_back\\public\\index.php')
CRITICAL - 2023-08-12 18:28:55 --> Undefined array key "t_for"
in APPPATH\Models\CartModel.php on line 168.
 1 APPPATH\Models\CartModel.php(168): CodeIgniter\Debug\Exceptions->errorHandler(2, 'Undefined array key "t_for"', 'C:\\Users\\com\\Desktop\\ml_back\\app\\Models\\CartModel.php', 168)
 2 APPPATH\Controllers\Cart.php(45): App\Models\CartModel->activity([...])
 3 SYSTEMPATH\CodeIgniter.php(932): App\Controllers\Cart->store('1')
 4 SYSTEMPATH\CodeIgniter.php(497): CodeIgniter\CodeIgniter->runController(Object(App\Controllers\Cart))
 5 SYSTEMPATH\CodeIgniter.php(366): CodeIgniter\CodeIgniter->handleRequest(null, Object(Config\Cache), false)
 6 FCPATH\index.php(73): CodeIgniter\CodeIgniter->run()
 7 SYSTEMPATH\Commands\Server\rewrite.php(47): require_once('C:\\Users\\com\\Desktop\\ml_back\\public\\index.php')
CRITICAL - 2023-08-12 18:29:09 --> Undefined array key "t_for"
in APPPATH\Models\CartModel.php on line 168.
 1 APPPATH\Models\CartModel.php(168): CodeIgniter\Debug\Exceptions->errorHandler(2, 'Undefined array key "t_for"', 'C:\\Users\\com\\Desktop\\ml_back\\app\\Models\\CartModel.php', 168)
 2 APPPATH\Controllers\Cart.php(45): App\Models\CartModel->activity([...])
 3 SYSTEMPATH\CodeIgniter.php(932): App\Controllers\Cart->store('1')
 4 SYSTEMPATH\CodeIgniter.php(497): CodeIgniter\CodeIgniter->runController(Object(App\Controllers\Cart))
 5 SYSTEMPATH\CodeIgniter.php(366): CodeIgniter\CodeIgniter->handleRequest(null, Object(Config\Cache), false)
 6 FCPATH\index.php(73): CodeIgniter\CodeIgniter->run()
 7 SYSTEMPATH\Commands\Server\rewrite.php(47): require_once('C:\\Users\\com\\Desktop\\ml_back\\public\\index.php')
CRITICAL - 2023-08-12 18:29:43 --> Undefined array key "t_for"
in APPPATH\Models\CartModel.php on line 168.
 1 APPPATH\Models\CartModel.php(168): CodeIgniter\Debug\Exceptions->errorHandler(2, 'Undefined array key "t_for"', 'C:\\Users\\com\\Desktop\\ml_back\\app\\Models\\CartModel.php', 168)
 2 APPPATH\Controllers\Cart.php(45): App\Models\CartModel->activity([...])
 3 SYSTEMPATH\CodeIgniter.php(932): App\Controllers\Cart->store('1')
 4 SYSTEMPATH\CodeIgniter.php(497): CodeIgniter\CodeIgniter->runController(Object(App\Controllers\Cart))
 5 SYSTEMPATH\CodeIgniter.php(366): CodeIgniter\CodeIgniter->handleRequest(null, Object(Config\Cache), false)
 6 FCPATH\index.php(73): CodeIgniter\CodeIgniter->run()
 7 SYSTEMPATH\Commands\Server\rewrite.php(47): require_once('C:\\Users\\com\\Desktop\\ml_back\\public\\index.php')
CRITICAL - 2023-08-12 18:30:36 --> Undefined array key "t_for"
in APPPATH\Models\CartModel.php on line 168.
 1 APPPATH\Models\CartModel.php(168): CodeIgniter\Debug\Exceptions->errorHandler(2, 'Undefined array key "t_for"', 'C:\\Users\\com\\Desktop\\ml_back\\app\\Models\\CartModel.php', 168)
 2 APPPATH\Controllers\Cart.php(45): App\Models\CartModel->activity([...])
 3 SYSTEMPATH\CodeIgniter.php(932): App\Controllers\Cart->store('1')
 4 SYSTEMPATH\CodeIgniter.php(497): CodeIgniter\CodeIgniter->runController(Object(App\Controllers\Cart))
 5 SYSTEMPATH\CodeIgniter.php(366): CodeIgniter\CodeIgniter->handleRequest(null, Object(Config\Cache), false)
 6 FCPATH\index.php(73): CodeIgniter\CodeIgniter->run()
 7 SYSTEMPATH\Commands\Server\rewrite.php(47): require_once('C:\\Users\\com\\Desktop\\ml_back\\public\\index.php')
CRITICAL - 2023-08-12 18:30:52 --> Undefined array key "t_for"
in APPPATH\Models\CartModel.php on line 168.
 1 APPPATH\Models\CartModel.php(168): CodeIgniter\Debug\Exceptions->errorHandler(2, 'Undefined array key "t_for"', 'C:\\Users\\com\\Desktop\\ml_back\\app\\Models\\CartModel.php', 168)
 2 APPPATH\Controllers\Cart.php(45): App\Models\CartModel->activity([...])
 3 SYSTEMPATH\CodeIgniter.php(932): App\Controllers\Cart->store('1')
 4 SYSTEMPATH\CodeIgniter.php(497): CodeIgniter\CodeIgniter->runController(Object(App\Controllers\Cart))
 5 SYSTEMPATH\CodeIgniter.php(366): CodeIgniter\CodeIgniter->handleRequest(null, Object(Config\Cache), false)
 6 FCPATH\index.php(73): CodeIgniter\CodeIgniter->run()
 7 SYSTEMPATH\Commands\Server\rewrite.php(47): require_once('C:\\Users\\com\\Desktop\\ml_back\\public\\index.php')
CRITICAL - 2023-08-12 18:35:10 --> Undefined array key "t_for"
in APPPATH\Models\CartModel.php on line 178.
 1 APPPATH\Models\CartModel.php(178): CodeIgniter\Debug\Exceptions->errorHandler(2, 'Undefined array key "t_for"', 'C:\\Users\\com\\Desktop\\ml_back\\app\\Models\\CartModel.php', 178)
 2 APPPATH\Controllers\Cart.php(45): App\Models\CartModel->activity([...])
 3 SYSTEMPATH\CodeIgniter.php(932): App\Controllers\Cart->store('1')
 4 SYSTEMPATH\CodeIgniter.php(497): CodeIgniter\CodeIgniter->runController(Object(App\Controllers\Cart))
 5 SYSTEMPATH\CodeIgniter.php(366): CodeIgniter\CodeIgniter->handleRequest(null, Object(Config\Cache), false)
 6 FCPATH\index.php(73): CodeIgniter\CodeIgniter->run()
 7 SYSTEMPATH\Commands\Server\rewrite.php(47): require_once('C:\\Users\\com\\Desktop\\ml_back\\public\\index.php')
