CRITICAL - 2023-09-10 00:00:40 --> Result does not exist for specified date
in APPPATH\Models\ResultModel.php on line 201.
 1 APPPATH\Controllers\Win.php(29): App\Models\ResultModel->findbydate('09-10-2023')
 2 SYSTEMPATH\CodeIgniter.php(932): App\Controllers\Win->index()
 3 SYSTEMPATH\CodeIgniter.php(497): CodeIgniter\CodeIgniter->runController(Object(App\Controllers\Win))
 4 SYSTEMPATH\CodeIgniter.php(366): CodeIgniter\CodeIgniter->handleRequest(null, Object(Config\Cache), false)
 5 FCPATH\index.php(73): CodeIgniter\CodeIgniter->run()
 6 SYSTEMPATH\Commands\Server\rewrite.php(47): require_once('C:\\Users\\com\\Desktop\\ml_back\\public\\index.php')
CRITICAL - 2023-09-10 00:08:20 --> Undefined array key "$dateOnly"
in APPPATH\Controllers\Bid.php on line 67.
 1 APPPATH\Controllers\Bid.php(67): CodeIgniter\Debug\Exceptions->errorHandler(2, 'Undefined array key "$dateOnly"', 'C:\\Users\\com\\Desktop\\ml_back\\app\\Controllers\\Bid.php', 67)
 2 SYSTEMPATH\CodeIgniter.php(932): App\Controllers\Bid->today()
 3 SYSTEMPATH\CodeIgniter.php(497): CodeIgniter\CodeIgniter->runController(Object(App\Controllers\Bid))
 4 SYSTEMPATH\CodeIgniter.php(366): CodeIgniter\CodeIgniter->handleRequest(null, Object(Config\Cache), false)
 5 FCPATH\index.php(73): CodeIgniter\CodeIgniter->run()
 6 SYSTEMPATH\Commands\Server\rewrite.php(47): require_once('C:\\Users\\com\\Desktop\\ml_back\\public\\index.php')
CRITICAL - 2023-09-10 00:08:58 --> Undefined array key "$dateOnly"
in APPPATH\Controllers\Bid.php on line 67.
 1 APPPATH\Controllers\Bid.php(67): CodeIgniter\Debug\Exceptions->errorHandler(2, 'Undefined array key "$dateOnly"', 'C:\\Users\\com\\Desktop\\ml_back\\app\\Controllers\\Bid.php', 67)
 2 SYSTEMPATH\CodeIgniter.php(932): App\Controllers\Bid->today()
 3 SYSTEMPATH\CodeIgniter.php(497): CodeIgniter\CodeIgniter->runController(Object(App\Controllers\Bid))
 4 SYSTEMPATH\CodeIgniter.php(366): CodeIgniter\CodeIgniter->handleRequest(null, Object(Config\Cache), false)
 5 FCPATH\index.php(73): CodeIgniter\CodeIgniter->run()
 6 SYSTEMPATH\Commands\Server\rewrite.php(47): require_once('C:\\Users\\com\\Desktop\\ml_back\\public\\index.php')
CRITICAL - 2023-09-10 00:09:20 --> Undefined array key "$dateOnly"
in APPPATH\Controllers\Bid.php on line 68.
 1 APPPATH\Controllers\Bid.php(68): CodeIgniter\Debug\Exceptions->errorHandler(2, 'Undefined array key "$dateOnly"', 'C:\\Users\\com\\Desktop\\ml_back\\app\\Controllers\\Bid.php', 68)
 2 SYSTEMPATH\CodeIgniter.php(932): App\Controllers\Bid->today()
 3 SYSTEMPATH\CodeIgniter.php(497): CodeIgniter\CodeIgniter->runController(Object(App\Controllers\Bid))
 4 SYSTEMPATH\CodeIgniter.php(366): CodeIgniter\CodeIgniter->handleRequest(null, Object(Config\Cache), false)
 5 FCPATH\index.php(73): CodeIgniter\CodeIgniter->run()
 6 SYSTEMPATH\Commands\Server\rewrite.php(47): require_once('C:\\Users\\com\\Desktop\\ml_back\\public\\index.php')
CRITICAL - 2023-09-10 00:09:43 --> Undefined array key "$dateOnly"
in APPPATH\Controllers\Bid.php on line 68.
 1 APPPATH\Controllers\Bid.php(68): CodeIgniter\Debug\Exceptions->errorHandler(2, 'Undefined array key "$dateOnly"', 'C:\\Users\\com\\Desktop\\ml_back\\app\\Controllers\\Bid.php', 68)
 2 SYSTEMPATH\CodeIgniter.php(932): App\Controllers\Bid->today()
 3 SYSTEMPATH\CodeIgniter.php(497): CodeIgniter\CodeIgniter->runController(Object(App\Controllers\Bid))
 4 SYSTEMPATH\CodeIgniter.php(366): CodeIgniter\CodeIgniter->handleRequest(null, Object(Config\Cache), false)
 5 FCPATH\index.php(73): CodeIgniter\CodeIgniter->run()
 6 SYSTEMPATH\Commands\Server\rewrite.php(47): require_once('C:\\Users\\com\\Desktop\\ml_back\\public\\index.php')
CRITICAL - 2023-09-10 11:52:37 --> Class "App\Controllers\UserModel" not found
in APPPATH\Controllers\AuthLotus.php on line 192.
 1 APPPATH\Controllers\AuthLotus.php(55): App\Controllers\AuthLotus->getJWTForNewUser('9602964437', 201)
 2 SYSTEMPATH\CodeIgniter.php(932): App\Controllers\AuthLotus->register()
 3 SYSTEMPATH\CodeIgniter.php(497): CodeIgniter\CodeIgniter->runController(Object(App\Controllers\AuthLotus))
 4 SYSTEMPATH\CodeIgniter.php(366): CodeIgniter\CodeIgniter->handleRequest(null, Object(Config\Cache), false)
 5 FCPATH\index.php(73): CodeIgniter\CodeIgniter->run()
 6 SYSTEMPATH\Commands\Server\rewrite.php(47): require_once('C:\\Users\\com\\Desktop\\ml_back\\public\\index.php')
