INFO - 2024-04-30 04:48:17 --> Session: Class initialized using 'CodeIgniter\Session\Handlers\FileHandler' driver.
INFO - 2024-04-30 04:48:25 --> Session: Class initialized using 'CodeIgniter\Session\Handlers\FileHandler' driver.
INFO - 2024-04-30 04:48:26 --> Session: Class initialized using 'CodeIgniter\Session\Handlers\FileHandler' driver.
INFO - 2024-04-30 04:48:31 --> Session: Class initialized using 'CodeIgniter\Session\Handlers\FileHandler' driver.
INFO - 2024-04-30 04:50:44 --> Session: Class initialized using 'CodeIgniter\Session\Handlers\FileHandler' driver.
ERROR - 2024-04-30 11:20:54 --> mysqli_sql_exception: Cannot add or update a child row: a foreign key constraint fails (`webuser_moj`.`working_experiences`, CONSTRAINT `working_experiences_user_id_foreign` FOREIGN KEY (`user_id`) REFERENCES `users` (`id`) ON DELETE CASCADE ON UPDATE CASCADE) in /home/webuser/web/dashboard.masterofjobs.in/public_html/vendor/codeigniter4/framework/system/Database/MySQLi/Connection.php:295
Stack trace:
#0 /home/webuser/web/dashboard.masterofjobs.in/public_html/vendor/codeigniter4/framework/system/Database/MySQLi/Connection.php(295): mysqli->query()
#1 /home/webuser/web/dashboard.masterofjobs.in/public_html/vendor/codeigniter4/framework/system/Database/BaseConnection.php(692): CodeIgniter\Database\MySQLi\Connection->execute()
#2 /home/webuser/web/dashboard.masterofjobs.in/public_html/vendor/codeigniter4/framework/system/Database/BaseConnection.php(606): CodeIgniter\Database\BaseConnection->simpleQuery()
#3 /home/webuser/web/dashboard.masterofjobs.in/public_html/app/Models/UserModel.php(357): CodeIgniter\Database\BaseConnection->query()
#4 /home/webuser/web/dashboard.masterofjobs.in/public_html/app/Controllers/Users.php(108): App\Models\UserModel->save_workex()
#5 /home/webuser/web/dashboard.masterofjobs.in/public_html/vendor/codeigniter4/framework/system/CodeIgniter.php(932): App\Controllers\Users->work_ex_update()
#6 /home/webuser/web/dashboard.masterofjobs.in/public_html/vendor/codeigniter4/framework/system/CodeIgniter.php(497): CodeIgniter\CodeIgniter->runController()
#7 /home/webuser/web/dashboard.masterofjobs.in/public_html/vendor/codeigniter4/framework/system/CodeIgniter.php(366): CodeIgniter\CodeIgniter->handleRequest()
#8 /home/webuser/web/dashboard.masterofjobs.in/public_html/public/index.php(67): CodeIgniter\CodeIgniter->run()
#9 {main}
CRITICAL - 2024-04-30 11:20:55 --> Cannot add or update a child row: a foreign key constraint fails (`webuser_moj`.`working_experiences`, CONSTRAINT `working_experiences_user_id_foreign` FOREIGN KEY (`user_id`) REFERENCES `users` (`id`) ON DELETE CASCADE ON UPDATE CASCADE)
in SYSTEMPATH/Database/MySQLi/Connection.php on line 295.
 1 SYSTEMPATH/Database/MySQLi/Connection.php(295): mysqli->query()
 2 SYSTEMPATH/Database/BaseConnection.php(692): CodeIgniter\Database\MySQLi\Connection->execute()
 3 SYSTEMPATH/Database/BaseConnection.php(606): CodeIgniter\Database\BaseConnection->simpleQuery()
 4 APPPATH/Models/UserModel.php(357): CodeIgniter\Database\BaseConnection->query()
 5 APPPATH/Controllers/Users.php(108): App\Models\UserModel->save_workex()
 6 SYSTEMPATH/CodeIgniter.php(932): App\Controllers\Users->work_ex_update()
 7 SYSTEMPATH/CodeIgniter.php(497): CodeIgniter\CodeIgniter->runController()
 8 SYSTEMPATH/CodeIgniter.php(366): CodeIgniter\CodeIgniter->handleRequest()
 9 FCPATH/index.php(67): CodeIgniter\CodeIgniter->run()
INFO - 2024-04-30 06:54:32 --> Session: Class initialized using 'CodeIgniter\Session\Handlers\FileHandler' driver.
INFO - 2024-04-30 07:26:32 --> Session: Class initialized using 'CodeIgniter\Session\Handlers\FileHandler' driver.
INFO - 2024-04-30 07:26:51 --> Session: Class initialized using 'CodeIgniter\Session\Handlers\FileHandler' driver.
INFO - 2024-04-30 07:27:20 --> Session: Class initialized using 'CodeIgniter\Session\Handlers\FileHandler' driver.
INFO - 2024-04-30 07:27:24 --> Session: Class initialized using 'CodeIgniter\Session\Handlers\FileHandler' driver.
INFO - 2024-04-30 07:27:55 --> Session: Class initialized using 'CodeIgniter\Session\Handlers\FileHandler' driver.
INFO - 2024-04-30 07:30:28 --> Session: Class initialized using 'CodeIgniter\Session\Handlers\FileHandler' driver.
CRITICAL - 2024-04-30 10:22:21 --> Undefined array key "Resume"
in APPPATH/Models/ResumeModel.php on line 106.
 1 APPPATH/Models/ResumeModel.php(106): CodeIgniter\Debug\Exceptions->errorHandler()
 2 APPPATH/Controllers/resume.php(72): App\Models\ResumeModel->save()
 3 SYSTEMPATH/CodeIgniter.php(932): App\Controllers\resume->store()
 4 SYSTEMPATH/CodeIgniter.php(497): CodeIgniter\CodeIgniter->runController()
 5 SYSTEMPATH/CodeIgniter.php(366): CodeIgniter\CodeIgniter->handleRequest()
 6 FCPATH/index.php(67): CodeIgniter\CodeIgniter->run()
CRITICAL - 2024-04-30 10:23:33 --> Undefined array key "Resume"
in APPPATH/Models/ResumeModel.php on line 106.
 1 APPPATH/Models/ResumeModel.php(106): CodeIgniter\Debug\Exceptions->errorHandler()
 2 APPPATH/Controllers/resume.php(72): App\Models\ResumeModel->save()
 3 SYSTEMPATH/CodeIgniter.php(932): App\Controllers\resume->store()
 4 SYSTEMPATH/CodeIgniter.php(497): CodeIgniter\CodeIgniter->runController()
 5 SYSTEMPATH/CodeIgniter.php(366): CodeIgniter\CodeIgniter->handleRequest()
 6 FCPATH/index.php(67): CodeIgniter\CodeIgniter->run()
CRITICAL - 2024-04-30 10:24:36 --> Undefined array key "Resume"
in APPPATH/Models/ResumeModel.php on line 106.
 1 APPPATH/Models/ResumeModel.php(106): CodeIgniter\Debug\Exceptions->errorHandler()
 2 APPPATH/Controllers/resume.php(72): App\Models\ResumeModel->save()
 3 SYSTEMPATH/CodeIgniter.php(932): App\Controllers\resume->store()
 4 SYSTEMPATH/CodeIgniter.php(497): CodeIgniter\CodeIgniter->runController()
 5 SYSTEMPATH/CodeIgniter.php(366): CodeIgniter\CodeIgniter->handleRequest()
 6 FCPATH/index.php(67): CodeIgniter\CodeIgniter->run()
CRITICAL - 2024-04-30 10:27:02 --> Undefined array key "Resume"
in APPPATH/Models/ResumeModel.php on line 106.
 1 APPPATH/Models/ResumeModel.php(106): CodeIgniter\Debug\Exceptions->errorHandler()
 2 APPPATH/Controllers/resume.php(73): App\Models\ResumeModel->save()
 3 SYSTEMPATH/CodeIgniter.php(932): App\Controllers\resume->store()
 4 SYSTEMPATH/CodeIgniter.php(497): CodeIgniter\CodeIgniter->runController()
 5 SYSTEMPATH/CodeIgniter.php(366): CodeIgniter\CodeIgniter->handleRequest()
 6 FCPATH/index.php(67): CodeIgniter\CodeIgniter->run()
CRITICAL - 2024-04-30 10:28:55 --> Undefined array key "Resume"
in APPPATH/Models/ResumeModel.php on line 106.
 1 APPPATH/Models/ResumeModel.php(106): CodeIgniter\Debug\Exceptions->errorHandler()
 2 APPPATH/Controllers/resume.php(73): App\Models\ResumeModel->save()
 3 SYSTEMPATH/CodeIgniter.php(932): App\Controllers\resume->store()
 4 SYSTEMPATH/CodeIgniter.php(497): CodeIgniter\CodeIgniter->runController()
 5 SYSTEMPATH/CodeIgniter.php(366): CodeIgniter\CodeIgniter->handleRequest()
 6 FCPATH/index.php(67): CodeIgniter\CodeIgniter->run()
CRITICAL - 2024-04-30 10:29:36 --> Undefined array key "Resume"
in APPPATH/Models/ResumeModel.php on line 106.
 1 APPPATH/Models/ResumeModel.php(106): CodeIgniter\Debug\Exceptions->errorHandler()
 2 APPPATH/Controllers/resume.php(73): App\Models\ResumeModel->save()
 3 SYSTEMPATH/CodeIgniter.php(932): App\Controllers\resume->store()
 4 SYSTEMPATH/CodeIgniter.php(497): CodeIgniter\CodeIgniter->runController()
 5 SYSTEMPATH/CodeIgniter.php(366): CodeIgniter\CodeIgniter->handleRequest()
 6 FCPATH/index.php(67): CodeIgniter\CodeIgniter->run()
ERROR - 2024-04-30 16:00:16 --> mysqli_sql_exception: Cannot add or update a child row: a foreign key constraint fails (`webuser_moj`.`resumes`, CONSTRAINT `resumes_user_id_foreign` FOREIGN KEY (`user_id`) REFERENCES `users` (`id`) ON DELETE CASCADE ON UPDATE CASCADE) in /home/webuser/web/dashboard.masterofjobs.in/public_html/vendor/codeigniter4/framework/system/Database/MySQLi/Connection.php:295
Stack trace:
#0 /home/webuser/web/dashboard.masterofjobs.in/public_html/vendor/codeigniter4/framework/system/Database/MySQLi/Connection.php(295): mysqli->query()
#1 /home/webuser/web/dashboard.masterofjobs.in/public_html/vendor/codeigniter4/framework/system/Database/BaseConnection.php(692): CodeIgniter\Database\MySQLi\Connection->execute()
#2 /home/webuser/web/dashboard.masterofjobs.in/public_html/vendor/codeigniter4/framework/system/Database/BaseConnection.php(606): CodeIgniter\Database\BaseConnection->simpleQuery()
#3 /home/webuser/web/dashboard.masterofjobs.in/public_html/app/Models/ResumeModel.php(119): CodeIgniter\Database\BaseConnection->query()
#4 /home/webuser/web/dashboard.masterofjobs.in/public_html/app/Controllers/resume.php(73): App\Models\ResumeModel->save()
#5 /home/webuser/web/dashboard.masterofjobs.in/public_html/vendor/codeigniter4/framework/system/CodeIgniter.php(932): App\Controllers\resume->store()
#6 /home/webuser/web/dashboard.masterofjobs.in/public_html/vendor/codeigniter4/framework/system/CodeIgniter.php(497): CodeIgniter\CodeIgniter->runController()
#7 /home/webuser/web/dashboard.masterofjobs.in/public_html/vendor/codeigniter4/framework/system/CodeIgniter.php(366): CodeIgniter\CodeIgniter->handleRequest()
#8 /home/webuser/web/dashboard.masterofjobs.in/public_html/public/index.php(67): CodeIgniter\CodeIgniter->run()
#9 {main}
CRITICAL - 2024-04-30 16:00:16 --> Cannot add or update a child row: a foreign key constraint fails (`webuser_moj`.`resumes`, CONSTRAINT `resumes_user_id_foreign` FOREIGN KEY (`user_id`) REFERENCES `users` (`id`) ON DELETE CASCADE ON UPDATE CASCADE)
in SYSTEMPATH/Database/MySQLi/Connection.php on line 295.
 1 SYSTEMPATH/Database/MySQLi/Connection.php(295): mysqli->query()
 2 SYSTEMPATH/Database/BaseConnection.php(692): CodeIgniter\Database\MySQLi\Connection->execute()
 3 SYSTEMPATH/Database/BaseConnection.php(606): CodeIgniter\Database\BaseConnection->simpleQuery()
 4 APPPATH/Models/ResumeModel.php(119): CodeIgniter\Database\BaseConnection->query()
 5 APPPATH/Controllers/resume.php(73): App\Models\ResumeModel->save()
 6 SYSTEMPATH/CodeIgniter.php(932): App\Controllers\resume->store()
 7 SYSTEMPATH/CodeIgniter.php(497): CodeIgniter\CodeIgniter->runController()
 8 SYSTEMPATH/CodeIgniter.php(366): CodeIgniter\CodeIgniter->handleRequest()
 9 FCPATH/index.php(67): CodeIgniter\CodeIgniter->run()
ERROR - 2024-04-30 18:00:43 --> mysqli_sql_exception: Cannot add or update a child row: a foreign key constraint fails (`webuser_moj`.`resumes`, CONSTRAINT `resumes_user_id_foreign` FOREIGN KEY (`user_id`) REFERENCES `users` (`id`) ON DELETE CASCADE ON UPDATE CASCADE) in /home/webuser/web/dashboard.masterofjobs.in/public_html/vendor/codeigniter4/framework/system/Database/MySQLi/Connection.php:295
Stack trace:
#0 /home/webuser/web/dashboard.masterofjobs.in/public_html/vendor/codeigniter4/framework/system/Database/MySQLi/Connection.php(295): mysqli->query()
#1 /home/webuser/web/dashboard.masterofjobs.in/public_html/vendor/codeigniter4/framework/system/Database/BaseConnection.php(692): CodeIgniter\Database\MySQLi\Connection->execute()
#2 /home/webuser/web/dashboard.masterofjobs.in/public_html/vendor/codeigniter4/framework/system/Database/BaseConnection.php(606): CodeIgniter\Database\BaseConnection->simpleQuery()
#3 /home/webuser/web/dashboard.masterofjobs.in/public_html/app/Models/ResumeModel.php(119): CodeIgniter\Database\BaseConnection->query()
#4 /home/webuser/web/dashboard.masterofjobs.in/public_html/app/Controllers/resume.php(77): App\Models\ResumeModel->save()
#5 /home/webuser/web/dashboard.masterofjobs.in/public_html/vendor/codeigniter4/framework/system/CodeIgniter.php(932): App\Controllers\resume->store()
#6 /home/webuser/web/dashboard.masterofjobs.in/public_html/vendor/codeigniter4/framework/system/CodeIgniter.php(497): CodeIgniter\CodeIgniter->runController()
#7 /home/webuser/web/dashboard.masterofjobs.in/public_html/vendor/codeigniter4/framework/system/CodeIgniter.php(366): CodeIgniter\CodeIgniter->handleRequest()
#8 /home/webuser/web/dashboard.masterofjobs.in/public_html/public/index.php(67): CodeIgniter\CodeIgniter->run()
#9 {main}
CRITICAL - 2024-04-30 18:00:43 --> Cannot add or update a child row: a foreign key constraint fails (`webuser_moj`.`resumes`, CONSTRAINT `resumes_user_id_foreign` FOREIGN KEY (`user_id`) REFERENCES `users` (`id`) ON DELETE CASCADE ON UPDATE CASCADE)
in SYSTEMPATH/Database/MySQLi/Connection.php on line 295.
 1 SYSTEMPATH/Database/MySQLi/Connection.php(295): mysqli->query()
 2 SYSTEMPATH/Database/BaseConnection.php(692): CodeIgniter\Database\MySQLi\Connection->execute()
 3 SYSTEMPATH/Database/BaseConnection.php(606): CodeIgniter\Database\BaseConnection->simpleQuery()
 4 APPPATH/Models/ResumeModel.php(119): CodeIgniter\Database\BaseConnection->query()
 5 APPPATH/Controllers/resume.php(77): App\Models\ResumeModel->save()
 6 SYSTEMPATH/CodeIgniter.php(932): App\Controllers\resume->store()
 7 SYSTEMPATH/CodeIgniter.php(497): CodeIgniter\CodeIgniter->runController()
 8 SYSTEMPATH/CodeIgniter.php(366): CodeIgniter\CodeIgniter->handleRequest()
 9 FCPATH/index.php(67): CodeIgniter\CodeIgniter->run()
