CRITICAL - 2023-09-21 00:01:41 --> Cannot access offset of type string on string
in APPPATH/Controllers/Result.php on line 1349.
 1 APPPATH/Controllers/Result.php(1292): App\Controllers\Result->win_decl('1')
 2 SYSTEMPATH/CodeIgniter.php(932): App\Controllers\Result->destroy('1')
 3 SYSTEMPATH/CodeIgniter.php(497): CodeIgniter\CodeIgniter->runController(Object(App\Controllers\Result))
 4 SYSTEMPATH/CodeIgniter.php(366): CodeIgniter\CodeIgniter->handleRequest(null, Object(Config\Cache), false)
 5 FCPATH/index.php(73): CodeIgniter\CodeIgniter->run()
CRITICAL - 2023-09-21 00:20:54 --> Cannot access offset of type string on string
in APPPATH/Controllers/Result.php on line 1329.
 1 APPPATH/Controllers/Result.php(1288): App\Controllers\Result->win_de('1')
 2 SYSTEMPATH/CodeIgniter.php(932): App\Controllers\Result->destroy('1')
 3 SYSTEMPATH/CodeIgniter.php(497): CodeIgniter\CodeIgniter->runController(Object(App\Controllers\Result))
 4 SYSTEMPATH/CodeIgniter.php(366): CodeIgniter\CodeIgniter->handleRequest(null, Object(Config\Cache), false)
 5 FCPATH/index.php(73): CodeIgniter\CodeIgniter->run()
CRITICAL - 2023-09-21 00:23:43 --> Call to undefined method App\Models\ResultModel::findlast
in SYSTEMPATH/Model.php on line 838.
 1 APPPATH/Controllers/Result.php(560): CodeIgniter\Model->__call('findlast', [...])
 2 SYSTEMPATH/CodeIgniter.php(932): App\Controllers\Result->store()
 3 SYSTEMPATH/CodeIgniter.php(497): CodeIgniter\CodeIgniter->runController(Object(App\Controllers\Result))
 4 SYSTEMPATH/CodeIgniter.php(366): CodeIgniter\CodeIgniter->handleRequest(null, Object(Config\Cache), false)
 5 FCPATH/index.php(73): CodeIgniter\CodeIgniter->run()
CRITICAL - 2023-09-21 00:29:49 --> Call to undefined method App\Models\ResultModel::findlast
in SYSTEMPATH/Model.php on line 838.
 1 APPPATH/Controllers/Result.php(560): CodeIgniter\Model->__call('findlast', [...])
 2 SYSTEMPATH/CodeIgniter.php(932): App\Controllers\Result->store()
 3 SYSTEMPATH/CodeIgniter.php(497): CodeIgniter\CodeIgniter->runController(Object(App\Controllers\Result))
 4 SYSTEMPATH/CodeIgniter.php(366): CodeIgniter\CodeIgniter->handleRequest(null, Object(Config\Cache), false)
 5 FCPATH/index.php(73): CodeIgniter\CodeIgniter->run()
CRITICAL - 2023-09-21 00:32:57 --> Cannot access offset of type string on string
in APPPATH/Controllers/Result.php on line 1357.
 1 APPPATH/Controllers/Result.php(1292): App\Controllers\Result->win_decl('1')
 2 SYSTEMPATH/CodeIgniter.php(932): App\Controllers\Result->destroy('1')
 3 SYSTEMPATH/CodeIgniter.php(497): CodeIgniter\CodeIgniter->runController(Object(App\Controllers\Result))
 4 SYSTEMPATH/CodeIgniter.php(366): CodeIgniter\CodeIgniter->handleRequest(null, Object(Config\Cache), false)
 5 FCPATH/index.php(73): CodeIgniter\CodeIgniter->run()
CRITICAL - 2023-09-21 00:44:21 --> Call to undefined method App\Models\ResultModel::findlast
in SYSTEMPATH/Model.php on line 838.
 1 APPPATH/Controllers/Result.php(560): CodeIgniter\Model->__call('findlast', [...])
 2 SYSTEMPATH/CodeIgniter.php(932): App\Controllers\Result->store()
 3 SYSTEMPATH/CodeIgniter.php(497): CodeIgniter\CodeIgniter->runController(Object(App\Controllers\Result))
 4 SYSTEMPATH/CodeIgniter.php(366): CodeIgniter\CodeIgniter->handleRequest(null, Object(Config\Cache), false)
 5 FCPATH/index.php(73): CodeIgniter\CodeIgniter->run()
CRITICAL - 2023-09-21 05:02:48 --> No data found in joined tables.
in APPPATH/Models/WinModel.php on line 42.
 1 APPPATH/Controllers/Win.php(24): App\Models\WinModel->getwinData()
 2 SYSTEMPATH/CodeIgniter.php(932): App\Controllers\Win->index()
 3 SYSTEMPATH/CodeIgniter.php(497): CodeIgniter\CodeIgniter->runController(Object(App\Controllers\Win))
 4 SYSTEMPATH/CodeIgniter.php(366): CodeIgniter\CodeIgniter->handleRequest(null, Object(Config\Cache), false)
 5 FCPATH/index.php(73): CodeIgniter\CodeIgniter->run()
CRITICAL - 2023-09-21 10:33:23 --> Call to undefined method App\Models\ResultModel::findlast
in SYSTEMPATH/Model.php on line 838.
 1 APPPATH/Controllers/Result.php(560): CodeIgniter\Model->__call('findlast', [...])
 2 SYSTEMPATH/CodeIgniter.php(932): App\Controllers\Result->store()
 3 SYSTEMPATH/CodeIgniter.php(497): CodeIgniter\CodeIgniter->runController(Object(App\Controllers\Result))
 4 SYSTEMPATH/CodeIgniter.php(366): CodeIgniter\CodeIgniter->handleRequest(null, Object(Config\Cache), false)
 5 FCPATH/index.php(73): CodeIgniter\CodeIgniter->run()
CRITICAL - 2023-09-21 05:03:36 --> No data found in joined tables.
in APPPATH/Models/WinModel.php on line 42.
 1 APPPATH/Controllers/Win.php(24): App\Models\WinModel->getwinData()
 2 SYSTEMPATH/CodeIgniter.php(932): App\Controllers\Win->index()
 3 SYSTEMPATH/CodeIgniter.php(497): CodeIgniter\CodeIgniter->runController(Object(App\Controllers\Win))
 4 SYSTEMPATH/CodeIgniter.php(366): CodeIgniter\CodeIgniter->handleRequest(null, Object(Config\Cache), false)
 5 FCPATH/index.php(73): CodeIgniter\CodeIgniter->run()
CRITICAL - 2023-09-21 05:05:45 --> No data found in joined tables.
in APPPATH/Models/WinModel.php on line 42.
 1 APPPATH/Controllers/Win.php(24): App\Models\WinModel->getwinData()
 2 SYSTEMPATH/CodeIgniter.php(932): App\Controllers\Win->index()
 3 SYSTEMPATH/CodeIgniter.php(497): CodeIgniter\CodeIgniter->runController(Object(App\Controllers\Win))
 4 SYSTEMPATH/CodeIgniter.php(366): CodeIgniter\CodeIgniter->handleRequest(null, Object(Config\Cache), false)
 5 FCPATH/index.php(73): CodeIgniter\CodeIgniter->run()
CRITICAL - 2023-09-21 05:20:10 --> No data found in joined tables.
in APPPATH/Models/WinModel.php on line 42.
 1 APPPATH/Controllers/Win.php(24): App\Models\WinModel->getwinData()
 2 SYSTEMPATH/CodeIgniter.php(932): App\Controllers\Win->index()
 3 SYSTEMPATH/CodeIgniter.php(497): CodeIgniter\CodeIgniter->runController(Object(App\Controllers\Win))
 4 SYSTEMPATH/CodeIgniter.php(366): CodeIgniter\CodeIgniter->handleRequest(null, Object(Config\Cache), false)
 5 FCPATH/index.php(73): CodeIgniter\CodeIgniter->run()
CRITICAL - 2023-09-21 05:20:12 --> No data found in joined tables.
in APPPATH/Models/CartModel.php on line 331.
 1 APPPATH/Controllers/Cart.php(67): App\Models\CartModel->getwdData()
 2 SYSTEMPATH/CodeIgniter.php(932): App\Controllers\Cart->wd_all()
 3 SYSTEMPATH/CodeIgniter.php(497): CodeIgniter\CodeIgniter->runController(Object(App\Controllers\Cart))
 4 SYSTEMPATH/CodeIgniter.php(366): CodeIgniter\CodeIgniter->handleRequest(null, Object(Config\Cache), false)
 5 FCPATH/index.php(73): CodeIgniter\CodeIgniter->run()
CRITICAL - 2023-09-21 06:17:39 --> No data found in joined tables.
in APPPATH/Models/CartModel.php on line 331.
 1 APPPATH/Controllers/Cart.php(67): App\Models\CartModel->getwdData()
 2 SYSTEMPATH/CodeIgniter.php(932): App\Controllers\Cart->wd_all()
 3 SYSTEMPATH/CodeIgniter.php(497): CodeIgniter\CodeIgniter->runController(Object(App\Controllers\Cart))
 4 SYSTEMPATH/CodeIgniter.php(366): CodeIgniter\CodeIgniter->handleRequest(null, Object(Config\Cache), false)
 5 FCPATH/index.php(73): CodeIgniter\CodeIgniter->run()
CRITICAL - 2023-09-21 06:18:05 --> No data found in joined tables.
in APPPATH/Models/CartModel.php on line 331.
 1 APPPATH/Controllers/Cart.php(67): App\Models\CartModel->getwdData()
 2 SYSTEMPATH/CodeIgniter.php(932): App\Controllers\Cart->wd_all()
 3 SYSTEMPATH/CodeIgniter.php(497): CodeIgniter\CodeIgniter->runController(Object(App\Controllers\Cart))
 4 SYSTEMPATH/CodeIgniter.php(366): CodeIgniter\CodeIgniter->handleRequest(null, Object(Config\Cache), false)
 5 FCPATH/index.php(73): CodeIgniter\CodeIgniter->run()
CRITICAL - 2023-09-21 06:18:53 --> No data found in joined tables.
in APPPATH/Models/CartModel.php on line 331.
 1 APPPATH/Controllers/Cart.php(67): App\Models\CartModel->getwdData()
 2 SYSTEMPATH/CodeIgniter.php(932): App\Controllers\Cart->wd_all()
 3 SYSTEMPATH/CodeIgniter.php(497): CodeIgniter\CodeIgniter->runController(Object(App\Controllers\Cart))
 4 SYSTEMPATH/CodeIgniter.php(366): CodeIgniter\CodeIgniter->handleRequest(null, Object(Config\Cache), false)
 5 FCPATH/index.php(73): CodeIgniter\CodeIgniter->run()
CRITICAL - 2023-09-21 06:29:46 --> No data found in joined tables.
in APPPATH/Models/BidModel.php on line 45.
 1 APPPATH/Controllers/Bid.php(32): App\Models\BidModel->getbdData()
 2 SYSTEMPATH/CodeIgniter.php(932): App\Controllers\Bid->index_admin()
 3 SYSTEMPATH/CodeIgniter.php(497): CodeIgniter\CodeIgniter->runController(Object(App\Controllers\Bid))
 4 SYSTEMPATH/CodeIgniter.php(366): CodeIgniter\CodeIgniter->handleRequest(null, Object(Config\Cache), false)
 5 FCPATH/index.php(73): CodeIgniter\CodeIgniter->run()
CRITICAL - 2023-09-21 07:06:13 --> No data found in joined tables.
in APPPATH/Models/WinModel.php on line 42.
 1 APPPATH/Controllers/Win.php(24): App\Models\WinModel->getwinData()
 2 SYSTEMPATH/CodeIgniter.php(932): App\Controllers\Win->index()
 3 SYSTEMPATH/CodeIgniter.php(497): CodeIgniter\CodeIgniter->runController(Object(App\Controllers\Win))
 4 SYSTEMPATH/CodeIgniter.php(366): CodeIgniter\CodeIgniter->handleRequest(null, Object(Config\Cache), false)
 5 FCPATH/index.php(73): CodeIgniter\CodeIgniter->run()
CRITICAL - 2023-09-21 12:39:04 --> Call to undefined method App\Models\ResultModel::findlast
in SYSTEMPATH/Model.php on line 838.
 1 APPPATH/Controllers/Result.php(560): CodeIgniter\Model->__call('findlast', [...])
 2 SYSTEMPATH/CodeIgniter.php(932): App\Controllers\Result->store()
 3 SYSTEMPATH/CodeIgniter.php(497): CodeIgniter\CodeIgniter->runController(Object(App\Controllers\Result))
 4 SYSTEMPATH/CodeIgniter.php(366): CodeIgniter\CodeIgniter->handleRequest(null, Object(Config\Cache), false)
 5 FCPATH/index.php(73): CodeIgniter\CodeIgniter->run()
CRITICAL - 2023-09-21 07:11:48 --> bid does not exist for specified id
in APPPATH/Models/WinModel.php on line 176.
 1 APPPATH/Controllers/Win.php(107): App\Models\WinModel->findBById('4')
 2 SYSTEMPATH/CodeIgniter.php(932): App\Controllers\Win->bid_win()
 3 SYSTEMPATH/CodeIgniter.php(497): CodeIgniter\CodeIgniter->runController(Object(App\Controllers\Win))
 4 SYSTEMPATH/CodeIgniter.php(366): CodeIgniter\CodeIgniter->handleRequest(null, Object(Config\Cache), false)
 5 FCPATH/index.php(73): CodeIgniter\CodeIgniter->run()
CRITICAL - 2023-09-21 07:15:36 --> win does not exist for specified bid id
in APPPATH/Models/WinModel.php on line 176.
 1 APPPATH/Controllers/Win.php(107): App\Models\WinModel->findBById('4')
 2 SYSTEMPATH/CodeIgniter.php(932): App\Controllers\Win->bid_win()
 3 SYSTEMPATH/CodeIgniter.php(497): CodeIgniter\CodeIgniter->runController(Object(App\Controllers\Win))
 4 SYSTEMPATH/CodeIgniter.php(366): CodeIgniter\CodeIgniter->handleRequest(null, Object(Config\Cache), false)
 5 FCPATH/index.php(73): CodeIgniter\CodeIgniter->run()
CRITICAL - 2023-09-21 07:16:24 --> win does not exist for specified bid id4
in APPPATH/Models/WinModel.php on line 176.
 1 APPPATH/Controllers/Win.php(107): App\Models\WinModel->findBById('4')
 2 SYSTEMPATH/CodeIgniter.php(932): App\Controllers\Win->bid_win()
 3 SYSTEMPATH/CodeIgniter.php(497): CodeIgniter\CodeIgniter->runController(Object(App\Controllers\Win))
 4 SYSTEMPATH/CodeIgniter.php(366): CodeIgniter\CodeIgniter->handleRequest(null, Object(Config\Cache), false)
 5 FCPATH/index.php(73): CodeIgniter\CodeIgniter->run()
CRITICAL - 2023-09-21 07:16:34 --> win does not exist for specified bid id4
in APPPATH/Models/WinModel.php on line 176.
 1 APPPATH/Controllers/Win.php(107): App\Models\WinModel->findBById('4')
 2 SYSTEMPATH/CodeIgniter.php(932): App\Controllers\Win->bid_win()
 3 SYSTEMPATH/CodeIgniter.php(497): CodeIgniter\CodeIgniter->runController(Object(App\Controllers\Win))
 4 SYSTEMPATH/CodeIgniter.php(366): CodeIgniter\CodeIgniter->handleRequest(null, Object(Config\Cache), false)
 5 FCPATH/index.php(73): CodeIgniter\CodeIgniter->run()
CRITICAL - 2023-09-21 07:21:27 --> win does not exist for specified bid id4
in APPPATH/Models/WinModel.php on line 176.
 1 APPPATH/Controllers/Win.php(107): App\Models\WinModel->findBById('4')
 2 SYSTEMPATH/CodeIgniter.php(932): App\Controllers\Win->bid_win()
 3 SYSTEMPATH/CodeIgniter.php(497): CodeIgniter\CodeIgniter->runController(Object(App\Controllers\Win))
 4 SYSTEMPATH/CodeIgniter.php(366): CodeIgniter\CodeIgniter->handleRequest(null, Object(Config\Cache), false)
 5 FCPATH/index.php(73): CodeIgniter\CodeIgniter->run()
CRITICAL - 2023-09-21 07:21:54 --> Call to undefined method App\Models\WinModel::findBByIdAd
in SYSTEMPATH/Model.php on line 838.
 1 APPPATH/Controllers/Win.php(107): CodeIgniter\Model->__call('findBByIdAd', [...])
 2 SYSTEMPATH/CodeIgniter.php(932): App\Controllers\Win->bid_win()
 3 SYSTEMPATH/CodeIgniter.php(497): CodeIgniter\CodeIgniter->runController(Object(App\Controllers\Win))
 4 SYSTEMPATH/CodeIgniter.php(366): CodeIgniter\CodeIgniter->handleRequest(null, Object(Config\Cache), false)
 5 FCPATH/index.php(73): CodeIgniter\CodeIgniter->run()
CRITICAL - 2023-09-21 07:26:34 --> Service does not exist for specified id
in APPPATH/Models/BidModel.php on line 345.
 1 APPPATH/Controllers/Win.php(96): App\Models\BidModel->findGByIdA('1')
 2 SYSTEMPATH/CodeIgniter.php(932): App\Controllers\Win->bid_win()
 3 SYSTEMPATH/CodeIgniter.php(497): CodeIgniter\CodeIgniter->runController(Object(App\Controllers\Win))
 4 SYSTEMPATH/CodeIgniter.php(366): CodeIgniter\CodeIgniter->handleRequest(null, Object(Config\Cache), false)
 5 FCPATH/index.php(73): CodeIgniter\CodeIgniter->run()
CRITICAL - 2023-09-21 07:30:05 --> Cannot use object of type stdClass as array
in APPPATH/Controllers/Win.php on line 102.
 1 SYSTEMPATH/CodeIgniter.php(932): App\Controllers\Win->bid_win()
 2 SYSTEMPATH/CodeIgniter.php(497): CodeIgniter\CodeIgniter->runController(Object(App\Controllers\Win))
 3 SYSTEMPATH/CodeIgniter.php(366): CodeIgniter\CodeIgniter->handleRequest(null, Object(Config\Cache), false)
 4 FCPATH/index.php(73): CodeIgniter\CodeIgniter->run()
CRITICAL - 2023-09-21 07:30:19 --> Cannot use object of type stdClass as array
in APPPATH/Controllers/Win.php on line 102.
 1 SYSTEMPATH/CodeIgniter.php(932): App\Controllers\Win->bid_win()
 2 SYSTEMPATH/CodeIgniter.php(497): CodeIgniter\CodeIgniter->runController(Object(App\Controllers\Win))
 3 SYSTEMPATH/CodeIgniter.php(366): CodeIgniter\CodeIgniter->handleRequest(null, Object(Config\Cache), false)
 4 FCPATH/index.php(73): CodeIgniter\CodeIgniter->run()
CRITICAL - 2023-09-21 08:52:48 --> Undefined variable $data
in APPPATH/Controllers/Win.php on line 141.
 1 APPPATH/Controllers/Win.php(141): CodeIgniter\Debug\Exceptions->errorHandler(2, 'Undefined variable $data', '/home4/maala7ea/app/app/Controllers/Win.php', 141)
 2 SYSTEMPATH/CodeIgniter.php(932): App\Controllers\Win->bid_win()
 3 SYSTEMPATH/CodeIgniter.php(497): CodeIgniter\CodeIgniter->runController(Object(App\Controllers\Win))
 4 SYSTEMPATH/CodeIgniter.php(366): CodeIgniter\CodeIgniter->handleRequest(null, Object(Config\Cache), false)
 5 FCPATH/index.php(73): CodeIgniter\CodeIgniter->run()
CRITICAL - 2023-09-21 08:52:49 --> Undefined variable $data
in APPPATH/Controllers/Win.php on line 141.
 1 APPPATH/Controllers/Win.php(141): CodeIgniter\Debug\Exceptions->errorHandler(2, 'Undefined variable $data', '/home4/maala7ea/app/app/Controllers/Win.php', 141)
 2 SYSTEMPATH/CodeIgniter.php(932): App\Controllers\Win->bid_win()
 3 SYSTEMPATH/CodeIgniter.php(497): CodeIgniter\CodeIgniter->runController(Object(App\Controllers\Win))
 4 SYSTEMPATH/CodeIgniter.php(366): CodeIgniter\CodeIgniter->handleRequest(null, Object(Config\Cache), false)
 5 FCPATH/index.php(73): CodeIgniter\CodeIgniter->run()
CRITICAL - 2023-09-21 08:53:05 --> Undefined variable $data
in APPPATH/Controllers/Win.php on line 141.
 1 APPPATH/Controllers/Win.php(141): CodeIgniter\Debug\Exceptions->errorHandler(2, 'Undefined variable $data', '/home4/maala7ea/app/app/Controllers/Win.php', 141)
 2 SYSTEMPATH/CodeIgniter.php(932): App\Controllers\Win->bid_win()
 3 SYSTEMPATH/CodeIgniter.php(497): CodeIgniter\CodeIgniter->runController(Object(App\Controllers\Win))
 4 SYSTEMPATH/CodeIgniter.php(366): CodeIgniter\CodeIgniter->handleRequest(null, Object(Config\Cache), false)
 5 FCPATH/index.php(73): CodeIgniter\CodeIgniter->run()
CRITICAL - 2023-09-21 08:53:11 --> Undefined variable $data
in APPPATH/Controllers/Win.php on line 141.
 1 APPPATH/Controllers/Win.php(141): CodeIgniter\Debug\Exceptions->errorHandler(2, 'Undefined variable $data', '/home4/maala7ea/app/app/Controllers/Win.php', 141)
 2 SYSTEMPATH/CodeIgniter.php(932): App\Controllers\Win->bid_win()
 3 SYSTEMPATH/CodeIgniter.php(497): CodeIgniter\CodeIgniter->runController(Object(App\Controllers\Win))
 4 SYSTEMPATH/CodeIgniter.php(366): CodeIgniter\CodeIgniter->handleRequest(null, Object(Config\Cache), false)
 5 FCPATH/index.php(73): CodeIgniter\CodeIgniter->run()
CRITICAL - 2023-09-21 08:53:52 --> Undefined variable $data
in APPPATH/Controllers/Win.php on line 141.
 1 APPPATH/Controllers/Win.php(141): CodeIgniter\Debug\Exceptions->errorHandler(2, 'Undefined variable $data', '/home4/maala7ea/app/app/Controllers/Win.php', 141)
 2 SYSTEMPATH/CodeIgniter.php(932): App\Controllers\Win->bid_win()
 3 SYSTEMPATH/CodeIgniter.php(497): CodeIgniter\CodeIgniter->runController(Object(App\Controllers\Win))
 4 SYSTEMPATH/CodeIgniter.php(366): CodeIgniter\CodeIgniter->handleRequest(null, Object(Config\Cache), false)
 5 FCPATH/index.php(73): CodeIgniter\CodeIgniter->run()
CRITICAL - 2023-09-21 08:53:55 --> Undefined variable $data
in APPPATH/Controllers/Win.php on line 141.
 1 APPPATH/Controllers/Win.php(141): CodeIgniter\Debug\Exceptions->errorHandler(2, 'Undefined variable $data', '/home4/maala7ea/app/app/Controllers/Win.php', 141)
 2 SYSTEMPATH/CodeIgniter.php(932): App\Controllers\Win->bid_win()
 3 SYSTEMPATH/CodeIgniter.php(497): CodeIgniter\CodeIgniter->runController(Object(App\Controllers\Win))
 4 SYSTEMPATH/CodeIgniter.php(366): CodeIgniter\CodeIgniter->handleRequest(null, Object(Config\Cache), false)
 5 FCPATH/index.php(73): CodeIgniter\CodeIgniter->run()
CRITICAL - 2023-09-21 16:21:58 --> Call to undefined method App\Models\ResultModel::findlast
in SYSTEMPATH/Model.php on line 838.
 1 APPPATH/Controllers/Result.php(560): CodeIgniter\Model->__call('findlast', [...])
 2 SYSTEMPATH/CodeIgniter.php(932): App\Controllers\Result->store()
 3 SYSTEMPATH/CodeIgniter.php(497): CodeIgniter\CodeIgniter->runController(Object(App\Controllers\Result))
 4 SYSTEMPATH/CodeIgniter.php(366): CodeIgniter\CodeIgniter->handleRequest(null, Object(Config\Cache), false)
 5 FCPATH/index.php(73): CodeIgniter\CodeIgniter->run()
CRITICAL - 2023-09-21 16:22:13 --> Call to undefined method App\Models\ResultModel::findlast
in SYSTEMPATH/Model.php on line 838.
 1 APPPATH/Controllers/Result.php(560): CodeIgniter\Model->__call('findlast', [...])
 2 SYSTEMPATH/CodeIgniter.php(932): App\Controllers\Result->store()
 3 SYSTEMPATH/CodeIgniter.php(497): CodeIgniter\CodeIgniter->runController(Object(App\Controllers\Result))
 4 SYSTEMPATH/CodeIgniter.php(366): CodeIgniter\CodeIgniter->handleRequest(null, Object(Config\Cache), false)
 5 FCPATH/index.php(73): CodeIgniter\CodeIgniter->run()
CRITICAL - 2023-09-21 16:22:57 --> Call to undefined method App\Models\ResultModel::findlast
in SYSTEMPATH/Model.php on line 838.
 1 APPPATH/Controllers/Result.php(560): CodeIgniter\Model->__call('findlast', [...])
 2 SYSTEMPATH/CodeIgniter.php(932): App\Controllers\Result->store()
 3 SYSTEMPATH/CodeIgniter.php(497): CodeIgniter\CodeIgniter->runController(Object(App\Controllers\Result))
 4 SYSTEMPATH/CodeIgniter.php(366): CodeIgniter\CodeIgniter->handleRequest(null, Object(Config\Cache), false)
 5 FCPATH/index.php(73): CodeIgniter\CodeIgniter->run()
CRITICAL - 2023-09-21 16:24:46 --> Call to undefined method App\Models\ResultModel::findlast
in SYSTEMPATH/Model.php on line 838.
 1 APPPATH/Controllers/Result.php(560): CodeIgniter\Model->__call('findlast', [...])
 2 SYSTEMPATH/CodeIgniter.php(932): App\Controllers\Result->store()
 3 SYSTEMPATH/CodeIgniter.php(497): CodeIgniter\CodeIgniter->runController(Object(App\Controllers\Result))
 4 SYSTEMPATH/CodeIgniter.php(366): CodeIgniter\CodeIgniter->handleRequest(null, Object(Config\Cache), false)
 5 FCPATH/index.php(73): CodeIgniter\CodeIgniter->run()
CRITICAL - 2023-09-21 16:25:08 --> Call to undefined method App\Models\ResultModel::findlast
in SYSTEMPATH/Model.php on line 838.
 1 APPPATH/Controllers/Result.php(560): CodeIgniter\Model->__call('findlast', [...])
 2 SYSTEMPATH/CodeIgniter.php(932): App\Controllers\Result->store()
 3 SYSTEMPATH/CodeIgniter.php(497): CodeIgniter\CodeIgniter->runController(Object(App\Controllers\Result))
 4 SYSTEMPATH/CodeIgniter.php(366): CodeIgniter\CodeIgniter->handleRequest(null, Object(Config\Cache), false)
 5 FCPATH/index.php(73): CodeIgniter\CodeIgniter->run()
CRITICAL - 2023-09-21 16:34:30 --> Call to undefined method App\Models\ResultModel::findlast
in SYSTEMPATH/Model.php on line 838.
 1 APPPATH/Controllers/Result.php(560): CodeIgniter\Model->__call('findlast', [...])
 2 SYSTEMPATH/CodeIgniter.php(932): App\Controllers\Result->store()
 3 SYSTEMPATH/CodeIgniter.php(497): CodeIgniter\CodeIgniter->runController(Object(App\Controllers\Result))
 4 SYSTEMPATH/CodeIgniter.php(366): CodeIgniter\CodeIgniter->handleRequest(null, Object(Config\Cache), false)
 5 FCPATH/index.php(73): CodeIgniter\CodeIgniter->run()
CRITICAL - 2023-09-21 16:36:06 --> Call to undefined method App\Models\ResultModel::findlast
in SYSTEMPATH/Model.php on line 838.
 1 APPPATH/Controllers/Result.php(560): CodeIgniter\Model->__call('findlast', [...])
 2 SYSTEMPATH/CodeIgniter.php(932): App\Controllers\Result->store()
 3 SYSTEMPATH/CodeIgniter.php(497): CodeIgniter\CodeIgniter->runController(Object(App\Controllers\Result))
 4 SYSTEMPATH/CodeIgniter.php(366): CodeIgniter\CodeIgniter->handleRequest(null, Object(Config\Cache), false)
 5 FCPATH/index.php(73): CodeIgniter\CodeIgniter->run()
CRITICAL - 2023-09-21 16:38:25 --> Call to undefined method App\Models\ResultModel::findlast
in SYSTEMPATH/Model.php on line 838.
 1 APPPATH/Controllers/Result.php(560): CodeIgniter\Model->__call('findlast', [...])
 2 SYSTEMPATH/CodeIgniter.php(932): App\Controllers\Result->store()
 3 SYSTEMPATH/CodeIgniter.php(497): CodeIgniter\CodeIgniter->runController(Object(App\Controllers\Result))
 4 SYSTEMPATH/CodeIgniter.php(366): CodeIgniter\CodeIgniter->handleRequest(null, Object(Config\Cache), false)
 5 FCPATH/index.php(73): CodeIgniter\CodeIgniter->run()
CRITICAL - 2023-09-21 16:39:41 --> Call to undefined method App\Models\ResultModel::findlast
in SYSTEMPATH/Model.php on line 838.
 1 APPPATH/Controllers/Result.php(560): CodeIgniter\Model->__call('findlast', [...])
 2 SYSTEMPATH/CodeIgniter.php(932): App\Controllers\Result->store()
 3 SYSTEMPATH/CodeIgniter.php(497): CodeIgniter\CodeIgniter->runController(Object(App\Controllers\Result))
 4 SYSTEMPATH/CodeIgniter.php(366): CodeIgniter\CodeIgniter->handleRequest(null, Object(Config\Cache), false)
 5 FCPATH/index.php(73): CodeIgniter\CodeIgniter->run()
CRITICAL - 2023-09-21 12:50:24 --> Undefined variable $data
in APPPATH/Controllers/Win.php on line 141.
 1 APPPATH/Controllers/Win.php(141): CodeIgniter\Debug\Exceptions->errorHandler(2, 'Undefined variable $data', '/home4/maala7ea/app/app/Controllers/Win.php', 141)
 2 SYSTEMPATH/CodeIgniter.php(932): App\Controllers\Win->bid_win()
 3 SYSTEMPATH/CodeIgniter.php(497): CodeIgniter\CodeIgniter->runController(Object(App\Controllers\Win))
 4 SYSTEMPATH/CodeIgniter.php(366): CodeIgniter\CodeIgniter->handleRequest(null, Object(Config\Cache), false)
 5 FCPATH/index.php(73): CodeIgniter\CodeIgniter->run()
