CRITICAL - 2023-09-14 05:06:08 --> Result does not exist for specified id
in APPPATH/Models/ResultModel.php on line 192.
 1 APPPATH/Controllers/Result.php(290): App\Models\ResultModel->findGByIdA('5')
 2 SYSTEMPATH/CodeIgniter.php(932): App\Controllers\Result->by_g_id('5')
 3 SYSTEMPATH/CodeIgniter.php(497): CodeIgniter\CodeIgniter->runController(Object(App\Controllers\Result))
 4 SYSTEMPATH/CodeIgniter.php(366): CodeIgniter\CodeIgniter->handleRequest(null, Object(Config\Cache), false)
 5 FCPATH/index.php(73): CodeIgniter\CodeIgniter->run()
CRITICAL - 2023-09-14 05:06:08 --> Result does not exist for specified id
in APPPATH/Models/ResultModel.php on line 192.
 1 APPPATH/Controllers/Result.php(290): App\Models\ResultModel->findGByIdA('5')
 2 SYSTEMPATH/CodeIgniter.php(932): App\Controllers\Result->by_g_id('5')
 3 SYSTEMPATH/CodeIgniter.php(497): CodeIgniter\CodeIgniter->runController(Object(App\Controllers\Result))
 4 SYSTEMPATH/CodeIgniter.php(366): CodeIgniter\CodeIgniter->handleRequest(null, Object(Config\Cache), false)
 5 FCPATH/index.php(73): CodeIgniter\CodeIgniter->run()
CRITICAL - 2023-09-14 05:06:15 --> Result does not exist for specified id
in APPPATH/Models/ResultModel.php on line 192.
 1 APPPATH/Controllers/Result.php(290): App\Models\ResultModel->findGByIdA('8')
 2 SYSTEMPATH/CodeIgniter.php(932): App\Controllers\Result->by_g_id('8')
 3 SYSTEMPATH/CodeIgniter.php(497): CodeIgniter\CodeIgniter->runController(Object(App\Controllers\Result))
 4 SYSTEMPATH/CodeIgniter.php(366): CodeIgniter\CodeIgniter->handleRequest(null, Object(Config\Cache), false)
 5 FCPATH/index.php(73): CodeIgniter\CodeIgniter->run()
CRITICAL - 2023-09-14 05:06:15 --> Result does not exist for specified id
in APPPATH/Models/ResultModel.php on line 192.
 1 APPPATH/Controllers/Result.php(290): App\Models\ResultModel->findGByIdA('8')
 2 SYSTEMPATH/CodeIgniter.php(932): App\Controllers\Result->by_g_id('8')
 3 SYSTEMPATH/CodeIgniter.php(497): CodeIgniter\CodeIgniter->runController(Object(App\Controllers\Result))
 4 SYSTEMPATH/CodeIgniter.php(366): CodeIgniter\CodeIgniter->handleRequest(null, Object(Config\Cache), false)
 5 FCPATH/index.php(73): CodeIgniter\CodeIgniter->run()
CRITICAL - 2023-09-14 05:06:24 --> Result does not exist for specified id
in APPPATH/Models/ResultModel.php on line 192.
 1 APPPATH/Controllers/Result.php(290): App\Models\ResultModel->findGByIdA('14')
 2 SYSTEMPATH/CodeIgniter.php(932): App\Controllers\Result->by_g_id('14')
 3 SYSTEMPATH/CodeIgniter.php(497): CodeIgniter\CodeIgniter->runController(Object(App\Controllers\Result))
 4 SYSTEMPATH/CodeIgniter.php(366): CodeIgniter\CodeIgniter->handleRequest(null, Object(Config\Cache), false)
 5 FCPATH/index.php(73): CodeIgniter\CodeIgniter->run()
CRITICAL - 2023-09-14 05:06:25 --> Result does not exist for specified id
in APPPATH/Models/ResultModel.php on line 192.
 1 APPPATH/Controllers/Result.php(290): App\Models\ResultModel->findGByIdA('14')
 2 SYSTEMPATH/CodeIgniter.php(932): App\Controllers\Result->by_g_id('14')
 3 SYSTEMPATH/CodeIgniter.php(497): CodeIgniter\CodeIgniter->runController(Object(App\Controllers\Result))
 4 SYSTEMPATH/CodeIgniter.php(366): CodeIgniter\CodeIgniter->handleRequest(null, Object(Config\Cache), false)
 5 FCPATH/index.php(73): CodeIgniter\CodeIgniter->run()
