CRITICAL - 2024-05-06 06:19:30 --> Undefined variable $json_user
in APPPATH\Views\user_list.php on line 356.
 1 APPPATH\Views\user_list.php(356): CodeIgniter\Debug\Exceptions->errorHandler(2, 'Undefined variable $json_user', 'C:\\xampp\\htdocs\\mojmain\\app\\Views\\user_list.php', 356)
 2 SYSTEMPATH\View\View.php(224): include('C:\\xampp\\htdocs\\mojmain\\app\\Views\\user_list.php')
 3 SYSTEMPATH\View\View.php(227): CodeIgniter\View\View->CodeIgniter\View\{closure}()
 4 SYSTEMPATH\Common.php(1180): CodeIgniter\View\View->render('user_list', [], true)
 5 APPPATH\Controllers\Home.php(117): view('user_list', [...])
 6 SYSTEMPATH\CodeIgniter.php(932): App\Controllers\Home->user_list()
 7 SYSTEMPATH\CodeIgniter.php(497): CodeIgniter\CodeIgniter->runController(Object(App\Controllers\Home))
 8 SYSTEMPATH\CodeIgniter.php(366): CodeIgniter\CodeIgniter->handleRequest(null, Object(Config\Cache), false)
 9 FCPATH\index.php(67): CodeIgniter\CodeIgniter->run()
10 SYSTEMPATH\Commands\Server\rewrite.php(47): require_once('C:\\xampp\\htdocs\\mojmain\\public\\index.php')
CRITICAL - 2024-05-06 06:20:06 --> Undefined array key 0
in APPPATH\Controllers\Home.php on line 110.
 1 APPPATH\Controllers\Home.php(110): CodeIgniter\Debug\Exceptions->errorHandler(2, 'Undefined array key 0', 'C:\\xampp\\htdocs\\mojmain\\app\\Controllers\\Home.php', 110)
 2 SYSTEMPATH\CodeIgniter.php(932): App\Controllers\Home->user_list()
 3 SYSTEMPATH\CodeIgniter.php(497): CodeIgniter\CodeIgniter->runController(Object(App\Controllers\Home))
 4 SYSTEMPATH\CodeIgniter.php(366): CodeIgniter\CodeIgniter->handleRequest(null, Object(Config\Cache), false)
 5 FCPATH\index.php(67): CodeIgniter\CodeIgniter->run()
 6 SYSTEMPATH\Commands\Server\rewrite.php(47): require_once('C:\\xampp\\htdocs\\mojmain\\public\\index.php')
CRITICAL - 2024-05-06 06:21:19 --> User does not exist for specified user id
in APPPATH\Models\UserModel.php on line 125.
 1 APPPATH\Controllers\Home.php(109): App\Models\UserModel->getAllUserData()
 2 SYSTEMPATH\CodeIgniter.php(932): App\Controllers\Home->user_list()
 3 SYSTEMPATH\CodeIgniter.php(497): CodeIgniter\CodeIgniter->runController(Object(App\Controllers\Home))
 4 SYSTEMPATH\CodeIgniter.php(366): CodeIgniter\CodeIgniter->handleRequest(null, Object(Config\Cache), false)
 5 FCPATH\index.php(67): CodeIgniter\CodeIgniter->run()
 6 SYSTEMPATH\Commands\Server\rewrite.php(47): require_once('C:\\xampp\\htdocs\\mojmain\\public\\index.php')
CRITICAL - 2024-05-06 06:21:20 --> User does not exist for specified user id
in APPPATH\Models\UserModel.php on line 125.
 1 APPPATH\Controllers\Home.php(109): App\Models\UserModel->getAllUserData()
 2 SYSTEMPATH\CodeIgniter.php(932): App\Controllers\Home->user_list()
 3 SYSTEMPATH\CodeIgniter.php(497): CodeIgniter\CodeIgniter->runController(Object(App\Controllers\Home))
 4 SYSTEMPATH\CodeIgniter.php(366): CodeIgniter\CodeIgniter->handleRequest(null, Object(Config\Cache), false)
 5 FCPATH\index.php(67): CodeIgniter\CodeIgniter->run()
 6 SYSTEMPATH\Commands\Server\rewrite.php(47): require_once('C:\\xampp\\htdocs\\mojmain\\public\\index.php')
CRITICAL - 2024-05-06 06:21:47 --> Trying to access array offset on value of type bool
in APPPATH\Controllers\Home.php on line 110.
 1 APPPATH\Controllers\Home.php(110): CodeIgniter\Debug\Exceptions->errorHandler(2, 'Trying to access array offset on value of type bool', 'C:\\xampp\\htdocs\\mojmain\\app\\Controllers\\Home.php', 110)
 2 SYSTEMPATH\CodeIgniter.php(932): App\Controllers\Home->user_list()
 3 SYSTEMPATH\CodeIgniter.php(497): CodeIgniter\CodeIgniter->runController(Object(App\Controllers\Home))
 4 SYSTEMPATH\CodeIgniter.php(366): CodeIgniter\CodeIgniter->handleRequest(null, Object(Config\Cache), false)
 5 FCPATH\index.php(67): CodeIgniter\CodeIgniter->run()
 6 SYSTEMPATH\Commands\Server\rewrite.php(47): require_once('C:\\xampp\\htdocs\\mojmain\\public\\index.php')
CRITICAL - 2024-05-06 06:22:23 --> Array to string conversion
in APPPATH\Models\UserModel.php on line 125.
 1 APPPATH\Models\UserModel.php(125): CodeIgniter\Debug\Exceptions->errorHandler(2, 'Array to string conversion', 'C:\\xampp\\htdocs\\mojmain\\app\\Models\\UserModel.php', 125)
 2 APPPATH\Controllers\Home.php(109): App\Models\UserModel->getAllUserData()
 3 SYSTEMPATH\CodeIgniter.php(932): App\Controllers\Home->user_list()
 4 SYSTEMPATH\CodeIgniter.php(497): CodeIgniter\CodeIgniter->runController(Object(App\Controllers\Home))
 5 SYSTEMPATH\CodeIgniter.php(366): CodeIgniter\CodeIgniter->handleRequest(null, Object(Config\Cache), false)
 6 FCPATH\index.php(67): CodeIgniter\CodeIgniter->run()
 7 SYSTEMPATH\Commands\Server\rewrite.php(47): require_once('C:\\xampp\\htdocs\\mojmain\\public\\index.php')
CRITICAL - 2024-05-06 06:22:44 --> Trying to access array offset on value of type bool
in APPPATH\Controllers\Home.php on line 110.
 1 APPPATH\Controllers\Home.php(110): CodeIgniter\Debug\Exceptions->errorHandler(2, 'Trying to access array offset on value of type bool', 'C:\\xampp\\htdocs\\mojmain\\app\\Controllers\\Home.php', 110)
 2 SYSTEMPATH\CodeIgniter.php(932): App\Controllers\Home->user_list()
 3 SYSTEMPATH\CodeIgniter.php(497): CodeIgniter\CodeIgniter->runController(Object(App\Controllers\Home))
 4 SYSTEMPATH\CodeIgniter.php(366): CodeIgniter\CodeIgniter->handleRequest(null, Object(Config\Cache), false)
 5 FCPATH\index.php(67): CodeIgniter\CodeIgniter->run()
 6 SYSTEMPATH\Commands\Server\rewrite.php(47): require_once('C:\\xampp\\htdocs\\mojmain\\public\\index.php')
CRITICAL - 2024-05-06 06:22:46 --> Trying to access array offset on value of type bool
in APPPATH\Controllers\Home.php on line 110.
 1 APPPATH\Controllers\Home.php(110): CodeIgniter\Debug\Exceptions->errorHandler(2, 'Trying to access array offset on value of type bool', 'C:\\xampp\\htdocs\\mojmain\\app\\Controllers\\Home.php', 110)
 2 SYSTEMPATH\CodeIgniter.php(932): App\Controllers\Home->user_list()
 3 SYSTEMPATH\CodeIgniter.php(497): CodeIgniter\CodeIgniter->runController(Object(App\Controllers\Home))
 4 SYSTEMPATH\CodeIgniter.php(366): CodeIgniter\CodeIgniter->handleRequest(null, Object(Config\Cache), false)
 5 FCPATH\index.php(67): CodeIgniter\CodeIgniter->run()
 6 SYSTEMPATH\Commands\Server\rewrite.php(47): require_once('C:\\xampp\\htdocs\\mojmain\\public\\index.php')
CRITICAL - 2024-05-06 06:22:46 --> Trying to access array offset on value of type bool
in APPPATH\Controllers\Home.php on line 110.
 1 APPPATH\Controllers\Home.php(110): CodeIgniter\Debug\Exceptions->errorHandler(2, 'Trying to access array offset on value of type bool', 'C:\\xampp\\htdocs\\mojmain\\app\\Controllers\\Home.php', 110)
 2 SYSTEMPATH\CodeIgniter.php(932): App\Controllers\Home->user_list()
 3 SYSTEMPATH\CodeIgniter.php(497): CodeIgniter\CodeIgniter->runController(Object(App\Controllers\Home))
 4 SYSTEMPATH\CodeIgniter.php(366): CodeIgniter\CodeIgniter->handleRequest(null, Object(Config\Cache), false)
 5 FCPATH\index.php(67): CodeIgniter\CodeIgniter->run()
 6 SYSTEMPATH\Commands\Server\rewrite.php(47): require_once('C:\\xampp\\htdocs\\mojmain\\public\\index.php')
CRITICAL - 2024-05-06 06:22:47 --> Trying to access array offset on value of type bool
in APPPATH\Controllers\Home.php on line 110.
 1 APPPATH\Controllers\Home.php(110): CodeIgniter\Debug\Exceptions->errorHandler(2, 'Trying to access array offset on value of type bool', 'C:\\xampp\\htdocs\\mojmain\\app\\Controllers\\Home.php', 110)
 2 SYSTEMPATH\CodeIgniter.php(932): App\Controllers\Home->user_list()
 3 SYSTEMPATH\CodeIgniter.php(497): CodeIgniter\CodeIgniter->runController(Object(App\Controllers\Home))
 4 SYSTEMPATH\CodeIgniter.php(366): CodeIgniter\CodeIgniter->handleRequest(null, Object(Config\Cache), false)
 5 FCPATH\index.php(67): CodeIgniter\CodeIgniter->run()
 6 SYSTEMPATH\Commands\Server\rewrite.php(47): require_once('C:\\xampp\\htdocs\\mojmain\\public\\index.php')
CRITICAL - 2024-05-06 06:23:06 --> Trying to access array offset on value of type bool
in APPPATH\Controllers\Home.php on line 110.
 1 APPPATH\Controllers\Home.php(110): CodeIgniter\Debug\Exceptions->errorHandler(2, 'Trying to access array offset on value of type bool', 'C:\\xampp\\htdocs\\mojmain\\app\\Controllers\\Home.php', 110)
 2 SYSTEMPATH\CodeIgniter.php(932): App\Controllers\Home->user_list()
 3 SYSTEMPATH\CodeIgniter.php(497): CodeIgniter\CodeIgniter->runController(Object(App\Controllers\Home))
 4 SYSTEMPATH\CodeIgniter.php(366): CodeIgniter\CodeIgniter->handleRequest(null, Object(Config\Cache), false)
 5 FCPATH\index.php(67): CodeIgniter\CodeIgniter->run()
 6 SYSTEMPATH\Commands\Server\rewrite.php(47): require_once('C:\\xampp\\htdocs\\mojmain\\public\\index.php')
CRITICAL - 2024-05-06 06:24:57 --> Trying to access array offset on value of type bool
in APPPATH\Controllers\Home.php on line 110.
 1 APPPATH\Controllers\Home.php(110): CodeIgniter\Debug\Exceptions->errorHandler(2, 'Trying to access array offset on value of type bool', 'C:\\xampp\\htdocs\\mojmain\\app\\Controllers\\Home.php', 110)
 2 SYSTEMPATH\CodeIgniter.php(932): App\Controllers\Home->user_list()
 3 SYSTEMPATH\CodeIgniter.php(497): CodeIgniter\CodeIgniter->runController(Object(App\Controllers\Home))
 4 SYSTEMPATH\CodeIgniter.php(366): CodeIgniter\CodeIgniter->handleRequest(null, Object(Config\Cache), false)
 5 FCPATH\index.php(67): CodeIgniter\CodeIgniter->run()
 6 SYSTEMPATH\Commands\Server\rewrite.php(47): require_once('C:\\xampp\\htdocs\\mojmain\\public\\index.php')
CRITICAL - 2024-05-06 06:34:29 --> Undefined array key "Users"
in APPPATH\Controllers\Home.php on line 111.
 1 APPPATH\Controllers\Home.php(111): CodeIgniter\Debug\Exceptions->errorHandler(2, 'Undefined array key "Users"', 'C:\\xampp\\htdocs\\mojmain\\app\\Controllers\\Home.php', 111)
 2 SYSTEMPATH\CodeIgniter.php(932): App\Controllers\Home->user_list()
 3 SYSTEMPATH\CodeIgniter.php(497): CodeIgniter\CodeIgniter->runController(Object(App\Controllers\Home))
 4 SYSTEMPATH\CodeIgniter.php(366): CodeIgniter\CodeIgniter->handleRequest(null, Object(Config\Cache), false)
 5 FCPATH\index.php(67): CodeIgniter\CodeIgniter->run()
 6 SYSTEMPATH\Commands\Server\rewrite.php(47): require_once('C:\\xampp\\htdocs\\mojmain\\public\\index.php')
CRITICAL - 2024-05-06 06:35:52 --> Undefined array key "Users"
in APPPATH\Controllers\Home.php on line 111.
 1 APPPATH\Controllers\Home.php(111): CodeIgniter\Debug\Exceptions->errorHandler(2, 'Undefined array key "Users"', 'C:\\xampp\\htdocs\\mojmain\\app\\Controllers\\Home.php', 111)
 2 SYSTEMPATH\CodeIgniter.php(932): App\Controllers\Home->user_list()
 3 SYSTEMPATH\CodeIgniter.php(497): CodeIgniter\CodeIgniter->runController(Object(App\Controllers\Home))
 4 SYSTEMPATH\CodeIgniter.php(366): CodeIgniter\CodeIgniter->handleRequest(null, Object(Config\Cache), false)
 5 FCPATH\index.php(67): CodeIgniter\CodeIgniter->run()
 6 SYSTEMPATH\Commands\Server\rewrite.php(47): require_once('C:\\xampp\\htdocs\\mojmain\\public\\index.php')
CRITICAL - 2024-05-06 06:36:14 --> Undefined array key "Users"
in APPPATH\Controllers\Home.php on line 111.
 1 APPPATH\Controllers\Home.php(111): CodeIgniter\Debug\Exceptions->errorHandler(2, 'Undefined array key "Users"', 'C:\\xampp\\htdocs\\mojmain\\app\\Controllers\\Home.php', 111)
 2 SYSTEMPATH\CodeIgniter.php(932): App\Controllers\Home->user_list()
 3 SYSTEMPATH\CodeIgniter.php(497): CodeIgniter\CodeIgniter->runController(Object(App\Controllers\Home))
 4 SYSTEMPATH\CodeIgniter.php(366): CodeIgniter\CodeIgniter->handleRequest(null, Object(Config\Cache), false)
 5 FCPATH\index.php(67): CodeIgniter\CodeIgniter->run()
 6 SYSTEMPATH\Commands\Server\rewrite.php(47): require_once('C:\\xampp\\htdocs\\mojmain\\public\\index.php')
CRITICAL - 2024-05-06 06:36:16 --> Undefined array key "Users"
in APPPATH\Controllers\Home.php on line 111.
 1 APPPATH\Controllers\Home.php(111): CodeIgniter\Debug\Exceptions->errorHandler(2, 'Undefined array key "Users"', 'C:\\xampp\\htdocs\\mojmain\\app\\Controllers\\Home.php', 111)
 2 SYSTEMPATH\CodeIgniter.php(932): App\Controllers\Home->user_list()
 3 SYSTEMPATH\CodeIgniter.php(497): CodeIgniter\CodeIgniter->runController(Object(App\Controllers\Home))
 4 SYSTEMPATH\CodeIgniter.php(366): CodeIgniter\CodeIgniter->handleRequest(null, Object(Config\Cache), false)
 5 FCPATH\index.php(67): CodeIgniter\CodeIgniter->run()
 6 SYSTEMPATH\Commands\Server\rewrite.php(47): require_once('C:\\xampp\\htdocs\\mojmain\\public\\index.php')
CRITICAL - 2024-05-06 06:36:16 --> Undefined array key "Users"
in APPPATH\Controllers\Home.php on line 111.
 1 APPPATH\Controllers\Home.php(111): CodeIgniter\Debug\Exceptions->errorHandler(2, 'Undefined array key "Users"', 'C:\\xampp\\htdocs\\mojmain\\app\\Controllers\\Home.php', 111)
 2 SYSTEMPATH\CodeIgniter.php(932): App\Controllers\Home->user_list()
 3 SYSTEMPATH\CodeIgniter.php(497): CodeIgniter\CodeIgniter->runController(Object(App\Controllers\Home))
 4 SYSTEMPATH\CodeIgniter.php(366): CodeIgniter\CodeIgniter->handleRequest(null, Object(Config\Cache), false)
 5 FCPATH\index.php(67): CodeIgniter\CodeIgniter->run()
 6 SYSTEMPATH\Commands\Server\rewrite.php(47): require_once('C:\\xampp\\htdocs\\mojmain\\public\\index.php')
CRITICAL - 2024-05-06 06:36:17 --> Undefined array key "Users"
in APPPATH\Controllers\Home.php on line 111.
 1 APPPATH\Controllers\Home.php(111): CodeIgniter\Debug\Exceptions->errorHandler(2, 'Undefined array key "Users"', 'C:\\xampp\\htdocs\\mojmain\\app\\Controllers\\Home.php', 111)
 2 SYSTEMPATH\CodeIgniter.php(932): App\Controllers\Home->user_list()
 3 SYSTEMPATH\CodeIgniter.php(497): CodeIgniter\CodeIgniter->runController(Object(App\Controllers\Home))
 4 SYSTEMPATH\CodeIgniter.php(366): CodeIgniter\CodeIgniter->handleRequest(null, Object(Config\Cache), false)
 5 FCPATH\index.php(67): CodeIgniter\CodeIgniter->run()
 6 SYSTEMPATH\Commands\Server\rewrite.php(47): require_once('C:\\xampp\\htdocs\\mojmain\\public\\index.php')
CRITICAL - 2024-05-06 06:36:17 --> Undefined array key "Users"
in APPPATH\Controllers\Home.php on line 111.
 1 APPPATH\Controllers\Home.php(111): CodeIgniter\Debug\Exceptions->errorHandler(2, 'Undefined array key "Users"', 'C:\\xampp\\htdocs\\mojmain\\app\\Controllers\\Home.php', 111)
 2 SYSTEMPATH\CodeIgniter.php(932): App\Controllers\Home->user_list()
 3 SYSTEMPATH\CodeIgniter.php(497): CodeIgniter\CodeIgniter->runController(Object(App\Controllers\Home))
 4 SYSTEMPATH\CodeIgniter.php(366): CodeIgniter\CodeIgniter->handleRequest(null, Object(Config\Cache), false)
 5 FCPATH\index.php(67): CodeIgniter\CodeIgniter->run()
 6 SYSTEMPATH\Commands\Server\rewrite.php(47): require_once('C:\\xampp\\htdocs\\mojmain\\public\\index.php')
CRITICAL - 2024-05-06 06:36:36 --> Undefined array key "Users"
in APPPATH\Controllers\Home.php on line 111.
 1 APPPATH\Controllers\Home.php(111): CodeIgniter\Debug\Exceptions->errorHandler(2, 'Undefined array key "Users"', 'C:\\xampp\\htdocs\\mojmain\\app\\Controllers\\Home.php', 111)
 2 SYSTEMPATH\CodeIgniter.php(932): App\Controllers\Home->user_list()
 3 SYSTEMPATH\CodeIgniter.php(497): CodeIgniter\CodeIgniter->runController(Object(App\Controllers\Home))
 4 SYSTEMPATH\CodeIgniter.php(366): CodeIgniter\CodeIgniter->handleRequest(null, Object(Config\Cache), false)
 5 FCPATH\index.php(67): CodeIgniter\CodeIgniter->run()
 6 SYSTEMPATH\Commands\Server\rewrite.php(47): require_once('C:\\xampp\\htdocs\\mojmain\\public\\index.php')
CRITICAL - 2024-05-06 06:39:56 --> Undefined array key "Users"
in APPPATH\Controllers\Home.php on line 111.
 1 APPPATH\Controllers\Home.php(111): CodeIgniter\Debug\Exceptions->errorHandler(2, 'Undefined array key "Users"', 'C:\\xampp\\htdocs\\mojmain\\app\\Controllers\\Home.php', 111)
 2 SYSTEMPATH\CodeIgniter.php(932): App\Controllers\Home->user_list()
 3 SYSTEMPATH\CodeIgniter.php(497): CodeIgniter\CodeIgniter->runController(Object(App\Controllers\Home))
 4 SYSTEMPATH\CodeIgniter.php(366): CodeIgniter\CodeIgniter->handleRequest(null, Object(Config\Cache), false)
 5 FCPATH\index.php(67): CodeIgniter\CodeIgniter->run()
 6 SYSTEMPATH\Commands\Server\rewrite.php(47): require_once('C:\\xampp\\htdocs\\mojmain\\public\\index.php')
CRITICAL - 2024-05-06 06:40:07 --> Undefined array key "Users"
in APPPATH\Controllers\Home.php on line 111.
 1 APPPATH\Controllers\Home.php(111): CodeIgniter\Debug\Exceptions->errorHandler(2, 'Undefined array key "Users"', 'C:\\xampp\\htdocs\\mojmain\\app\\Controllers\\Home.php', 111)
 2 SYSTEMPATH\CodeIgniter.php(932): App\Controllers\Home->user_list()
 3 SYSTEMPATH\CodeIgniter.php(497): CodeIgniter\CodeIgniter->runController(Object(App\Controllers\Home))
 4 SYSTEMPATH\CodeIgniter.php(366): CodeIgniter\CodeIgniter->handleRequest(null, Object(Config\Cache), false)
 5 FCPATH\index.php(67): CodeIgniter\CodeIgniter->run()
 6 SYSTEMPATH\Commands\Server\rewrite.php(47): require_once('C:\\xampp\\htdocs\\mojmain\\public\\index.php')
CRITICAL - 2024-05-06 06:40:23 --> Undefined array key "Users"
in APPPATH\Controllers\Home.php on line 111.
 1 APPPATH\Controllers\Home.php(111): CodeIgniter\Debug\Exceptions->errorHandler(2, 'Undefined array key "Users"', 'C:\\xampp\\htdocs\\mojmain\\app\\Controllers\\Home.php', 111)
 2 SYSTEMPATH\CodeIgniter.php(932): App\Controllers\Home->user_list()
 3 SYSTEMPATH\CodeIgniter.php(497): CodeIgniter\CodeIgniter->runController(Object(App\Controllers\Home))
 4 SYSTEMPATH\CodeIgniter.php(366): CodeIgniter\CodeIgniter->handleRequest(null, Object(Config\Cache), false)
 5 FCPATH\index.php(67): CodeIgniter\CodeIgniter->run()
 6 SYSTEMPATH\Commands\Server\rewrite.php(47): require_once('C:\\xampp\\htdocs\\mojmain\\public\\index.php')
CRITICAL - 2024-05-06 06:40:25 --> Undefined array key "Users"
in APPPATH\Controllers\Home.php on line 111.
 1 APPPATH\Controllers\Home.php(111): CodeIgniter\Debug\Exceptions->errorHandler(2, 'Undefined array key "Users"', 'C:\\xampp\\htdocs\\mojmain\\app\\Controllers\\Home.php', 111)
 2 SYSTEMPATH\CodeIgniter.php(932): App\Controllers\Home->user_list()
 3 SYSTEMPATH\CodeIgniter.php(497): CodeIgniter\CodeIgniter->runController(Object(App\Controllers\Home))
 4 SYSTEMPATH\CodeIgniter.php(366): CodeIgniter\CodeIgniter->handleRequest(null, Object(Config\Cache), false)
 5 FCPATH\index.php(67): CodeIgniter\CodeIgniter->run()
 6 SYSTEMPATH\Commands\Server\rewrite.php(47): require_once('C:\\xampp\\htdocs\\mojmain\\public\\index.php')
CRITICAL - 2024-05-06 06:42:10 --> Undefined variable $json_user
in APPPATH\Views\user_list.php on line 356.
 1 APPPATH\Views\user_list.php(356): CodeIgniter\Debug\Exceptions->errorHandler(2, 'Undefined variable $json_user', 'C:\\xampp\\htdocs\\mojmain\\app\\Views\\user_list.php', 356)
 2 SYSTEMPATH\View\View.php(224): include('C:\\xampp\\htdocs\\mojmain\\app\\Views\\user_list.php')
 3 SYSTEMPATH\View\View.php(227): CodeIgniter\View\View->CodeIgniter\View\{closure}()
 4 SYSTEMPATH\Common.php(1180): CodeIgniter\View\View->render('user_list', [], true)
 5 APPPATH\Controllers\Home.php(120): view('user_list', [...])
 6 SYSTEMPATH\CodeIgniter.php(932): App\Controllers\Home->user_list()
 7 SYSTEMPATH\CodeIgniter.php(497): CodeIgniter\CodeIgniter->runController(Object(App\Controllers\Home))
 8 SYSTEMPATH\CodeIgniter.php(366): CodeIgniter\CodeIgniter->handleRequest(null, Object(Config\Cache), false)
 9 FCPATH\index.php(67): CodeIgniter\CodeIgniter->run()
10 SYSTEMPATH\Commands\Server\rewrite.php(47): require_once('C:\\xampp\\htdocs\\mojmain\\public\\index.php')
CRITICAL - 2024-05-06 06:43:52 --> foreach() argument must be of type array|object, null given
in APPPATH\Views\user_list.php on line 179.
 1 APPPATH\Views\user_list.php(179): CodeIgniter\Debug\Exceptions->errorHandler(2, 'foreach() argument must be of type array|object, null given', 'C:\\xampp\\htdocs\\mojmain\\app\\Views\\user_list.php', 179)
 2 SYSTEMPATH\View\View.php(224): include('C:\\xampp\\htdocs\\mojmain\\app\\Views\\user_list.php')
 3 SYSTEMPATH\View\View.php(227): CodeIgniter\View\View->CodeIgniter\View\{closure}()
 4 SYSTEMPATH\Common.php(1180): CodeIgniter\View\View->render('user_list', [], true)
 5 APPPATH\Controllers\Home.php(120): view('user_list', [...])
 6 SYSTEMPATH\CodeIgniter.php(932): App\Controllers\Home->user_list()
 7 SYSTEMPATH\CodeIgniter.php(497): CodeIgniter\CodeIgniter->runController(Object(App\Controllers\Home))
 8 SYSTEMPATH\CodeIgniter.php(366): CodeIgniter\CodeIgniter->handleRequest(null, Object(Config\Cache), false)
 9 FCPATH\index.php(67): CodeIgniter\CodeIgniter->run()
10 SYSTEMPATH\Commands\Server\rewrite.php(47): require_once('C:\\xampp\\htdocs\\mojmain\\public\\index.php')
CRITICAL - 2024-05-06 06:44:42 --> Undefined variable $json_user
in APPPATH\Views\user_list.php on line 356.
 1 APPPATH\Views\user_list.php(356): CodeIgniter\Debug\Exceptions->errorHandler(2, 'Undefined variable $json_user', 'C:\\xampp\\htdocs\\mojmain\\app\\Views\\user_list.php', 356)
 2 SYSTEMPATH\View\View.php(224): include('C:\\xampp\\htdocs\\mojmain\\app\\Views\\user_list.php')
 3 SYSTEMPATH\View\View.php(227): CodeIgniter\View\View->CodeIgniter\View\{closure}()
 4 SYSTEMPATH\Common.php(1180): CodeIgniter\View\View->render('user_list', [], true)
 5 APPPATH\Controllers\Home.php(120): view('user_list', [...])
 6 SYSTEMPATH\CodeIgniter.php(932): App\Controllers\Home->user_list()
 7 SYSTEMPATH\CodeIgniter.php(497): CodeIgniter\CodeIgniter->runController(Object(App\Controllers\Home))
 8 SYSTEMPATH\CodeIgniter.php(366): CodeIgniter\CodeIgniter->handleRequest(null, Object(Config\Cache), false)
 9 FCPATH\index.php(67): CodeIgniter\CodeIgniter->run()
10 SYSTEMPATH\Commands\Server\rewrite.php(47): require_once('C:\\xampp\\htdocs\\mojmain\\public\\index.php')
CRITICAL - 2024-05-06 06:46:51 --> Undefined variable $json_user
in APPPATH\Views\user_list.php on line 356.
 1 APPPATH\Views\user_list.php(356): CodeIgniter\Debug\Exceptions->errorHandler(2, 'Undefined variable $json_user', 'C:\\xampp\\htdocs\\mojmain\\app\\Views\\user_list.php', 356)
 2 SYSTEMPATH\View\View.php(224): include('C:\\xampp\\htdocs\\mojmain\\app\\Views\\user_list.php')
 3 SYSTEMPATH\View\View.php(227): CodeIgniter\View\View->CodeIgniter\View\{closure}()
 4 SYSTEMPATH\Common.php(1180): CodeIgniter\View\View->render('user_list', [], true)
 5 APPPATH\Controllers\Home.php(123): view('user_list', [...])
 6 SYSTEMPATH\CodeIgniter.php(932): App\Controllers\Home->user_list()
 7 SYSTEMPATH\CodeIgniter.php(497): CodeIgniter\CodeIgniter->runController(Object(App\Controllers\Home))
 8 SYSTEMPATH\CodeIgniter.php(366): CodeIgniter\CodeIgniter->handleRequest(null, Object(Config\Cache), false)
 9 FCPATH\index.php(67): CodeIgniter\CodeIgniter->run()
10 SYSTEMPATH\Commands\Server\rewrite.php(47): require_once('C:\\xampp\\htdocs\\mojmain\\public\\index.php')
CRITICAL - 2024-05-06 06:47:19 --> Undefined variable $json_user
in APPPATH\Views\user_list.php on line 356.
 1 APPPATH\Views\user_list.php(356): CodeIgniter\Debug\Exceptions->errorHandler(2, 'Undefined variable $json_user', 'C:\\xampp\\htdocs\\mojmain\\app\\Views\\user_list.php', 356)
 2 SYSTEMPATH\View\View.php(224): include('C:\\xampp\\htdocs\\mojmain\\app\\Views\\user_list.php')
 3 SYSTEMPATH\View\View.php(227): CodeIgniter\View\View->CodeIgniter\View\{closure}()
 4 SYSTEMPATH\Common.php(1180): CodeIgniter\View\View->render('user_list', [], true)
 5 APPPATH\Controllers\Home.php(123): view('user_list', [...])
 6 SYSTEMPATH\CodeIgniter.php(932): App\Controllers\Home->user_list()
 7 SYSTEMPATH\CodeIgniter.php(497): CodeIgniter\CodeIgniter->runController(Object(App\Controllers\Home))
 8 SYSTEMPATH\CodeIgniter.php(366): CodeIgniter\CodeIgniter->handleRequest(null, Object(Config\Cache), false)
 9 FCPATH\index.php(67): CodeIgniter\CodeIgniter->run()
10 SYSTEMPATH\Commands\Server\rewrite.php(47): require_once('C:\\xampp\\htdocs\\mojmain\\public\\index.php')
CRITICAL - 2024-05-06 06:48:05 --> Undefined variable $json_user
in APPPATH\Views\user_list.php on line 356.
 1 APPPATH\Views\user_list.php(356): CodeIgniter\Debug\Exceptions->errorHandler(2, 'Undefined variable $json_user', 'C:\\xampp\\htdocs\\mojmain\\app\\Views\\user_list.php', 356)
 2 SYSTEMPATH\View\View.php(224): include('C:\\xampp\\htdocs\\mojmain\\app\\Views\\user_list.php')
 3 SYSTEMPATH\View\View.php(227): CodeIgniter\View\View->CodeIgniter\View\{closure}()
 4 SYSTEMPATH\Common.php(1180): CodeIgniter\View\View->render('user_list', [], true)
 5 APPPATH\Controllers\Home.php(123): view('user_list', [...])
 6 SYSTEMPATH\CodeIgniter.php(932): App\Controllers\Home->user_list()
 7 SYSTEMPATH\CodeIgniter.php(497): CodeIgniter\CodeIgniter->runController(Object(App\Controllers\Home))
 8 SYSTEMPATH\CodeIgniter.php(366): CodeIgniter\CodeIgniter->handleRequest(null, Object(Config\Cache), false)
 9 FCPATH\index.php(67): CodeIgniter\CodeIgniter->run()
10 SYSTEMPATH\Commands\Server\rewrite.php(47): require_once('C:\\xampp\\htdocs\\mojmain\\public\\index.php')
CRITICAL - 2024-05-06 06:48:40 --> Undefined variable $json_user
in APPPATH\Views\user_list.php on line 356.
 1 APPPATH\Views\user_list.php(356): CodeIgniter\Debug\Exceptions->errorHandler(2, 'Undefined variable $json_user', 'C:\\xampp\\htdocs\\mojmain\\app\\Views\\user_list.php', 356)
 2 SYSTEMPATH\View\View.php(224): include('C:\\xampp\\htdocs\\mojmain\\app\\Views\\user_list.php')
 3 SYSTEMPATH\View\View.php(227): CodeIgniter\View\View->CodeIgniter\View\{closure}()
 4 SYSTEMPATH\Common.php(1180): CodeIgniter\View\View->render('user_list', [], true)
 5 APPPATH\Controllers\Home.php(123): view('user_list', [...])
 6 SYSTEMPATH\CodeIgniter.php(932): App\Controllers\Home->user_list()
 7 SYSTEMPATH\CodeIgniter.php(497): CodeIgniter\CodeIgniter->runController(Object(App\Controllers\Home))
 8 SYSTEMPATH\CodeIgniter.php(366): CodeIgniter\CodeIgniter->handleRequest(null, Object(Config\Cache), false)
 9 FCPATH\index.php(67): CodeIgniter\CodeIgniter->run()
10 SYSTEMPATH\Commands\Server\rewrite.php(47): require_once('C:\\xampp\\htdocs\\mojmain\\public\\index.php')
CRITICAL - 2024-05-06 10:14:42 --> Undefined array key "ref_mobile"
in APPPATH\Models\UserModel.php on line 441.
 1 APPPATH\Models\UserModel.php(441): CodeIgniter\Debug\Exceptions->errorHandler(2, 'Undefined array key "ref_mobile"', 'C:\\xampp\\htdocs\\mojmain\\app\\Models\\UserModel.php', 441)
 2 APPPATH\Controllers\Users.php(63): App\Models\UserModel->save_workex([...])
 3 SYSTEMPATH\CodeIgniter.php(932): App\Controllers\Users->work_ex()
 4 SYSTEMPATH\CodeIgniter.php(497): CodeIgniter\CodeIgniter->runController(Object(App\Controllers\Users))
 5 SYSTEMPATH\CodeIgniter.php(366): CodeIgniter\CodeIgniter->handleRequest(null, Object(Config\Cache), false)
 6 FCPATH\index.php(67): CodeIgniter\CodeIgniter->run()
 7 SYSTEMPATH\Commands\Server\rewrite.php(47): require_once('C:\\xampp\\htdocs\\mojmain\\public\\index.php')
CRITICAL - 2024-05-06 10:14:54 --> Undefined array key "ref_mobile"
in APPPATH\Models\UserModel.php on line 441.
 1 APPPATH\Models\UserModel.php(441): CodeIgniter\Debug\Exceptions->errorHandler(2, 'Undefined array key "ref_mobile"', 'C:\\xampp\\htdocs\\mojmain\\app\\Models\\UserModel.php', 441)
 2 APPPATH\Controllers\Users.php(63): App\Models\UserModel->save_workex([...])
 3 SYSTEMPATH\CodeIgniter.php(932): App\Controllers\Users->work_ex()
 4 SYSTEMPATH\CodeIgniter.php(497): CodeIgniter\CodeIgniter->runController(Object(App\Controllers\Users))
 5 SYSTEMPATH\CodeIgniter.php(366): CodeIgniter\CodeIgniter->handleRequest(null, Object(Config\Cache), false)
 6 FCPATH\index.php(67): CodeIgniter\CodeIgniter->run()
 7 SYSTEMPATH\Commands\Server\rewrite.php(47): require_once('C:\\xampp\\htdocs\\mojmain\\public\\index.php')
CRITICAL - 2024-05-06 10:15:04 --> Undefined array key "ref_mobile"
in APPPATH\Models\UserModel.php on line 441.
 1 APPPATH\Models\UserModel.php(441): CodeIgniter\Debug\Exceptions->errorHandler(2, 'Undefined array key "ref_mobile"', 'C:\\xampp\\htdocs\\mojmain\\app\\Models\\UserModel.php', 441)
 2 APPPATH\Controllers\Users.php(64): App\Models\UserModel->save_workex([...])
 3 SYSTEMPATH\CodeIgniter.php(932): App\Controllers\Users->work_ex()
 4 SYSTEMPATH\CodeIgniter.php(497): CodeIgniter\CodeIgniter->runController(Object(App\Controllers\Users))
 5 SYSTEMPATH\CodeIgniter.php(366): CodeIgniter\CodeIgniter->handleRequest(null, Object(Config\Cache), false)
 6 FCPATH\index.php(67): CodeIgniter\CodeIgniter->run()
 7 SYSTEMPATH\Commands\Server\rewrite.php(47): require_once('C:\\xampp\\htdocs\\mojmain\\public\\index.php')
CRITICAL - 2024-05-06 10:15:33 --> Undefined array key "ref_mobile"
in APPPATH\Models\UserModel.php on line 441.
 1 APPPATH\Models\UserModel.php(441): CodeIgniter\Debug\Exceptions->errorHandler(2, 'Undefined array key "ref_mobile"', 'C:\\xampp\\htdocs\\mojmain\\app\\Models\\UserModel.php', 441)
 2 APPPATH\Controllers\Users.php(64): App\Models\UserModel->save_workex([...])
 3 SYSTEMPATH\CodeIgniter.php(932): App\Controllers\Users->work_ex()
 4 SYSTEMPATH\CodeIgniter.php(497): CodeIgniter\CodeIgniter->runController(Object(App\Controllers\Users))
 5 SYSTEMPATH\CodeIgniter.php(366): CodeIgniter\CodeIgniter->handleRequest(null, Object(Config\Cache), false)
 6 FCPATH\index.php(67): CodeIgniter\CodeIgniter->run()
 7 SYSTEMPATH\Commands\Server\rewrite.php(47): require_once('C:\\xampp\\htdocs\\mojmain\\public\\index.php')
CRITICAL - 2024-05-06 10:16:16 --> Undefined array key "ref_mobile"
in APPPATH\Models\UserModel.php on line 441.
 1 APPPATH\Models\UserModel.php(441): CodeIgniter\Debug\Exceptions->errorHandler(2, 'Undefined array key "ref_mobile"', 'C:\\xampp\\htdocs\\mojmain\\app\\Models\\UserModel.php', 441)
 2 APPPATH\Controllers\Users.php(64): App\Models\UserModel->save_workex([...])
 3 SYSTEMPATH\CodeIgniter.php(932): App\Controllers\Users->work_ex()
 4 SYSTEMPATH\CodeIgniter.php(497): CodeIgniter\CodeIgniter->runController(Object(App\Controllers\Users))
 5 SYSTEMPATH\CodeIgniter.php(366): CodeIgniter\CodeIgniter->handleRequest(null, Object(Config\Cache), false)
 6 FCPATH\index.php(67): CodeIgniter\CodeIgniter->run()
 7 SYSTEMPATH\Commands\Server\rewrite.php(47): require_once('C:\\xampp\\htdocs\\mojmain\\public\\index.php')
CRITICAL - 2024-05-06 10:16:33 --> Undefined array key "ref_mobile"
in APPPATH\Models\UserModel.php on line 441.
 1 APPPATH\Models\UserModel.php(441): CodeIgniter\Debug\Exceptions->errorHandler(2, 'Undefined array key "ref_mobile"', 'C:\\xampp\\htdocs\\mojmain\\app\\Models\\UserModel.php', 441)
 2 APPPATH\Controllers\Users.php(64): App\Models\UserModel->save_workex([...])
 3 SYSTEMPATH\CodeIgniter.php(932): App\Controllers\Users->work_ex()
 4 SYSTEMPATH\CodeIgniter.php(497): CodeIgniter\CodeIgniter->runController(Object(App\Controllers\Users))
 5 SYSTEMPATH\CodeIgniter.php(366): CodeIgniter\CodeIgniter->handleRequest(null, Object(Config\Cache), false)
 6 FCPATH\index.php(67): CodeIgniter\CodeIgniter->run()
 7 SYSTEMPATH\Commands\Server\rewrite.php(47): require_once('C:\\xampp\\htdocs\\mojmain\\public\\index.php')
CRITICAL - 2024-05-06 10:16:50 --> Undefined array key "ref_mobile"
in APPPATH\Models\UserModel.php on line 441.
 1 APPPATH\Models\UserModel.php(441): CodeIgniter\Debug\Exceptions->errorHandler(2, 'Undefined array key "ref_mobile"', 'C:\\xampp\\htdocs\\mojmain\\app\\Models\\UserModel.php', 441)
 2 APPPATH\Controllers\Users.php(64): App\Models\UserModel->save_workex([...])
 3 SYSTEMPATH\CodeIgniter.php(932): App\Controllers\Users->work_ex()
 4 SYSTEMPATH\CodeIgniter.php(497): CodeIgniter\CodeIgniter->runController(Object(App\Controllers\Users))
 5 SYSTEMPATH\CodeIgniter.php(366): CodeIgniter\CodeIgniter->handleRequest(null, Object(Config\Cache), false)
 6 FCPATH\index.php(67): CodeIgniter\CodeIgniter->run()
 7 SYSTEMPATH\Commands\Server\rewrite.php(47): require_once('C:\\xampp\\htdocs\\mojmain\\public\\index.php')
ERROR - 2024-05-06 15:48:10 --> mysqli_sql_exception: Cannot add or update a child row: a foreign key constraint fails (`apis`.`working_experiences`, CONSTRAINT `working_experiences_user_id_foreign` FOREIGN KEY (`user_id`) REFERENCES `users` (`id`) ON DELETE CASCADE ON UPDATE CASCADE) in C:\xampp\htdocs\mojmain\vendor\codeigniter4\framework\system\Database\MySQLi\Connection.php:295
Stack trace:
#0 C:\xampp\htdocs\mojmain\vendor\codeigniter4\framework\system\Database\MySQLi\Connection.php(295): mysqli->query('INSERT INTO `wo...', 0)
#1 C:\xampp\htdocs\mojmain\vendor\codeigniter4\framework\system\Database\BaseConnection.php(692): CodeIgniter\Database\MySQLi\Connection->execute('INSERT INTO `wo...')
#2 C:\xampp\htdocs\mojmain\vendor\codeigniter4\framework\system\Database\BaseConnection.php(606): CodeIgniter\Database\BaseConnection->simpleQuery('INSERT INTO `wo...')
#3 C:\xampp\htdocs\mojmain\app\Models\UserModel.php(456): CodeIgniter\Database\BaseConnection->query('INSERT INTO `wo...')
#4 C:\xampp\htdocs\mojmain\app\Controllers\Users.php(64): App\Models\UserModel->save_workex(Array)
#5 C:\xampp\htdocs\mojmain\vendor\codeigniter4\framework\system\CodeIgniter.php(932): App\Controllers\Users->work_ex()
#6 C:\xampp\htdocs\mojmain\vendor\codeigniter4\framework\system\CodeIgniter.php(497): CodeIgniter\CodeIgniter->runController(Object(App\Controllers\Users))
#7 C:\xampp\htdocs\mojmain\vendor\codeigniter4\framework\system\CodeIgniter.php(366): CodeIgniter\CodeIgniter->handleRequest(NULL, Object(Config\Cache), false)
#8 C:\xampp\htdocs\mojmain\public\index.php(67): CodeIgniter\CodeIgniter->run()
#9 C:\xampp\htdocs\mojmain\vendor\codeigniter4\framework\system\Commands\Server\rewrite.php(47): require_once('C:\\xampp\\htdocs...')
#10 {main}
CRITICAL - 2024-05-06 15:48:10 --> Cannot add or update a child row: a foreign key constraint fails (`apis`.`working_experiences`, CONSTRAINT `working_experiences_user_id_foreign` FOREIGN KEY (`user_id`) REFERENCES `users` (`id`) ON DELETE CASCADE ON UPDATE CASCADE)
in SYSTEMPATH\Database\MySQLi\Connection.php on line 295.
 1 SYSTEMPATH\Database\MySQLi\Connection.php(295): mysqli->query('INSERT INTO `working_experiences`( `user_id`, `organisation`,`designation`,`ref_mobile`,`ref_email`, `profile`, `location`, `start_date`, `end_date`, `created_at`, `updated_at`) VALUES (\'18\',\'test job\',\'test\',\'211\',\'23321\',\'hr\',\'3 year\',\'japiur\',\'tesdt\',\'05-06-2024 03:48 PM\',\'05-06-2024 03:48 PM\')', 0)
 2 SYSTEMPATH\Database\BaseConnection.php(692): CodeIgniter\Database\MySQLi\Connection->execute('INSERT INTO `working_experiences`( `user_id`, `organisation`,`designation`,`ref_mobile`,`ref_email`, `profile`, `location`, `start_date`, `end_date`, `created_at`, `updated_at`) VALUES (\'18\',\'test job\',\'test\',\'211\',\'23321\',\'hr\',\'3 year\',\'japiur\',\'tesdt\',\'05-06-2024 03:48 PM\',\'05-06-2024 03:48 PM\')')
 3 SYSTEMPATH\Database\BaseConnection.php(606): CodeIgniter\Database\BaseConnection->simpleQuery('INSERT INTO `working_experiences`( `user_id`, `organisation`,`designation`,`ref_mobile`,`ref_email`, `profile`, `location`, `start_date`, `end_date`, `created_at`, `updated_at`) VALUES (\'18\',\'test job\',\'test\',\'211\',\'23321\',\'hr\',\'3 year\',\'japiur\',\'tesdt\',\'05-06-2024 03:48 PM\',\'05-06-2024 03:48 PM\')')
 4 APPPATH\Models\UserModel.php(456): CodeIgniter\Database\BaseConnection->query('INSERT INTO `working_experiences`( `user_id`, `organisation`,`designation`,`ref_mobile`,`ref_email`, `profile`, `location`, `start_date`, `end_date`, `created_at`, `updated_at`) VALUES (\'18\',\'test job\',\'test\',\'211\',\'23321\',\'hr\',\'3 year\',\'japiur\',\'tesdt\',\'05-06-2024 03:48 PM\',\'05-06-2024 03:48 PM\')')
 5 APPPATH\Controllers\Users.php(64): App\Models\UserModel->save_workex([...])
 6 SYSTEMPATH\CodeIgniter.php(932): App\Controllers\Users->work_ex()
 7 SYSTEMPATH\CodeIgniter.php(497): CodeIgniter\CodeIgniter->runController(Object(App\Controllers\Users))
 8 SYSTEMPATH\CodeIgniter.php(366): CodeIgniter\CodeIgniter->handleRequest(null, Object(Config\Cache), false)
 9 FCPATH\index.php(67): CodeIgniter\CodeIgniter->run()
10 SYSTEMPATH\Commands\Server\rewrite.php(47): require_once('C:\\xampp\\htdocs\\mojmain\\public\\index.php')
ERROR - 2024-05-06 15:48:27 --> mysqli_sql_exception: Cannot add or update a child row: a foreign key constraint fails (`apis`.`working_experiences`, CONSTRAINT `working_experiences_user_id_foreign` FOREIGN KEY (`user_id`) REFERENCES `users` (`id`) ON DELETE CASCADE ON UPDATE CASCADE) in C:\xampp\htdocs\mojmain\vendor\codeigniter4\framework\system\Database\MySQLi\Connection.php:295
Stack trace:
#0 C:\xampp\htdocs\mojmain\vendor\codeigniter4\framework\system\Database\MySQLi\Connection.php(295): mysqli->query('INSERT INTO `wo...', 0)
#1 C:\xampp\htdocs\mojmain\vendor\codeigniter4\framework\system\Database\BaseConnection.php(692): CodeIgniter\Database\MySQLi\Connection->execute('INSERT INTO `wo...')
#2 C:\xampp\htdocs\mojmain\vendor\codeigniter4\framework\system\Database\BaseConnection.php(606): CodeIgniter\Database\BaseConnection->simpleQuery('INSERT INTO `wo...')
#3 C:\xampp\htdocs\mojmain\app\Models\UserModel.php(456): CodeIgniter\Database\BaseConnection->query('INSERT INTO `wo...')
#4 C:\xampp\htdocs\mojmain\app\Controllers\Users.php(64): App\Models\UserModel->save_workex(Array)
#5 C:\xampp\htdocs\mojmain\vendor\codeigniter4\framework\system\CodeIgniter.php(932): App\Controllers\Users->work_ex()
#6 C:\xampp\htdocs\mojmain\vendor\codeigniter4\framework\system\CodeIgniter.php(497): CodeIgniter\CodeIgniter->runController(Object(App\Controllers\Users))
#7 C:\xampp\htdocs\mojmain\vendor\codeigniter4\framework\system\CodeIgniter.php(366): CodeIgniter\CodeIgniter->handleRequest(NULL, Object(Config\Cache), false)
#8 C:\xampp\htdocs\mojmain\public\index.php(67): CodeIgniter\CodeIgniter->run()
#9 C:\xampp\htdocs\mojmain\vendor\codeigniter4\framework\system\Commands\Server\rewrite.php(47): require_once('C:\\xampp\\htdocs...')
#10 {main}
CRITICAL - 2024-05-06 15:48:27 --> Cannot add or update a child row: a foreign key constraint fails (`apis`.`working_experiences`, CONSTRAINT `working_experiences_user_id_foreign` FOREIGN KEY (`user_id`) REFERENCES `users` (`id`) ON DELETE CASCADE ON UPDATE CASCADE)
in SYSTEMPATH\Database\MySQLi\Connection.php on line 295.
 1 SYSTEMPATH\Database\MySQLi\Connection.php(295): mysqli->query('INSERT INTO `working_experiences`( `user_id`, `organisation`,`designation`,`ref_mobile`,`ref_email`, `profile`, `location`, `start_date`, `end_date`, `created_at`, `updated_at`) VALUES (\'18\',\'test job\',\'test\',\'211\',\'23321\',\'hr\',\'3 year\',\'japiur\',\'tesdt\',\'05-06-2024 03:48 PM\',\'05-06-2024 03:48 PM\')', 0)
 2 SYSTEMPATH\Database\BaseConnection.php(692): CodeIgniter\Database\MySQLi\Connection->execute('INSERT INTO `working_experiences`( `user_id`, `organisation`,`designation`,`ref_mobile`,`ref_email`, `profile`, `location`, `start_date`, `end_date`, `created_at`, `updated_at`) VALUES (\'18\',\'test job\',\'test\',\'211\',\'23321\',\'hr\',\'3 year\',\'japiur\',\'tesdt\',\'05-06-2024 03:48 PM\',\'05-06-2024 03:48 PM\')')
 3 SYSTEMPATH\Database\BaseConnection.php(606): CodeIgniter\Database\BaseConnection->simpleQuery('INSERT INTO `working_experiences`( `user_id`, `organisation`,`designation`,`ref_mobile`,`ref_email`, `profile`, `location`, `start_date`, `end_date`, `created_at`, `updated_at`) VALUES (\'18\',\'test job\',\'test\',\'211\',\'23321\',\'hr\',\'3 year\',\'japiur\',\'tesdt\',\'05-06-2024 03:48 PM\',\'05-06-2024 03:48 PM\')')
 4 APPPATH\Models\UserModel.php(456): CodeIgniter\Database\BaseConnection->query('INSERT INTO `working_experiences`( `user_id`, `organisation`,`designation`,`ref_mobile`,`ref_email`, `profile`, `location`, `start_date`, `end_date`, `created_at`, `updated_at`) VALUES (\'18\',\'test job\',\'test\',\'211\',\'23321\',\'hr\',\'3 year\',\'japiur\',\'tesdt\',\'05-06-2024 03:48 PM\',\'05-06-2024 03:48 PM\')')
 5 APPPATH\Controllers\Users.php(64): App\Models\UserModel->save_workex([...])
 6 SYSTEMPATH\CodeIgniter.php(932): App\Controllers\Users->work_ex()
 7 SYSTEMPATH\CodeIgniter.php(497): CodeIgniter\CodeIgniter->runController(Object(App\Controllers\Users))
 8 SYSTEMPATH\CodeIgniter.php(366): CodeIgniter\CodeIgniter->handleRequest(null, Object(Config\Cache), false)
 9 FCPATH\index.php(67): CodeIgniter\CodeIgniter->run()
10 SYSTEMPATH\Commands\Server\rewrite.php(47): require_once('C:\\xampp\\htdocs\\mojmain\\public\\index.php')
