CRITICAL - 2023-08-23 23:43:33 --> Undefined array key "g_title"
in APPPATH\Controllers\Result.php on line 303.
 1 APPPATH\Controllers\Result.php(303): CodeIgniter\Debug\Exceptions->errorHandler(2, 'Undefined array key "g_title"', 'C:\\Users\\com\\Desktop\\ml_back\\app\\Controllers\\Result.php', 303)
 2 SYSTEMPATH\CodeIgniter.php(932): App\Controllers\Result->sindex()
 3 SYSTEMPATH\CodeIgniter.php(497): CodeIgniter\CodeIgniter->runController(Object(App\Controllers\Result))
 4 SYSTEMPATH\CodeIgniter.php(366): CodeIgniter\CodeIgniter->handleRequest(null, Object(Config\Cache), false)
 5 FCPATH\index.php(73): CodeIgniter\CodeIgniter->run()
 6 SYSTEMPATH\Commands\Server\rewrite.php(47): require_once('C:\\Users\\com\\Desktop\\ml_back\\public\\index.php')
CRITICAL - 2023-08-23 23:46:41 --> Undefined array key "g_title"
in APPPATH\Controllers\Result.php on line 306.
 1 APPPATH\Controllers\Result.php(306): CodeIgniter\Debug\Exceptions->errorHandler(2, 'Undefined array key "g_title"', 'C:\\Users\\com\\Desktop\\ml_back\\app\\Controllers\\Result.php', 306)
 2 SYSTEMPATH\CodeIgniter.php(932): App\Controllers\Result->sindex()
 3 SYSTEMPATH\CodeIgniter.php(497): CodeIgniter\CodeIgniter->runController(Object(App\Controllers\Result))
 4 SYSTEMPATH\CodeIgniter.php(366): CodeIgniter\CodeIgniter->handleRequest(null, Object(Config\Cache), false)
 5 FCPATH\index.php(73): CodeIgniter\CodeIgniter->run()
 6 SYSTEMPATH\Commands\Server\rewrite.php(47): require_once('C:\\Users\\com\\Desktop\\ml_back\\public\\index.php')
CRITICAL - 2023-08-23 23:47:22 --> Undefined array key "g_title"
in APPPATH\Controllers\Result.php on line 306.
 1 APPPATH\Controllers\Result.php(306): CodeIgniter\Debug\Exceptions->errorHandler(2, 'Undefined array key "g_title"', 'C:\\Users\\com\\Desktop\\ml_back\\app\\Controllers\\Result.php', 306)
 2 SYSTEMPATH\CodeIgniter.php(932): App\Controllers\Result->sindex()
 3 SYSTEMPATH\CodeIgniter.php(497): CodeIgniter\CodeIgniter->runController(Object(App\Controllers\Result))
 4 SYSTEMPATH\CodeIgniter.php(366): CodeIgniter\CodeIgniter->handleRequest(null, Object(Config\Cache), false)
 5 FCPATH\index.php(73): CodeIgniter\CodeIgniter->run()
 6 SYSTEMPATH\Commands\Server\rewrite.php(47): require_once('C:\\Users\\com\\Desktop\\ml_back\\public\\index.php')
CRITICAL - 2023-08-23 23:49:01 --> Undefined array key "g_title"
in APPPATH\Controllers\Result.php on line 306.
 1 APPPATH\Controllers\Result.php(306): CodeIgniter\Debug\Exceptions->errorHandler(2, 'Undefined array key "g_title"', 'C:\\Users\\com\\Desktop\\ml_back\\app\\Controllers\\Result.php', 306)
 2 SYSTEMPATH\CodeIgniter.php(932): App\Controllers\Result->sindex()
 3 SYSTEMPATH\CodeIgniter.php(497): CodeIgniter\CodeIgniter->runController(Object(App\Controllers\Result))
 4 SYSTEMPATH\CodeIgniter.php(366): CodeIgniter\CodeIgniter->handleRequest(null, Object(Config\Cache), false)
 5 FCPATH\index.php(73): CodeIgniter\CodeIgniter->run()
 6 SYSTEMPATH\Commands\Server\rewrite.php(47): require_once('C:\\Users\\com\\Desktop\\ml_back\\public\\index.php')
CRITICAL - 2023-08-23 23:51:00 --> Undefined array key "g_title"
in APPPATH\Controllers\Result.php on line 297.
 1 APPPATH\Controllers\Result.php(297): CodeIgniter\Debug\Exceptions->errorHandler(2, 'Undefined array key "g_title"', 'C:\\Users\\com\\Desktop\\ml_back\\app\\Controllers\\Result.php', 297)
 2 SYSTEMPATH\CodeIgniter.php(932): App\Controllers\Result->sindex()
 3 SYSTEMPATH\CodeIgniter.php(497): CodeIgniter\CodeIgniter->runController(Object(App\Controllers\Result))
 4 SYSTEMPATH\CodeIgniter.php(366): CodeIgniter\CodeIgniter->handleRequest(null, Object(Config\Cache), false)
 5 FCPATH\index.php(73): CodeIgniter\CodeIgniter->run()
 6 SYSTEMPATH\Commands\Server\rewrite.php(47): require_once('C:\\Users\\com\\Desktop\\ml_back\\public\\index.php')
CRITICAL - 2023-08-23 23:51:33 --> Undefined array key "g_title"
in APPPATH\Controllers\Result.php on line 295.
 1 APPPATH\Controllers\Result.php(295): CodeIgniter\Debug\Exceptions->errorHandler(2, 'Undefined array key "g_title"', 'C:\\Users\\com\\Desktop\\ml_back\\app\\Controllers\\Result.php', 295)
 2 SYSTEMPATH\CodeIgniter.php(932): App\Controllers\Result->sindex()
 3 SYSTEMPATH\CodeIgniter.php(497): CodeIgniter\CodeIgniter->runController(Object(App\Controllers\Result))
 4 SYSTEMPATH\CodeIgniter.php(366): CodeIgniter\CodeIgniter->handleRequest(null, Object(Config\Cache), false)
 5 FCPATH\index.php(73): CodeIgniter\CodeIgniter->run()
 6 SYSTEMPATH\Commands\Server\rewrite.php(47): require_once('C:\\Users\\com\\Desktop\\ml_back\\public\\index.php')
CRITICAL - 2023-08-23 23:54:02 --> Undefined array key "g_title"
in APPPATH\Controllers\Result.php on line 290.
 1 APPPATH\Controllers\Result.php(290): CodeIgniter\Debug\Exceptions->errorHandler(2, 'Undefined array key "g_title"', 'C:\\Users\\com\\Desktop\\ml_back\\app\\Controllers\\Result.php', 290)
 2 SYSTEMPATH\CodeIgniter.php(932): App\Controllers\Result->sindex()
 3 SYSTEMPATH\CodeIgniter.php(497): CodeIgniter\CodeIgniter->runController(Object(App\Controllers\Result))
 4 SYSTEMPATH\CodeIgniter.php(366): CodeIgniter\CodeIgniter->handleRequest(null, Object(Config\Cache), false)
 5 FCPATH\index.php(73): CodeIgniter\CodeIgniter->run()
 6 SYSTEMPATH\Commands\Server\rewrite.php(47): require_once('C:\\Users\\com\\Desktop\\ml_back\\public\\index.php')
CRITICAL - 2023-08-23 23:56:09 --> Undefined array key "g_title"
in APPPATH\Controllers\Result.php on line 292.
 1 APPPATH\Controllers\Result.php(292): CodeIgniter\Debug\Exceptions->errorHandler(2, 'Undefined array key "g_title"', 'C:\\Users\\com\\Desktop\\ml_back\\app\\Controllers\\Result.php', 292)
 2 SYSTEMPATH\CodeIgniter.php(932): App\Controllers\Result->sindex()
 3 SYSTEMPATH\CodeIgniter.php(497): CodeIgniter\CodeIgniter->runController(Object(App\Controllers\Result))
 4 SYSTEMPATH\CodeIgniter.php(366): CodeIgniter\CodeIgniter->handleRequest(null, Object(Config\Cache), false)
 5 FCPATH\index.php(73): CodeIgniter\CodeIgniter->run()
 6 SYSTEMPATH\Commands\Server\rewrite.php(47): require_once('C:\\Users\\com\\Desktop\\ml_back\\public\\index.php')
CRITICAL - 2023-08-23 23:56:44 --> Undefined array key "g_title"
in APPPATH\Controllers\Result.php on line 292.
 1 APPPATH\Controllers\Result.php(292): CodeIgniter\Debug\Exceptions->errorHandler(2, 'Undefined array key "g_title"', 'C:\\Users\\com\\Desktop\\ml_back\\app\\Controllers\\Result.php', 292)
 2 SYSTEMPATH\CodeIgniter.php(932): App\Controllers\Result->sindex()
 3 SYSTEMPATH\CodeIgniter.php(497): CodeIgniter\CodeIgniter->runController(Object(App\Controllers\Result))
 4 SYSTEMPATH\CodeIgniter.php(366): CodeIgniter\CodeIgniter->handleRequest(null, Object(Config\Cache), false)
 5 FCPATH\index.php(73): CodeIgniter\CodeIgniter->run()
 6 SYSTEMPATH\Commands\Server\rewrite.php(47): require_once('C:\\Users\\com\\Desktop\\ml_back\\public\\index.php')
CRITICAL - 2023-08-23 23:56:56 --> Undefined array key "g_title"
in APPPATH\Controllers\Result.php on line 292.
 1 APPPATH\Controllers\Result.php(292): CodeIgniter\Debug\Exceptions->errorHandler(2, 'Undefined array key "g_title"', 'C:\\Users\\com\\Desktop\\ml_back\\app\\Controllers\\Result.php', 292)
 2 SYSTEMPATH\CodeIgniter.php(932): App\Controllers\Result->sindex()
 3 SYSTEMPATH\CodeIgniter.php(497): CodeIgniter\CodeIgniter->runController(Object(App\Controllers\Result))
 4 SYSTEMPATH\CodeIgniter.php(366): CodeIgniter\CodeIgniter->handleRequest(null, Object(Config\Cache), false)
 5 FCPATH\index.php(73): CodeIgniter\CodeIgniter->run()
 6 SYSTEMPATH\Commands\Server\rewrite.php(47): require_once('C:\\Users\\com\\Desktop\\ml_back\\public\\index.php')
CRITICAL - 2023-08-23 23:57:30 --> Undefined array key "g_title"
in APPPATH\Controllers\Result.php on line 292.
 1 APPPATH\Controllers\Result.php(292): CodeIgniter\Debug\Exceptions->errorHandler(2, 'Undefined array key "g_title"', 'C:\\Users\\com\\Desktop\\ml_back\\app\\Controllers\\Result.php', 292)
 2 SYSTEMPATH\CodeIgniter.php(932): App\Controllers\Result->sindex()
 3 SYSTEMPATH\CodeIgniter.php(497): CodeIgniter\CodeIgniter->runController(Object(App\Controllers\Result))
 4 SYSTEMPATH\CodeIgniter.php(366): CodeIgniter\CodeIgniter->handleRequest(null, Object(Config\Cache), false)
 5 FCPATH\index.php(73): CodeIgniter\CodeIgniter->run()
 6 SYSTEMPATH\Commands\Server\rewrite.php(47): require_once('C:\\Users\\com\\Desktop\\ml_back\\public\\index.php')
CRITICAL - 2023-08-23 23:59:23 --> Cannot use [] for reading
in APPPATH\Controllers\Result.php on line 289.
 1 SYSTEMPATH\CodeIgniter.php(932): App\Controllers\Result->sindex()
 2 SYSTEMPATH\CodeIgniter.php(497): CodeIgniter\CodeIgniter->runController(Object(App\Controllers\Result))
 3 SYSTEMPATH\CodeIgniter.php(366): CodeIgniter\CodeIgniter->handleRequest(null, Object(Config\Cache), false)
 4 FCPATH\index.php(73): CodeIgniter\CodeIgniter->run()
 5 SYSTEMPATH\Commands\Server\rewrite.php(47): require_once('C:\\Users\\com\\Desktop\\ml_back\\public\\index.php')
CRITICAL - 2023-08-23 23:59:37 --> Cannot use [] for reading
in APPPATH\Controllers\Result.php on line 289.
 1 SYSTEMPATH\CodeIgniter.php(932): App\Controllers\Result->sindex()
 2 SYSTEMPATH\CodeIgniter.php(497): CodeIgniter\CodeIgniter->runController(Object(App\Controllers\Result))
 3 SYSTEMPATH\CodeIgniter.php(366): CodeIgniter\CodeIgniter->handleRequest(null, Object(Config\Cache), false)
 4 FCPATH\index.php(73): CodeIgniter\CodeIgniter->run()
 5 SYSTEMPATH\Commands\Server\rewrite.php(47): require_once('C:\\Users\\com\\Desktop\\ml_back\\public\\index.php')
CRITICAL - 2023-08-23 23:59:53 --> Undefined array key "g_title"
in APPPATH\Controllers\Result.php on line 294.
 1 APPPATH\Controllers\Result.php(294): CodeIgniter\Debug\Exceptions->errorHandler(2, 'Undefined array key "g_title"', 'C:\\Users\\com\\Desktop\\ml_back\\app\\Controllers\\Result.php', 294)
 2 SYSTEMPATH\CodeIgniter.php(932): App\Controllers\Result->sindex()
 3 SYSTEMPATH\CodeIgniter.php(497): CodeIgniter\CodeIgniter->runController(Object(App\Controllers\Result))
 4 SYSTEMPATH\CodeIgniter.php(366): CodeIgniter\CodeIgniter->handleRequest(null, Object(Config\Cache), false)
 5 FCPATH\index.php(73): CodeIgniter\CodeIgniter->run()
 6 SYSTEMPATH\Commands\Server\rewrite.php(47): require_once('C:\\Users\\com\\Desktop\\ml_back\\public\\index.php')
CRITICAL - 2023-08-23 19:22:03 --> Undefined array key "g_id"
in APPPATH\Controllers\Result.php on line 130.
 1 APPPATH\Controllers\Result.php(130): CodeIgniter\Debug\Exceptions->errorHandler(2, 'Undefined array key "g_id"', 'C:\\Users\\com\\Desktop\\ml_back\\app\\Controllers\\Result.php', 130)
 2 SYSTEMPATH\CodeIgniter.php(932): App\Controllers\Result->by_g_id('3')
 3 SYSTEMPATH\CodeIgniter.php(497): CodeIgniter\CodeIgniter->runController(Object(App\Controllers\Result))
 4 SYSTEMPATH\CodeIgniter.php(366): CodeIgniter\CodeIgniter->handleRequest(null, Object(Config\Cache), false)
 5 FCPATH\index.php(73): CodeIgniter\CodeIgniter->run()
 6 SYSTEMPATH\Commands\Server\rewrite.php(47): require_once('C:\\Users\\com\\Desktop\\ml_back\\public\\index.php')
