CRITICAL - 2023-10-31 15:19:17 --> Uncaught CodeIgniter\Format\Exceptions\FormatException: Failed to parse JSON string. Error: Malformed UTF-8 characters, possibly incorrectly encoded in /home4/maala7ea/app/vendor/codeigniter4/framework/system/Format/JSONFormatter.php:41
Stack trace:
#0 /home4/maala7ea/app/vendor/codeigniter4/framework/system/Format/JSONFormatter.php(41): CodeIgniter\Format\Exceptions\FormatException::forInvalidJSON('Malformed UTF-8...')
#1 /home4/maala7ea/app/vendor/codeigniter4/framework/system/API/ResponseTrait.php(345): CodeIgniter\Format\JSONFormatter->format(Array)
#2 /home4/maala7ea/app/vendor/codeigniter4/framework/system/API/ResponseTrait.php(98): CodeIgniter\Debug\Exceptions->format(Array)
#3 /home4/maala7ea/app/vendor/codeigniter4/framework/system/Debug/Exceptions.php(150): CodeIgniter\Debug\Exceptions->respond(Array, 404)
#4 [internal function]: CodeIgniter\Debug\Exceptions->exceptionHandler(Object(CodeIgniter\Exceptions\PageNotFoundException))
#5 {main}
  thrown
ã€Previous Exceptionã€‘
CodeIgniter\Exceptions\PageNotFoundException
Can't find a route for 'get: theme/META-INF/À®À®/À®À®/À®À®/À®À®/À®À®/À®À®/À®À®/À®À®/À®À®/À®À®/etc/passwd'.
#0 /home4/maala7ea/app/vendor/codeigniter4/framework/system/CodeIgniter.php(991): CodeIgniter\Exceptions\PageNotFoundException::forPageNotFound('Can't find a ro...')
#1 /home4/maala7ea/app/vendor/codeigniter4/framework/system/CodeIgniter.php(385): CodeIgniter\CodeIgniter->display404errors(Object(CodeIgniter\Exceptions\PageNotFoundException))
#2 /home4/maala7ea/public_html/index.php(73): CodeIgniter\CodeIgniter->run()
#3 {main}
in SYSTEMPATH/Format/JSONFormatter.php on line 41.
 1 [internal function]: CodeIgniter\Debug\Exceptions->shutdownHandler()
CRITICAL - 2023-10-31 15:19:21 --> Uncaught CodeIgniter\Format\Exceptions\FormatException: Failed to parse JSON string. Error: Malformed UTF-8 characters, possibly incorrectly encoded in /home4/maala7ea/app/vendor/codeigniter4/framework/system/Format/JSONFormatter.php:41
Stack trace:
#0 /home4/maala7ea/app/vendor/codeigniter4/framework/system/Format/JSONFormatter.php(41): CodeIgniter\Format\Exceptions\FormatException::forInvalidJSON('Malformed UTF-8...')
#1 /home4/maala7ea/app/vendor/codeigniter4/framework/system/API/ResponseTrait.php(345): CodeIgniter\Format\JSONFormatter->format(Array)
#2 /home4/maala7ea/app/vendor/codeigniter4/framework/system/API/ResponseTrait.php(98): CodeIgniter\Debug\Exceptions->format(Array)
#3 /home4/maala7ea/app/vendor/codeigniter4/framework/system/Debug/Exceptions.php(150): CodeIgniter\Debug\Exceptions->respond(Array, 404)
#4 [internal function]: CodeIgniter\Debug\Exceptions->exceptionHandler(Object(CodeIgniter\Exceptions\PageNotFoundException))
#5 {main}
  thrown
ã€Previous Exceptionã€‘
CodeIgniter\Exceptions\PageNotFoundException
Can't find a route for 'get: theme/META-INF/prototypeÀ¯..À¯..À¯..À¯..À¯..À¯..À¯..À¯..À¯..À¯..À¯..À¯..À¯windows/win.ini'.
#0 /home4/maala7ea/app/vendor/codeigniter4/framework/system/CodeIgniter.php(991): CodeIgniter\Exceptions\PageNotFoundException::forPageNotFound('Can't find a ro...')
#1 /home4/maala7ea/app/vendor/codeigniter4/framework/system/CodeIgniter.php(385): CodeIgniter\CodeIgniter->display404errors(Object(CodeIgniter\Exceptions\PageNotFoundException))
#2 /home4/maala7ea/public_html/index.php(73): CodeIgniter\CodeIgniter->run()
#3 {main}
in SYSTEMPATH/Format/JSONFormatter.php on line 41.
 1 [internal function]: CodeIgniter\Debug\Exceptions->shutdownHandler()
