ERROR - 2023-09-07 18:38:13 --> mysqli_sql_exception: You have an error in your SQL syntax; check the manual that corresponds to your MySQL server version for the right syntax to use near 'WHERE g_id = 1' at line 6 in /home4/maala7ea/app/vendor/codeigniter4/framework/system/Database/MySQLi/Connection.php:295
Stack trace:
#0 /home4/maala7ea/app/vendor/codeigniter4/framework/system/Database/MySQLi/Connection.php(295): mysqli->query('UPDATE `gs_serv...', 0)
#1 /home4/maala7ea/app/vendor/codeigniter4/framework/system/Database/BaseConnection.php(692): CodeIgniter\Database\MySQLi\Connection->execute('UPDATE `gs_serv...')
#2 /home4/maala7ea/app/vendor/codeigniter4/framework/system/Database/BaseConnection.php(606): CodeIgniter\Database\BaseConnection->simpleQuery('UPDATE `gs_serv...')
#3 /home4/maala7ea/app/app/Models/SPostModel.php(157): CodeIgniter\Database\BaseConnection->query('UPDATE `gs_serv...')
#4 /home4/maala7ea/app/app/Controllers/Users.php(230): App\Models\SPostModel->update1('1', Array)
#5 /home4/maala7ea/app/vendor/codeigniter4/framework/system/CodeIgniter.php(932): App\Controllers\Users->supdate('1')
#6 /home4/maala7ea/app/vendor/codeigniter4/framework/system/CodeIgniter.php(497): CodeIgniter\CodeIgniter->runController(Object(App\Controllers\Users))
#7 /home4/maala7ea/app/vendor/codeigniter4/framework/system/CodeIgniter.php(366): CodeIgniter\CodeIgniter->handleRequest(NULL, Object(Config\Cache), false)
#8 /home4/maala7ea/public_html/index.php(73): CodeIgniter\CodeIgniter->run()
#9 {main}
CRITICAL - 2023-09-07 18:38:13 --> You have an error in your SQL syntax; check the manual that corresponds to your MySQL server version for the right syntax to use near 'WHERE g_id = 1' at line 6
in SYSTEMPATH/Database/MySQLi/Connection.php on line 295.
 1 SYSTEMPATH/Database/MySQLi/Connection.php(295): mysqli->query('UPDATE `gs_service` SET  
        g_title= \'25:00 AM\',
        open_t= \'10:00 AM\',
        status= \'1\',
        maket_status= \'undefined\',
         WHERE g_id = 1', 0)
 2 SYSTEMPATH/Database/BaseConnection.php(692): CodeIgniter\Database\MySQLi\Connection->execute('UPDATE `gs_service` SET  
        g_title= \'25:00 AM\',
        open_t= \'10:00 AM\',
        status= \'1\',
        maket_status= \'undefined\',
         WHERE g_id = 1')
 3 SYSTEMPATH/Database/BaseConnection.php(606): CodeIgniter\Database\BaseConnection->simpleQuery('UPDATE `gs_service` SET  
        g_title= \'25:00 AM\',
        open_t= \'10:00 AM\',
        status= \'1\',
        maket_status= \'undefined\',
         WHERE g_id = 1')
 4 APPPATH/Models/SPostModel.php(157): CodeIgniter\Database\BaseConnection->query('UPDATE `gs_service` SET  
        g_title= \'25:00 AM\',
        open_t= \'10:00 AM\',
        status= \'1\',
        maket_status= \'undefined\',
         WHERE g_id = 1')
 5 APPPATH/Controllers/Users.php(230): App\Models\SPostModel->update1('1', [...])
 6 SYSTEMPATH/CodeIgniter.php(932): App\Controllers\Users->supdate('1')
 7 SYSTEMPATH/CodeIgniter.php(497): CodeIgniter\CodeIgniter->runController(Object(App\Controllers\Users))
 8 SYSTEMPATH/CodeIgniter.php(366): CodeIgniter\CodeIgniter->handleRequest(null, Object(Config\Cache), false)
 9 FCPATH/index.php(73): CodeIgniter\CodeIgniter->run()
ERROR - 2023-09-07 18:42:02 --> mysqli_sql_exception: You have an error in your SQL syntax; check the manual that corresponds to your MySQL server version for the right syntax to use near 'WHERE g_id = 1' at line 6 in /home4/maala7ea/app/vendor/codeigniter4/framework/system/Database/MySQLi/Connection.php:295
Stack trace:
#0 /home4/maala7ea/app/vendor/codeigniter4/framework/system/Database/MySQLi/Connection.php(295): mysqli->query('UPDATE `gs_serv...', 0)
#1 /home4/maala7ea/app/vendor/codeigniter4/framework/system/Database/BaseConnection.php(692): CodeIgniter\Database\MySQLi\Connection->execute('UPDATE `gs_serv...')
#2 /home4/maala7ea/app/vendor/codeigniter4/framework/system/Database/BaseConnection.php(606): CodeIgniter\Database\BaseConnection->simpleQuery('UPDATE `gs_serv...')
#3 /home4/maala7ea/app/app/Models/SPostModel.php(157): CodeIgniter\Database\BaseConnection->query('UPDATE `gs_serv...')
#4 /home4/maala7ea/app/app/Controllers/Users.php(230): App\Models\SPostModel->update1('1', Array)
#5 /home4/maala7ea/app/vendor/codeigniter4/framework/system/CodeIgniter.php(932): App\Controllers\Users->supdate('1')
#6 /home4/maala7ea/app/vendor/codeigniter4/framework/system/CodeIgniter.php(497): CodeIgniter\CodeIgniter->runController(Object(App\Controllers\Users))
#7 /home4/maala7ea/app/vendor/codeigniter4/framework/system/CodeIgniter.php(366): CodeIgniter\CodeIgniter->handleRequest(NULL, Object(Config\Cache), false)
#8 /home4/maala7ea/public_html/index.php(73): CodeIgniter\CodeIgniter->run()
#9 {main}
CRITICAL - 2023-09-07 18:42:02 --> You have an error in your SQL syntax; check the manual that corresponds to your MySQL server version for the right syntax to use near 'WHERE g_id = 1' at line 6
in SYSTEMPATH/Database/MySQLi/Connection.php on line 295.
 1 SYSTEMPATH/Database/MySQLi/Connection.php(295): mysqli->query('UPDATE `gs_service` SET  
        g_title= \'25:00 AM\',
        open_t= \'10:00 AM\',
        status= \'1\',
        maket_status= \'1\',
         WHERE g_id = 1', 0)
 2 SYSTEMPATH/Database/BaseConnection.php(692): CodeIgniter\Database\MySQLi\Connection->execute('UPDATE `gs_service` SET  
        g_title= \'25:00 AM\',
        open_t= \'10:00 AM\',
        status= \'1\',
        maket_status= \'1\',
         WHERE g_id = 1')
 3 SYSTEMPATH/Database/BaseConnection.php(606): CodeIgniter\Database\BaseConnection->simpleQuery('UPDATE `gs_service` SET  
        g_title= \'25:00 AM\',
        open_t= \'10:00 AM\',
        status= \'1\',
        maket_status= \'1\',
         WHERE g_id = 1')
 4 APPPATH/Models/SPostModel.php(157): CodeIgniter\Database\BaseConnection->query('UPDATE `gs_service` SET  
        g_title= \'25:00 AM\',
        open_t= \'10:00 AM\',
        status= \'1\',
        maket_status= \'1\',
         WHERE g_id = 1')
 5 APPPATH/Controllers/Users.php(230): App\Models\SPostModel->update1('1', [...])
 6 SYSTEMPATH/CodeIgniter.php(932): App\Controllers\Users->supdate('1')
 7 SYSTEMPATH/CodeIgniter.php(497): CodeIgniter\CodeIgniter->runController(Object(App\Controllers\Users))
 8 SYSTEMPATH/CodeIgniter.php(366): CodeIgniter\CodeIgniter->handleRequest(null, Object(Config\Cache), false)
 9 FCPATH/index.php(73): CodeIgniter\CodeIgniter->run()
ERROR - 2023-09-07 18:44:16 --> mysqli_sql_exception: You have an error in your SQL syntax; check the manual that corresponds to your MySQL server version for the right syntax to use near 'WHERE g_id = 1' at line 6 in /home4/maala7ea/app/vendor/codeigniter4/framework/system/Database/MySQLi/Connection.php:295
Stack trace:
#0 /home4/maala7ea/app/vendor/codeigniter4/framework/system/Database/MySQLi/Connection.php(295): mysqli->query('UPDATE `gs_serv...', 0)
#1 /home4/maala7ea/app/vendor/codeigniter4/framework/system/Database/BaseConnection.php(692): CodeIgniter\Database\MySQLi\Connection->execute('UPDATE `gs_serv...')
#2 /home4/maala7ea/app/vendor/codeigniter4/framework/system/Database/BaseConnection.php(606): CodeIgniter\Database\BaseConnection->simpleQuery('UPDATE `gs_serv...')
#3 /home4/maala7ea/app/app/Models/SPostModel.php(157): CodeIgniter\Database\BaseConnection->query('UPDATE `gs_serv...')
#4 /home4/maala7ea/app/app/Controllers/Users.php(230): App\Models\SPostModel->update1('1', Array)
#5 /home4/maala7ea/app/vendor/codeigniter4/framework/system/CodeIgniter.php(932): App\Controllers\Users->supdate('1')
#6 /home4/maala7ea/app/vendor/codeigniter4/framework/system/CodeIgniter.php(497): CodeIgniter\CodeIgniter->runController(Object(App\Controllers\Users))
#7 /home4/maala7ea/app/vendor/codeigniter4/framework/system/CodeIgniter.php(366): CodeIgniter\CodeIgniter->handleRequest(NULL, Object(Config\Cache), false)
#8 /home4/maala7ea/public_html/index.php(73): CodeIgniter\CodeIgniter->run()
#9 {main}
CRITICAL - 2023-09-07 18:44:16 --> You have an error in your SQL syntax; check the manual that corresponds to your MySQL server version for the right syntax to use near 'WHERE g_id = 1' at line 6
in SYSTEMPATH/Database/MySQLi/Connection.php on line 295.
 1 SYSTEMPATH/Database/MySQLi/Connection.php(295): mysqli->query('UPDATE `gs_service` SET  
        g_title= \'25:00 AM\',
        open_t= \'10:00 AM\',
        status= \'1\',
        maket_status= \'1\',
         WHERE g_id = 1', 0)
 2 SYSTEMPATH/Database/BaseConnection.php(692): CodeIgniter\Database\MySQLi\Connection->execute('UPDATE `gs_service` SET  
        g_title= \'25:00 AM\',
        open_t= \'10:00 AM\',
        status= \'1\',
        maket_status= \'1\',
         WHERE g_id = 1')
 3 SYSTEMPATH/Database/BaseConnection.php(606): CodeIgniter\Database\BaseConnection->simpleQuery('UPDATE `gs_service` SET  
        g_title= \'25:00 AM\',
        open_t= \'10:00 AM\',
        status= \'1\',
        maket_status= \'1\',
         WHERE g_id = 1')
 4 APPPATH/Models/SPostModel.php(157): CodeIgniter\Database\BaseConnection->query('UPDATE `gs_service` SET  
        g_title= \'25:00 AM\',
        open_t= \'10:00 AM\',
        status= \'1\',
        maket_status= \'1\',
         WHERE g_id = 1')
 5 APPPATH/Controllers/Users.php(230): App\Models\SPostModel->update1('1', [...])
 6 SYSTEMPATH/CodeIgniter.php(932): App\Controllers\Users->supdate('1')
 7 SYSTEMPATH/CodeIgniter.php(497): CodeIgniter\CodeIgniter->runController(Object(App\Controllers\Users))
 8 SYSTEMPATH/CodeIgniter.php(366): CodeIgniter\CodeIgniter->handleRequest(null, Object(Config\Cache), false)
 9 FCPATH/index.php(73): CodeIgniter\CodeIgniter->run()
ERROR - 2023-09-07 18:44:55 --> mysqli_sql_exception: Unknown column 'maket_status' in 'field list' in /home4/maala7ea/app/vendor/codeigniter4/framework/system/Database/MySQLi/Connection.php:295
Stack trace:
#0 /home4/maala7ea/app/vendor/codeigniter4/framework/system/Database/MySQLi/Connection.php(295): mysqli->query('UPDATE `gs_serv...', 0)
#1 /home4/maala7ea/app/vendor/codeigniter4/framework/system/Database/BaseConnection.php(692): CodeIgniter\Database\MySQLi\Connection->execute('UPDATE `gs_serv...')
#2 /home4/maala7ea/app/vendor/codeigniter4/framework/system/Database/BaseConnection.php(606): CodeIgniter\Database\BaseConnection->simpleQuery('UPDATE `gs_serv...')
#3 /home4/maala7ea/app/app/Models/SPostModel.php(157): CodeIgniter\Database\BaseConnection->query('UPDATE `gs_serv...')
#4 /home4/maala7ea/app/app/Controllers/Users.php(230): App\Models\SPostModel->update1('1', Array)
#5 /home4/maala7ea/app/vendor/codeigniter4/framework/system/CodeIgniter.php(932): App\Controllers\Users->supdate('1')
#6 /home4/maala7ea/app/vendor/codeigniter4/framework/system/CodeIgniter.php(497): CodeIgniter\CodeIgniter->runController(Object(App\Controllers\Users))
#7 /home4/maala7ea/app/vendor/codeigniter4/framework/system/CodeIgniter.php(366): CodeIgniter\CodeIgniter->handleRequest(NULL, Object(Config\Cache), false)
#8 /home4/maala7ea/public_html/index.php(73): CodeIgniter\CodeIgniter->run()
#9 {main}
CRITICAL - 2023-09-07 18:44:55 --> Unknown column 'maket_status' in 'field list'
in SYSTEMPATH/Database/MySQLi/Connection.php on line 295.
 1 SYSTEMPATH/Database/MySQLi/Connection.php(295): mysqli->query('UPDATE `gs_service` SET  
        g_title= \'25:00 AM\',
        open_t= \'10:00 AM\',
        status= \'1\',
        maket_status= \'1\'
         WHERE g_id = 1', 0)
 2 SYSTEMPATH/Database/BaseConnection.php(692): CodeIgniter\Database\MySQLi\Connection->execute('UPDATE `gs_service` SET  
        g_title= \'25:00 AM\',
        open_t= \'10:00 AM\',
        status= \'1\',
        maket_status= \'1\'
         WHERE g_id = 1')
 3 SYSTEMPATH/Database/BaseConnection.php(606): CodeIgniter\Database\BaseConnection->simpleQuery('UPDATE `gs_service` SET  
        g_title= \'25:00 AM\',
        open_t= \'10:00 AM\',
        status= \'1\',
        maket_status= \'1\'
         WHERE g_id = 1')
 4 APPPATH/Models/SPostModel.php(157): CodeIgniter\Database\BaseConnection->query('UPDATE `gs_service` SET  
        g_title= \'25:00 AM\',
        open_t= \'10:00 AM\',
        status= \'1\',
        maket_status= \'1\'
         WHERE g_id = 1')
 5 APPPATH/Controllers/Users.php(230): App\Models\SPostModel->update1('1', [...])
 6 SYSTEMPATH/CodeIgniter.php(932): App\Controllers\Users->supdate('1')
 7 SYSTEMPATH/CodeIgniter.php(497): CodeIgniter\CodeIgniter->runController(Object(App\Controllers\Users))
 8 SYSTEMPATH/CodeIgniter.php(366): CodeIgniter\CodeIgniter->handleRequest(null, Object(Config\Cache), false)
 9 FCPATH/index.php(73): CodeIgniter\CodeIgniter->run()
ERROR - 2023-09-07 18:46:16 --> mysqli_sql_exception: Unknown column 'maket_status' in 'field list' in /home4/maala7ea/app/vendor/codeigniter4/framework/system/Database/MySQLi/Connection.php:295
Stack trace:
#0 /home4/maala7ea/app/vendor/codeigniter4/framework/system/Database/MySQLi/Connection.php(295): mysqli->query('UPDATE `gs_serv...', 0)
#1 /home4/maala7ea/app/vendor/codeigniter4/framework/system/Database/BaseConnection.php(692): CodeIgniter\Database\MySQLi\Connection->execute('UPDATE `gs_serv...')
#2 /home4/maala7ea/app/vendor/codeigniter4/framework/system/Database/BaseConnection.php(606): CodeIgniter\Database\BaseConnection->simpleQuery('UPDATE `gs_serv...')
#3 /home4/maala7ea/app/app/Models/SPostModel.php(157): CodeIgniter\Database\BaseConnection->query('UPDATE `gs_serv...')
#4 /home4/maala7ea/app/app/Controllers/Users.php(230): App\Models\SPostModel->update1('1', Array)
#5 /home4/maala7ea/app/vendor/codeigniter4/framework/system/CodeIgniter.php(932): App\Controllers\Users->supdate('1')
#6 /home4/maala7ea/app/vendor/codeigniter4/framework/system/CodeIgniter.php(497): CodeIgniter\CodeIgniter->runController(Object(App\Controllers\Users))
#7 /home4/maala7ea/app/vendor/codeigniter4/framework/system/CodeIgniter.php(366): CodeIgniter\CodeIgniter->handleRequest(NULL, Object(Config\Cache), false)
#8 /home4/maala7ea/public_html/index.php(73): CodeIgniter\CodeIgniter->run()
#9 {main}
CRITICAL - 2023-09-07 18:46:16 --> Unknown column 'maket_status' in 'field list'
in SYSTEMPATH/Database/MySQLi/Connection.php on line 295.
 1 SYSTEMPATH/Database/MySQLi/Connection.php(295): mysqli->query('UPDATE `gs_service` SET  
        g_title= \'11:00 AM\',
        open_t= \'10:00 AM\',
        status= \'1\',
        maket_status= \'1\'
         WHERE g_id = 1', 0)
 2 SYSTEMPATH/Database/BaseConnection.php(692): CodeIgniter\Database\MySQLi\Connection->execute('UPDATE `gs_service` SET  
        g_title= \'11:00 AM\',
        open_t= \'10:00 AM\',
        status= \'1\',
        maket_status= \'1\'
         WHERE g_id = 1')
 3 SYSTEMPATH/Database/BaseConnection.php(606): CodeIgniter\Database\BaseConnection->simpleQuery('UPDATE `gs_service` SET  
        g_title= \'11:00 AM\',
        open_t= \'10:00 AM\',
        status= \'1\',
        maket_status= \'1\'
         WHERE g_id = 1')
 4 APPPATH/Models/SPostModel.php(157): CodeIgniter\Database\BaseConnection->query('UPDATE `gs_service` SET  
        g_title= \'11:00 AM\',
        open_t= \'10:00 AM\',
        status= \'1\',
        maket_status= \'1\'
         WHERE g_id = 1')
 5 APPPATH/Controllers/Users.php(230): App\Models\SPostModel->update1('1', [...])
 6 SYSTEMPATH/CodeIgniter.php(932): App\Controllers\Users->supdate('1')
 7 SYSTEMPATH/CodeIgniter.php(497): CodeIgniter\CodeIgniter->runController(Object(App\Controllers\Users))
 8 SYSTEMPATH/CodeIgniter.php(366): CodeIgniter\CodeIgniter->handleRequest(null, Object(Config\Cache), false)
 9 FCPATH/index.php(73): CodeIgniter\CodeIgniter->run()
CRITICAL - 2023-09-07 18:53:14 --> Undefined array key "market_status"
in APPPATH/Models/SPostModel.php on line 42.
 1 APPPATH/Models/SPostModel.php(42): CodeIgniter\Debug\Exceptions->errorHandler(2, 'Undefined array key "market_status"', '/home4/maala7ea/app/app/Models/SPostModel.php', 42)
 2 APPPATH/Controllers/Users.php(147): App\Models\SPostModel->save([...])
 3 SYSTEMPATH/CodeIgniter.php(932): App\Controllers\Users->sstore()
 4 SYSTEMPATH/CodeIgniter.php(497): CodeIgniter\CodeIgniter->runController(Object(App\Controllers\Users))
 5 SYSTEMPATH/CodeIgniter.php(366): CodeIgniter\CodeIgniter->handleRequest(null, Object(Config\Cache), false)
 6 FCPATH/index.php(73): CodeIgniter\CodeIgniter->run()
ERROR - 2023-09-07 19:04:25 --> mysqli_sql_exception: Table 'maala7ea_maa.gs_rate' doesn't exist in /home4/maala7ea/app/vendor/codeigniter4/framework/system/Database/MySQLi/Connection.php:295
Stack trace:
#0 /home4/maala7ea/app/vendor/codeigniter4/framework/system/Database/MySQLi/Connection.php(295): mysqli->query('SELECT * FROM `...', 0)
#1 /home4/maala7ea/app/vendor/codeigniter4/framework/system/Database/BaseConnection.php(692): CodeIgniter\Database\MySQLi\Connection->execute('SELECT * FROM `...')
#2 /home4/maala7ea/app/vendor/codeigniter4/framework/system/Database/BaseConnection.php(606): CodeIgniter\Database\BaseConnection->simpleQuery('SELECT * FROM `...')
#3 /home4/maala7ea/app/app/Models/BasicModel.php(163): CodeIgniter\Database\BaseConnection->query('SELECT * FROM `...')
#4 /home4/maala7ea/app/app/Controllers/Basic.php(41): App\Models\BasicModel->rates()
#5 /home4/maala7ea/app/vendor/codeigniter4/framework/system/CodeIgniter.php(932): App\Controllers\Basic->rates()
#6 /home4/maala7ea/app/vendor/codeigniter4/framework/system/CodeIgniter.php(497): CodeIgniter\CodeIgniter->runController(Object(App\Controllers\Basic))
#7 /home4/maala7ea/app/vendor/codeigniter4/framework/system/CodeIgniter.php(366): CodeIgniter\CodeIgniter->handleRequest(NULL, Object(Config\Cache), false)
#8 /home4/maala7ea/public_html/index.php(73): CodeIgniter\CodeIgniter->run()
#9 {main}
CRITICAL - 2023-09-07 19:04:25 --> Table 'maala7ea_maa.gs_rate' doesn't exist
in SYSTEMPATH/Database/MySQLi/Connection.php on line 295.
 1 SYSTEMPATH/Database/MySQLi/Connection.php(295): mysqli->query('SELECT * FROM `gs_rate`', 0)
 2 SYSTEMPATH/Database/BaseConnection.php(692): CodeIgniter\Database\MySQLi\Connection->execute('SELECT * FROM `gs_rate`')
 3 SYSTEMPATH/Database/BaseConnection.php(606): CodeIgniter\Database\BaseConnection->simpleQuery('SELECT * FROM `gs_rate`')
 4 APPPATH/Models/BasicModel.php(163): CodeIgniter\Database\BaseConnection->query('SELECT * FROM `gs_rate`')
 5 APPPATH/Controllers/Basic.php(41): App\Models\BasicModel->rates()
 6 SYSTEMPATH/CodeIgniter.php(932): App\Controllers\Basic->rates()
 7 SYSTEMPATH/CodeIgniter.php(497): CodeIgniter\CodeIgniter->runController(Object(App\Controllers\Basic))
 8 SYSTEMPATH/CodeIgniter.php(366): CodeIgniter\CodeIgniter->handleRequest(null, Object(Config\Cache), false)
 9 FCPATH/index.php(73): CodeIgniter\CodeIgniter->run()
