CRITICAL - 2023-12-19 00:47:17 --> Result does not exist for specified id
in APPPATH/Models/ResultModel.php on line 206.
 1 APPPATH/Controllers/Chart.php(108): App\Models\ResultModel->findGByIdA('2')
 2 SYSTEMPATH/CodeIgniter.php(932): App\Controllers\Chart->index1('2')
 3 SYSTEMPATH/CodeIgniter.php(497): CodeIgniter\CodeIgniter->runController(Object(App\Controllers\Chart))
 4 SYSTEMPATH/CodeIgniter.php(366): CodeIgniter\CodeIgniter->handleRequest(null, Object(Config\Cache), false)
 5 FCPATH/index.php(73): CodeIgniter\CodeIgniter->run()
CRITICAL - 2023-12-19 02:49:47 --> Result does not exist for specified id
in APPPATH/Models/ResultModel.php on line 206.
 1 APPPATH/Controllers/Chart.php(108): App\Models\ResultModel->findGByIdA('19')
 2 SYSTEMPATH/CodeIgniter.php(932): App\Controllers\Chart->index1('19')
 3 SYSTEMPATH/CodeIgniter.php(497): CodeIgniter\CodeIgniter->runController(Object(App\Controllers\Chart))
 4 SYSTEMPATH/CodeIgniter.php(366): CodeIgniter\CodeIgniter->handleRequest(null, Object(Config\Cache), false)
 5 FCPATH/index.php(73): CodeIgniter\CodeIgniter->run()
CRITICAL - 2023-12-19 04:49:04 --> Result does not exist for specified id
in APPPATH/Models/ResultModel.php on line 206.
 1 APPPATH/Controllers/Chart.php(108): App\Models\ResultModel->findGByIdA('10')
 2 SYSTEMPATH/CodeIgniter.php(932): App\Controllers\Chart->index1('10')
 3 SYSTEMPATH/CodeIgniter.php(497): CodeIgniter\CodeIgniter->runController(Object(App\Controllers\Chart))
 4 SYSTEMPATH/CodeIgniter.php(366): CodeIgniter\CodeIgniter->handleRequest(null, Object(Config\Cache), false)
 5 FCPATH/index.php(73): CodeIgniter\CodeIgniter->run()
CRITICAL - 2023-12-19 05:08:15 --> Result does not exist for specified id
in APPPATH/Models/ResultModel.php on line 206.
 1 APPPATH/Controllers/Chart.php(108): App\Models\ResultModel->findGByIdA('17')
 2 SYSTEMPATH/CodeIgniter.php(932): App\Controllers\Chart->index1('17')
 3 SYSTEMPATH/CodeIgniter.php(497): CodeIgniter\CodeIgniter->runController(Object(App\Controllers\Chart))
 4 SYSTEMPATH/CodeIgniter.php(366): CodeIgniter\CodeIgniter->handleRequest(null, Object(Config\Cache), false)
 5 FCPATH/index.php(73): CodeIgniter\CodeIgniter->run()
CRITICAL - 2023-12-19 06:16:14 --> Result does not exist for specified id
in APPPATH/Models/ResultModel.php on line 206.
 1 APPPATH/Controllers/Chart.php(108): App\Models\ResultModel->findGByIdA('15')
 2 SYSTEMPATH/CodeIgniter.php(932): App\Controllers\Chart->index1('15')
 3 SYSTEMPATH/CodeIgniter.php(497): CodeIgniter\CodeIgniter->runController(Object(App\Controllers\Chart))
 4 SYSTEMPATH/CodeIgniter.php(366): CodeIgniter\CodeIgniter->handleRequest(null, Object(Config\Cache), false)
 5 FCPATH/index.php(73): CodeIgniter\CodeIgniter->run()
CRITICAL - 2023-12-19 06:17:29 --> Result does not exist for specified id
in APPPATH/Models/ResultModel.php on line 206.
 1 APPPATH/Controllers/Chart.php(108): App\Models\ResultModel->findGByIdA('12')
 2 SYSTEMPATH/CodeIgniter.php(932): App\Controllers\Chart->index1('12')
 3 SYSTEMPATH/CodeIgniter.php(497): CodeIgniter\CodeIgniter->runController(Object(App\Controllers\Chart))
 4 SYSTEMPATH/CodeIgniter.php(366): CodeIgniter\CodeIgniter->handleRequest(null, Object(Config\Cache), false)
 5 FCPATH/index.php(73): CodeIgniter\CodeIgniter->run()
CRITICAL - 2023-12-19 07:07:42 --> Result does not exist for specified id
in APPPATH/Models/ResultModel.php on line 206.
 1 APPPATH/Controllers/Chart.php(108): App\Models\ResultModel->findGByIdA('16')
 2 SYSTEMPATH/CodeIgniter.php(932): App\Controllers\Chart->index1('16')
 3 SYSTEMPATH/CodeIgniter.php(497): CodeIgniter\CodeIgniter->runController(Object(App\Controllers\Chart))
 4 SYSTEMPATH/CodeIgniter.php(366): CodeIgniter\CodeIgniter->handleRequest(null, Object(Config\Cache), false)
 5 FCPATH/index.php(73): CodeIgniter\CodeIgniter->run()
CRITICAL - 2023-12-19 14:00:57 --> Failed to parse time string (12-19-2023) at position 0 (1): Unexpected character
in APPPATH/Controllers/Home.php on line 25.
 1 APPPATH/Controllers/Home.php(25): DateTime->__construct('12-19-2023')
 2 SYSTEMPATH/CodeIgniter.php(932): App\Controllers\Home->index()
 3 SYSTEMPATH/CodeIgniter.php(497): CodeIgniter\CodeIgniter->runController(Object(App\Controllers\Home))
 4 SYSTEMPATH/CodeIgniter.php(366): CodeIgniter\CodeIgniter->handleRequest(null, Object(Config\Cache), false)
 5 FCPATH/index.php(73): CodeIgniter\CodeIgniter->run()
CRITICAL - 2023-12-19 14:08:03 --> Undefined array key "result_date"
in APPPATH/Controllers/Home.php on line 100.
 1 APPPATH/Controllers/Home.php(100): CodeIgniter\Debug\Exceptions->errorHandler(2, 'Undefined array key "result_date"', '/home4/maala7ea/app/app/Controllers/Home.php', 100)
 2 SYSTEMPATH/CodeIgniter.php(932): App\Controllers\Home->index()
 3 SYSTEMPATH/CodeIgniter.php(497): CodeIgniter\CodeIgniter->runController(Object(App\Controllers\Home))
 4 SYSTEMPATH/CodeIgniter.php(366): CodeIgniter\CodeIgniter->handleRequest(null, Object(Config\Cache), false)
 5 FCPATH/index.php(73): CodeIgniter\CodeIgniter->run()
CRITICAL - 2023-12-19 14:09:45 --> Undefined variable $date11
in APPPATH/Controllers/Home.php on line 100.
 1 APPPATH/Controllers/Home.php(100): CodeIgniter\Debug\Exceptions->errorHandler(2, 'Undefined variable $date11', '/home4/maala7ea/app/app/Controllers/Home.php', 100)
 2 SYSTEMPATH/CodeIgniter.php(932): App\Controllers\Home->index()
 3 SYSTEMPATH/CodeIgniter.php(497): CodeIgniter\CodeIgniter->runController(Object(App\Controllers\Home))
 4 SYSTEMPATH/CodeIgniter.php(366): CodeIgniter\CodeIgniter->handleRequest(null, Object(Config\Cache), false)
 5 FCPATH/index.php(73): CodeIgniter\CodeIgniter->run()
CRITICAL - 2023-12-19 14:29:00 --> Undefined variable $tt
in APPPATH/Views/chart.php on line 156.
 1 APPPATH/Views/chart.php(156): CodeIgniter\Debug\Exceptions->errorHandler(2, 'Undefined variable $tt', '/home4/maala7ea/app/app/Views/chart.php', 156)
 2 SYSTEMPATH/View/View.php(224): include('/home4/maala7ea/app/app/Views/chart.php')
 3 SYSTEMPATH/View/View.php(227): CodeIgniter\View\View->CodeIgniter\View\{closure}()
 4 SYSTEMPATH/Common.php(1176): CodeIgniter\View\View->render('chart', [], true)
 5 APPPATH/Controllers/Chart.php(102): view('chart', [...])
 6 SYSTEMPATH/CodeIgniter.php(932): App\Controllers\Chart->index()
 7 SYSTEMPATH/CodeIgniter.php(497): CodeIgniter\CodeIgniter->runController(Object(App\Controllers\Chart))
 8 SYSTEMPATH/CodeIgniter.php(366): CodeIgniter\CodeIgniter->handleRequest(null, Object(Config\Cache), false)
 9 FCPATH/index.php(73): CodeIgniter\CodeIgniter->run()
CRITICAL - 2023-12-19 09:08:12 --> Undefined array key "result_date"
in APPPATH/Views/chart.php on line 165.
 1 APPPATH/Views/chart.php(165): CodeIgniter\Debug\Exceptions->errorHandler(2, 'Undefined array key "result_date"', '/home4/maala7ea/app/app/Views/chart.php', 165)
 2 SYSTEMPATH/View/View.php(224): include('/home4/maala7ea/app/app/Views/chart.php')
 3 SYSTEMPATH/View/View.php(227): CodeIgniter\View\View->CodeIgniter\View\{closure}()
 4 SYSTEMPATH/Common.php(1176): CodeIgniter\View\View->render('chart', [], true)
 5 APPPATH/Controllers/Chart.php(196): view('chart', [...])
 6 SYSTEMPATH/CodeIgniter.php(932): App\Controllers\Chart->index1('1')
 7 SYSTEMPATH/CodeIgniter.php(497): CodeIgniter\CodeIgniter->runController(Object(App\Controllers\Chart))
 8 SYSTEMPATH/CodeIgniter.php(366): CodeIgniter\CodeIgniter->handleRequest(null, Object(Config\Cache), false)
 9 FCPATH/index.php(73): CodeIgniter\CodeIgniter->run()
