CRITICAL - 2023-08-25 04:57:24 --> Result does not exist for specified id
in APPPATH/Models/ResultModel.php on line 190.
 1 APPPATH/Controllers/Result.php(121): App\Models\ResultModel->findGByIdA('10')
 2 SYSTEMPATH/CodeIgniter.php(932): App\Controllers\Result->by_g_id('10')
 3 SYSTEMPATH/CodeIgniter.php(497): CodeIgniter\CodeIgniter->runController(Object(App\Controllers\Result))
 4 SYSTEMPATH/CodeIgniter.php(366): CodeIgniter\CodeIgniter->handleRequest(null, Object(Config\Cache), false)
 5 FCPATH/index.php(73): CodeIgniter\CodeIgniter->run()
CRITICAL - 2023-08-25 04:57:25 --> Result does not exist for specified id
in APPPATH/Models/ResultModel.php on line 190.
 1 APPPATH/Controllers/Result.php(121): App\Models\ResultModel->findGByIdA('10')
 2 SYSTEMPATH/CodeIgniter.php(932): App\Controllers\Result->by_g_id('10')
 3 SYSTEMPATH/CodeIgniter.php(497): CodeIgniter\CodeIgniter->runController(Object(App\Controllers\Result))
 4 SYSTEMPATH/CodeIgniter.php(366): CodeIgniter\CodeIgniter->handleRequest(null, Object(Config\Cache), false)
 5 FCPATH/index.php(73): CodeIgniter\CodeIgniter->run()
CRITICAL - 2023-08-25 04:57:31 --> Result does not exist for specified id
in APPPATH/Models/ResultModel.php on line 190.
 1 APPPATH/Controllers/Result.php(121): App\Models\ResultModel->findGByIdA('15')
 2 SYSTEMPATH/CodeIgniter.php(932): App\Controllers\Result->by_g_id('15')
 3 SYSTEMPATH/CodeIgniter.php(497): CodeIgniter\CodeIgniter->runController(Object(App\Controllers\Result))
 4 SYSTEMPATH/CodeIgniter.php(366): CodeIgniter\CodeIgniter->handleRequest(null, Object(Config\Cache), false)
 5 FCPATH/index.php(73): CodeIgniter\CodeIgniter->run()
CRITICAL - 2023-08-25 04:57:31 --> Result does not exist for specified id
in APPPATH/Models/ResultModel.php on line 190.
 1 APPPATH/Controllers/Result.php(121): App\Models\ResultModel->findGByIdA('15')
 2 SYSTEMPATH/CodeIgniter.php(932): App\Controllers\Result->by_g_id('15')
 3 SYSTEMPATH/CodeIgniter.php(497): CodeIgniter\CodeIgniter->runController(Object(App\Controllers\Result))
 4 SYSTEMPATH/CodeIgniter.php(366): CodeIgniter\CodeIgniter->handleRequest(null, Object(Config\Cache), false)
 5 FCPATH/index.php(73): CodeIgniter\CodeIgniter->run()
CRITICAL - 2023-08-25 04:57:38 --> Result does not exist for specified id
in APPPATH/Models/ResultModel.php on line 190.
 1 APPPATH/Controllers/Result.php(121): App\Models\ResultModel->findGByIdA('19')
 2 SYSTEMPATH/CodeIgniter.php(932): App\Controllers\Result->by_g_id('19')
 3 SYSTEMPATH/CodeIgniter.php(497): CodeIgniter\CodeIgniter->runController(Object(App\Controllers\Result))
 4 SYSTEMPATH/CodeIgniter.php(366): CodeIgniter\CodeIgniter->handleRequest(null, Object(Config\Cache), false)
 5 FCPATH/index.php(73): CodeIgniter\CodeIgniter->run()
CRITICAL - 2023-08-25 04:57:38 --> Result does not exist for specified id
in APPPATH/Models/ResultModel.php on line 190.
 1 APPPATH/Controllers/Result.php(121): App\Models\ResultModel->findGByIdA('19')
 2 SYSTEMPATH/CodeIgniter.php(932): App\Controllers\Result->by_g_id('19')
 3 SYSTEMPATH/CodeIgniter.php(497): CodeIgniter\CodeIgniter->runController(Object(App\Controllers\Result))
 4 SYSTEMPATH/CodeIgniter.php(366): CodeIgniter\CodeIgniter->handleRequest(null, Object(Config\Cache), false)
 5 FCPATH/index.php(73): CodeIgniter\CodeIgniter->run()
