CRITICAL - 2023-09-04 08:37:32 --> Service does not exist for specified id
in APPPATH/Models/PostModel.php on line 79.
 1 APPPATH/Controllers/Result.php(84): App\Models\PostModel->findPostById('')
 2 SYSTEMPATH/CodeIgniter.php(932): App\Controllers\Result->index1()
 3 SYSTEMPATH/CodeIgniter.php(497): CodeIgniter\CodeIgniter->runController(Object(App\Controllers\Result))
 4 SYSTEMPATH/CodeIgniter.php(366): CodeIgniter\CodeIgniter->handleRequest(null, Object(Config\Cache), false)
 5 FCPATH/index.php(73): CodeIgniter\CodeIgniter->run()
CRITICAL - 2023-09-04 08:37:54 --> Service does not exist for specified id
in APPPATH/Models/PostModel.php on line 79.
 1 APPPATH/Controllers/Result.php(84): App\Models\PostModel->findPostById('')
 2 SYSTEMPATH/CodeIgniter.php(932): App\Controllers\Result->index1()
 3 SYSTEMPATH/CodeIgniter.php(497): CodeIgniter\CodeIgniter->runController(Object(App\Controllers\Result))
 4 SYSTEMPATH/CodeIgniter.php(366): CodeIgniter\CodeIgniter->handleRequest(null, Object(Config\Cache), false)
 5 FCPATH/index.php(73): CodeIgniter\CodeIgniter->run()
CRITICAL - 2023-09-04 08:38:09 --> Service does not exist for specified id
in APPPATH/Models/PostModel.php on line 79.
 1 APPPATH/Controllers/Result.php(84): App\Models\PostModel->findPostById('')
 2 SYSTEMPATH/CodeIgniter.php(932): App\Controllers\Result->index1()
 3 SYSTEMPATH/CodeIgniter.php(497): CodeIgniter\CodeIgniter->runController(Object(App\Controllers\Result))
 4 SYSTEMPATH/CodeIgniter.php(366): CodeIgniter\CodeIgniter->handleRequest(null, Object(Config\Cache), false)
 5 FCPATH/index.php(73): CodeIgniter\CodeIgniter->run()
CRITICAL - 2023-09-04 08:38:16 --> Service does not exist for specified id
in APPPATH/Models/PostModel.php on line 79.
 1 APPPATH/Controllers/Result.php(84): App\Models\PostModel->findPostById('')
 2 SYSTEMPATH/CodeIgniter.php(932): App\Controllers\Result->index1()
 3 SYSTEMPATH/CodeIgniter.php(497): CodeIgniter\CodeIgniter->runController(Object(App\Controllers\Result))
 4 SYSTEMPATH/CodeIgniter.php(366): CodeIgniter\CodeIgniter->handleRequest(null, Object(Config\Cache), false)
 5 FCPATH/index.php(73): CodeIgniter\CodeIgniter->run()
CRITICAL - 2023-09-04 08:38:24 --> Service does not exist for specified id
in APPPATH/Models/PostModel.php on line 79.
 1 APPPATH/Controllers/Result.php(84): App\Models\PostModel->findPostById('')
 2 SYSTEMPATH/CodeIgniter.php(932): App\Controllers\Result->index1()
 3 SYSTEMPATH/CodeIgniter.php(497): CodeIgniter\CodeIgniter->runController(Object(App\Controllers\Result))
 4 SYSTEMPATH/CodeIgniter.php(366): CodeIgniter\CodeIgniter->handleRequest(null, Object(Config\Cache), false)
 5 FCPATH/index.php(73): CodeIgniter\CodeIgniter->run()
CRITICAL - 2023-09-04 08:38:48 --> Service does not exist for specified id
in APPPATH/Models/PostModel.php on line 79.
 1 APPPATH/Controllers/Result.php(84): App\Models\PostModel->findPostById('')
 2 SYSTEMPATH/CodeIgniter.php(932): App\Controllers\Result->index1()
 3 SYSTEMPATH/CodeIgniter.php(497): CodeIgniter\CodeIgniter->runController(Object(App\Controllers\Result))
 4 SYSTEMPATH/CodeIgniter.php(366): CodeIgniter\CodeIgniter->handleRequest(null, Object(Config\Cache), false)
 5 FCPATH/index.php(73): CodeIgniter\CodeIgniter->run()
CRITICAL - 2023-09-04 11:19:29 --> Service does not exist for specified id
in APPPATH/Models/PostModel.php on line 79.
 1 APPPATH/Controllers/Result.php(84): App\Models\PostModel->findPostById('')
 2 SYSTEMPATH/CodeIgniter.php(932): App\Controllers\Result->index1()
 3 SYSTEMPATH/CodeIgniter.php(497): CodeIgniter\CodeIgniter->runController(Object(App\Controllers\Result))
 4 SYSTEMPATH/CodeIgniter.php(366): CodeIgniter\CodeIgniter->handleRequest(null, Object(Config\Cache), false)
 5 FCPATH/index.php(73): CodeIgniter\CodeIgniter->run()
CRITICAL - 2023-09-04 11:19:53 --> Service does not exist for specified id
in APPPATH/Models/PostModel.php on line 79.
 1 APPPATH/Controllers/Result.php(84): App\Models\PostModel->findPostById('')
 2 SYSTEMPATH/CodeIgniter.php(932): App\Controllers\Result->index1()
 3 SYSTEMPATH/CodeIgniter.php(497): CodeIgniter\CodeIgniter->runController(Object(App\Controllers\Result))
 4 SYSTEMPATH/CodeIgniter.php(366): CodeIgniter\CodeIgniter->handleRequest(null, Object(Config\Cache), false)
 5 FCPATH/index.php(73): CodeIgniter\CodeIgniter->run()
CRITICAL - 2023-09-04 11:20:34 --> Service does not exist for specified id
in APPPATH/Models/PostModel.php on line 79.
 1 APPPATH/Controllers/Result.php(84): App\Models\PostModel->findPostById('')
 2 SYSTEMPATH/CodeIgniter.php(932): App\Controllers\Result->index1()
 3 SYSTEMPATH/CodeIgniter.php(497): CodeIgniter\CodeIgniter->runController(Object(App\Controllers\Result))
 4 SYSTEMPATH/CodeIgniter.php(366): CodeIgniter\CodeIgniter->handleRequest(null, Object(Config\Cache), false)
 5 FCPATH/index.php(73): CodeIgniter\CodeIgniter->run()
CRITICAL - 2023-09-04 11:21:20 --> Service does not exist for specified id
in APPPATH/Models/PostModel.php on line 79.
 1 APPPATH/Controllers/Result.php(84): App\Models\PostModel->findPostById('')
 2 SYSTEMPATH/CodeIgniter.php(932): App\Controllers\Result->index1()
 3 SYSTEMPATH/CodeIgniter.php(497): CodeIgniter\CodeIgniter->runController(Object(App\Controllers\Result))
 4 SYSTEMPATH/CodeIgniter.php(366): CodeIgniter\CodeIgniter->handleRequest(null, Object(Config\Cache), false)
 5 FCPATH/index.php(73): CodeIgniter\CodeIgniter->run()
CRITICAL - 2023-09-04 11:22:10 --> Service does not exist for specified id
in APPPATH/Models/PostModel.php on line 79.
 1 APPPATH/Controllers/Result.php(84): App\Models\PostModel->findPostById('')
 2 SYSTEMPATH/CodeIgniter.php(932): App\Controllers\Result->index1()
 3 SYSTEMPATH/CodeIgniter.php(497): CodeIgniter\CodeIgniter->runController(Object(App\Controllers\Result))
 4 SYSTEMPATH/CodeIgniter.php(366): CodeIgniter\CodeIgniter->handleRequest(null, Object(Config\Cache), false)
 5 FCPATH/index.php(73): CodeIgniter\CodeIgniter->run()
