ERROR - 2023-09-19 11:30:47 --> mysqli_sql_exception: You have an error in your SQL syntax; check the manual that corresponds to your MySQL server version for the right syntax to use near 'WHERE user_id = 1' at line 3 in /home4/maala7ea/app/vendor/codeigniter4/framework/system/Database/MySQLi/Connection.php:295
Stack trace:
#0 /home4/maala7ea/app/vendor/codeigniter4/framework/system/Database/MySQLi/Connection.php(295): mysqli->query('UPDATE `admin` ...', 0)
#1 /home4/maala7ea/app/vendor/codeigniter4/framework/system/Database/BaseConnection.php(692): CodeIgniter\Database\MySQLi\Connection->execute('UPDATE `admin` ...')
#2 /home4/maala7ea/app/vendor/codeigniter4/framework/system/Database/BaseConnection.php(606): CodeIgniter\Database\BaseConnection->simpleQuery('UPDATE `admin` ...')
#3 /home4/maala7ea/app/app/Models/UserModel.php(218): CodeIgniter\Database\BaseConnection->query('UPDATE `admin` ...')
#4 /home4/maala7ea/app/app/Controllers/Auth.php(279): App\Models\UserModel->admin_update('1', Array)
#5 /home4/maala7ea/app/vendor/codeigniter4/framework/system/CodeIgniter.php(932): App\Controllers\Auth->adminuser_update('1')
#6 /home4/maala7ea/app/vendor/codeigniter4/framework/system/CodeIgniter.php(497): CodeIgniter\CodeIgniter->runController(Object(App\Controllers\Auth))
#7 /home4/maala7ea/app/vendor/codeigniter4/framework/system/CodeIgniter.php(366): CodeIgniter\CodeIgniter->handleRequest(NULL, Object(Config\Cache), false)
#8 /home4/maala7ea/public_html/index.php(73): CodeIgniter\CodeIgniter->run()
#9 {main}
CRITICAL - 2023-09-19 11:30:47 --> You have an error in your SQL syntax; check the manual that corresponds to your MySQL server version for the right syntax to use near 'WHERE user_id = 1' at line 3
in SYSTEMPATH/Database/MySQLi/Connection.php on line 295.
 1 SYSTEMPATH/Database/MySQLi/Connection.php(295): mysqli->query('UPDATE `admin` SET  
        pin = \'9602\',
          WHERE user_id = 1', 0)
 2 SYSTEMPATH/Database/BaseConnection.php(692): CodeIgniter\Database\MySQLi\Connection->execute('UPDATE `admin` SET  
        pin = \'9602\',
          WHERE user_id = 1')
 3 SYSTEMPATH/Database/BaseConnection.php(606): CodeIgniter\Database\BaseConnection->simpleQuery('UPDATE `admin` SET  
        pin = \'9602\',
          WHERE user_id = 1')
 4 APPPATH/Models/UserModel.php(218): CodeIgniter\Database\BaseConnection->query('UPDATE `admin` SET  
        pin = \'9602\',
          WHERE user_id = 1')
 5 APPPATH/Controllers/Auth.php(279): App\Models\UserModel->admin_update('1', [...])
 6 SYSTEMPATH/CodeIgniter.php(932): App\Controllers\Auth->adminuser_update('1')
 7 SYSTEMPATH/CodeIgniter.php(497): CodeIgniter\CodeIgniter->runController(Object(App\Controllers\Auth))
 8 SYSTEMPATH/CodeIgniter.php(366): CodeIgniter\CodeIgniter->handleRequest(null, Object(Config\Cache), false)
 9 FCPATH/index.php(73): CodeIgniter\CodeIgniter->run()
CRITICAL - 2023-09-19 12:08:04 --> Result does not exist for specified id
in APPPATH/Models/ResultModel.php on line 192.
 1 APPPATH/Controllers/Result.php(286): App\Models\ResultModel->findGByIdA('16')
 2 SYSTEMPATH/CodeIgniter.php(932): App\Controllers\Result->by_g_id('16')
 3 SYSTEMPATH/CodeIgniter.php(497): CodeIgniter\CodeIgniter->runController(Object(App\Controllers\Result))
 4 SYSTEMPATH/CodeIgniter.php(366): CodeIgniter\CodeIgniter->handleRequest(null, Object(Config\Cache), false)
 5 FCPATH/index.php(73): CodeIgniter\CodeIgniter->run()
ERROR - 2023-09-19 18:50:03 --> mysqli_sql_exception: Table 'maala7ea_maa.user_log_a' doesn't exist in /home4/maala7ea/app/vendor/codeigniter4/framework/system/Database/MySQLi/Connection.php:295
Stack trace:
#0 /home4/maala7ea/app/vendor/codeigniter4/framework/system/Database/MySQLi/Connection.php(295): mysqli->query('SELECT *\nFROM `...', 0)
#1 /home4/maala7ea/app/vendor/codeigniter4/framework/system/Database/BaseConnection.php(692): CodeIgniter\Database\MySQLi\Connection->execute('SELECT *\nFROM `...')
#2 /home4/maala7ea/app/vendor/codeigniter4/framework/system/Database/BaseConnection.php(606): CodeIgniter\Database\BaseConnection->simpleQuery('SELECT *\nFROM `...')
#3 /home4/maala7ea/app/vendor/codeigniter4/framework/system/Database/BaseBuilder.php(1616): CodeIgniter\Database\BaseConnection->query('SELECT *\nFROM `...', Array, false)
#4 /home4/maala7ea/app/vendor/codeigniter4/framework/system/Model.php(268): CodeIgniter\Database\BaseBuilder->get()
#5 /home4/maala7ea/app/vendor/codeigniter4/framework/system/BaseModel.php(656): CodeIgniter\Model->doFirst()
#6 /home4/maala7ea/app/app/Models/UserAModel.php(52): CodeIgniter\BaseModel->first()
#7 /home4/maala7ea/app/app/Controllers/Basic.php(29): App\Models\UserAModel->findUserByUserId('2')
#8 /home4/maala7ea/app/vendor/codeigniter4/framework/system/CodeIgniter.php(932): App\Controllers\Basic->latest_log('2')
#9 /home4/maala7ea/app/vendor/codeigniter4/framework/system/CodeIgniter.php(497): CodeIgniter\CodeIgniter->runController(Object(App\Controllers\Basic))
#10 /home4/maala7ea/app/vendor/codeigniter4/framework/system/CodeIgniter.php(366): CodeIgniter\CodeIgniter->handleRequest(NULL, Object(Config\Cache), false)
#11 /home4/maala7ea/public_html/index.php(73): CodeIgniter\CodeIgniter->run()
#12 {main}
CRITICAL - 2023-09-19 18:50:03 --> Table 'maala7ea_maa.user_log_a' doesn't exist
in SYSTEMPATH/Database/MySQLi/Connection.php on line 295.
 1 SYSTEMPATH/Database/MySQLi/Connection.php(295): mysqli->query('SELECT *
FROM `user_log_a`
WHERE `user_id` = \'2\'
 LIMIT 1', 0)
 2 SYSTEMPATH/Database/BaseConnection.php(692): CodeIgniter\Database\MySQLi\Connection->execute('SELECT *
FROM `user_log_a`
WHERE `user_id` = \'2\'
 LIMIT 1')
 3 SYSTEMPATH/Database/BaseConnection.php(606): CodeIgniter\Database\BaseConnection->simpleQuery('SELECT *
FROM `user_log_a`
WHERE `user_id` = \'2\'
 LIMIT 1')
 4 SYSTEMPATH/Database/BaseBuilder.php(1616): CodeIgniter\Database\BaseConnection->query('SELECT *
FROM `user_log_a`
WHERE `user_id` = :user_id:
 LIMIT 1', [...], false)
 5 SYSTEMPATH/Model.php(268): CodeIgniter\Database\BaseBuilder->get()
 6 SYSTEMPATH/BaseModel.php(656): CodeIgniter\Model->doFirst()
 7 APPPATH/Models/UserAModel.php(52): CodeIgniter\BaseModel->first()
 8 APPPATH/Controllers/Basic.php(29): App\Models\UserAModel->findUserByUserId('2')
 9 SYSTEMPATH/CodeIgniter.php(932): App\Controllers\Basic->latest_log('2')
10 SYSTEMPATH/CodeIgniter.php(497): CodeIgniter\CodeIgniter->runController(Object(App\Controllers\Basic))
11 SYSTEMPATH/CodeIgniter.php(366): CodeIgniter\CodeIgniter->handleRequest(null, Object(Config\Cache), false)
12 FCPATH/index.php(73): CodeIgniter\CodeIgniter->run()
ERROR - 2023-09-19 18:50:25 --> mysqli_sql_exception: Table 'maala7ea_maa.user_log_a' doesn't exist in /home4/maala7ea/app/vendor/codeigniter4/framework/system/Database/MySQLi/Connection.php:295
Stack trace:
#0 /home4/maala7ea/app/vendor/codeigniter4/framework/system/Database/MySQLi/Connection.php(295): mysqli->query('SELECT *\nFROM `...', 0)
#1 /home4/maala7ea/app/vendor/codeigniter4/framework/system/Database/BaseConnection.php(692): CodeIgniter\Database\MySQLi\Connection->execute('SELECT *\nFROM `...')
#2 /home4/maala7ea/app/vendor/codeigniter4/framework/system/Database/BaseConnection.php(606): CodeIgniter\Database\BaseConnection->simpleQuery('SELECT *\nFROM `...')
#3 /home4/maala7ea/app/vendor/codeigniter4/framework/system/Database/BaseBuilder.php(1616): CodeIgniter\Database\BaseConnection->query('SELECT *\nFROM `...', Array, false)
#4 /home4/maala7ea/app/vendor/codeigniter4/framework/system/Model.php(268): CodeIgniter\Database\BaseBuilder->get()
#5 /home4/maala7ea/app/vendor/codeigniter4/framework/system/BaseModel.php(656): CodeIgniter\Model->doFirst()
#6 /home4/maala7ea/app/app/Models/UserAModel.php(52): CodeIgniter\BaseModel->first()
#7 /home4/maala7ea/app/app/Controllers/Basic.php(29): App\Models\UserAModel->findUserByUserId('2')
#8 /home4/maala7ea/app/vendor/codeigniter4/framework/system/CodeIgniter.php(932): App\Controllers\Basic->latest_log('2')
#9 /home4/maala7ea/app/vendor/codeigniter4/framework/system/CodeIgniter.php(497): CodeIgniter\CodeIgniter->runController(Object(App\Controllers\Basic))
#10 /home4/maala7ea/app/vendor/codeigniter4/framework/system/CodeIgniter.php(366): CodeIgniter\CodeIgniter->handleRequest(NULL, Object(Config\Cache), false)
#11 /home4/maala7ea/public_html/index.php(73): CodeIgniter\CodeIgniter->run()
#12 {main}
CRITICAL - 2023-09-19 18:50:25 --> Table 'maala7ea_maa.user_log_a' doesn't exist
in SYSTEMPATH/Database/MySQLi/Connection.php on line 295.
 1 SYSTEMPATH/Database/MySQLi/Connection.php(295): mysqli->query('SELECT *
FROM `user_log_a`
WHERE `user_id` = \'2\'
 LIMIT 1', 0)
 2 SYSTEMPATH/Database/BaseConnection.php(692): CodeIgniter\Database\MySQLi\Connection->execute('SELECT *
FROM `user_log_a`
WHERE `user_id` = \'2\'
 LIMIT 1')
 3 SYSTEMPATH/Database/BaseConnection.php(606): CodeIgniter\Database\BaseConnection->simpleQuery('SELECT *
FROM `user_log_a`
WHERE `user_id` = \'2\'
 LIMIT 1')
 4 SYSTEMPATH/Database/BaseBuilder.php(1616): CodeIgniter\Database\BaseConnection->query('SELECT *
FROM `user_log_a`
WHERE `user_id` = :user_id:
 LIMIT 1', [...], false)
 5 SYSTEMPATH/Model.php(268): CodeIgniter\Database\BaseBuilder->get()
 6 SYSTEMPATH/BaseModel.php(656): CodeIgniter\Model->doFirst()
 7 APPPATH/Models/UserAModel.php(52): CodeIgniter\BaseModel->first()
 8 APPPATH/Controllers/Basic.php(29): App\Models\UserAModel->findUserByUserId('2')
 9 SYSTEMPATH/CodeIgniter.php(932): App\Controllers\Basic->latest_log('2')
10 SYSTEMPATH/CodeIgniter.php(497): CodeIgniter\CodeIgniter->runController(Object(App\Controllers\Basic))
11 SYSTEMPATH/CodeIgniter.php(366): CodeIgniter\CodeIgniter->handleRequest(null, Object(Config\Cache), false)
12 FCPATH/index.php(73): CodeIgniter\CodeIgniter->run()
