CRITICAL - 2023-09-09 23:31:10 --> Result does not exist for specified date
in APPPATH\Models\ResultModel.php on line 204.
 1 APPPATH\Controllers\Win.php(27): App\Models\ResultModel->findbydate('09-09-2023')
 2 SYSTEMPATH\CodeIgniter.php(932): App\Controllers\Win->index()
 3 SYSTEMPATH\CodeIgniter.php(497): CodeIgniter\CodeIgniter->runController(Object(App\Controllers\Win))
 4 SYSTEMPATH\CodeIgniter.php(366): CodeIgniter\CodeIgniter->handleRequest(null, Object(Config\Cache), false)
 5 FCPATH\index.php(73): CodeIgniter\CodeIgniter->run()
 6 SYSTEMPATH\Commands\Server\rewrite.php(47): require_once('C:\\Users\\com\\Desktop\\ml_back\\public\\index.php')
CRITICAL - 2023-09-09 23:31:52 --> Result does not exist for specified date
in APPPATH\Models\ResultModel.php on line 204.
 1 APPPATH\Controllers\Win.php(28): App\Models\ResultModel->findbydate('09-09-2023')
 2 SYSTEMPATH\CodeIgniter.php(932): App\Controllers\Win->index()
 3 SYSTEMPATH\CodeIgniter.php(497): CodeIgniter\CodeIgniter->runController(Object(App\Controllers\Win))
 4 SYSTEMPATH\CodeIgniter.php(366): CodeIgniter\CodeIgniter->handleRequest(null, Object(Config\Cache), false)
 5 FCPATH\index.php(73): CodeIgniter\CodeIgniter->run()
 6 SYSTEMPATH\Commands\Server\rewrite.php(47): require_once('C:\\Users\\com\\Desktop\\ml_back\\public\\index.php')
CRITICAL - 2023-09-09 23:32:02 --> Result does not exist for specified date
in APPPATH\Models\ResultModel.php on line 204.
 1 APPPATH\Controllers\Win.php(28): App\Models\ResultModel->findbydate('09-09-2023')
 2 SYSTEMPATH\CodeIgniter.php(932): App\Controllers\Win->index()
 3 SYSTEMPATH\CodeIgniter.php(497): CodeIgniter\CodeIgniter->runController(Object(App\Controllers\Win))
 4 SYSTEMPATH\CodeIgniter.php(366): CodeIgniter\CodeIgniter->handleRequest(null, Object(Config\Cache), false)
 5 FCPATH\index.php(73): CodeIgniter\CodeIgniter->run()
 6 SYSTEMPATH\Commands\Server\rewrite.php(47): require_once('C:\\Users\\com\\Desktop\\ml_back\\public\\index.php')
CRITICAL - 2023-09-09 23:32:24 --> Result does not exist for specified date
in APPPATH\Models\ResultModel.php on line 204.
 1 APPPATH\Controllers\Win.php(31): App\Models\ResultModel->findbydate('09-09-2023')
 2 SYSTEMPATH\CodeIgniter.php(932): App\Controllers\Win->index()
 3 SYSTEMPATH\CodeIgniter.php(497): CodeIgniter\CodeIgniter->runController(Object(App\Controllers\Win))
 4 SYSTEMPATH\CodeIgniter.php(366): CodeIgniter\CodeIgniter->handleRequest(null, Object(Config\Cache), false)
 5 FCPATH\index.php(73): CodeIgniter\CodeIgniter->run()
 6 SYSTEMPATH\Commands\Server\rewrite.php(47): require_once('C:\\Users\\com\\Desktop\\ml_back\\public\\index.php')
CRITICAL - 2023-09-09 23:32:41 --> Result does not exist for specified date
in APPPATH\Models\ResultModel.php on line 204.
 1 APPPATH\Controllers\Win.php(31): App\Models\ResultModel->findbydate('09-09-2023')
 2 SYSTEMPATH\CodeIgniter.php(932): App\Controllers\Win->index()
 3 SYSTEMPATH\CodeIgniter.php(497): CodeIgniter\CodeIgniter->runController(Object(App\Controllers\Win))
 4 SYSTEMPATH\CodeIgniter.php(366): CodeIgniter\CodeIgniter->handleRequest(null, Object(Config\Cache), false)
 5 FCPATH\index.php(73): CodeIgniter\CodeIgniter->run()
 6 SYSTEMPATH\Commands\Server\rewrite.php(47): require_once('C:\\Users\\com\\Desktop\\ml_back\\public\\index.php')
CRITICAL - 2023-09-09 23:33:14 --> Array to string conversion
in APPPATH\Models\ResultModel.php on line 205.
 1 APPPATH\Models\ResultModel.php(205): CodeIgniter\Debug\Exceptions->errorHandler(2, 'Array to string conversion', 'C:\\Users\\com\\Desktop\\ml_back\\app\\Models\\ResultModel.php', 205)
 2 APPPATH\Controllers\Win.php(29): App\Models\ResultModel->findbydate('09-09-2023')
 3 SYSTEMPATH\CodeIgniter.php(932): App\Controllers\Win->index()
 4 SYSTEMPATH\CodeIgniter.php(497): CodeIgniter\CodeIgniter->runController(Object(App\Controllers\Win))
 5 SYSTEMPATH\CodeIgniter.php(366): CodeIgniter\CodeIgniter->handleRequest(null, Object(Config\Cache), false)
 6 FCPATH\index.php(73): CodeIgniter\CodeIgniter->run()
 7 SYSTEMPATH\Commands\Server\rewrite.php(47): require_once('C:\\Users\\com\\Desktop\\ml_back\\public\\index.php')
CRITICAL - 2023-09-09 23:34:06 --> Array to string conversion
in APPPATH\Models\ResultModel.php on line 205.
 1 APPPATH\Models\ResultModel.php(205): CodeIgniter\Debug\Exceptions->errorHandler(2, 'Array to string conversion', 'C:\\Users\\com\\Desktop\\ml_back\\app\\Models\\ResultModel.php', 205)
 2 APPPATH\Controllers\Win.php(29): App\Models\ResultModel->findbydate('09-09-2023')
 3 SYSTEMPATH\CodeIgniter.php(932): App\Controllers\Win->index()
 4 SYSTEMPATH\CodeIgniter.php(497): CodeIgniter\CodeIgniter->runController(Object(App\Controllers\Win))
 5 SYSTEMPATH\CodeIgniter.php(366): CodeIgniter\CodeIgniter->handleRequest(null, Object(Config\Cache), false)
 6 FCPATH\index.php(73): CodeIgniter\CodeIgniter->run()
 7 SYSTEMPATH\Commands\Server\rewrite.php(47): require_once('C:\\Users\\com\\Desktop\\ml_back\\public\\index.php')
CRITICAL - 2023-09-09 18:19:29 --> syntax error, unexpected token "return", expecting "function" or "const"
in APPPATH\Controllers\Win.php on line 143.
 1 SYSTEMPATH\Autoloader\Autoloader.php(291): CodeIgniter\Autoloader\Autoloader->includeFile('C:\\Users\\com\\Desktop\\ml_back\\app\\Controllers\\Win.php')
 2 SYSTEMPATH\Autoloader\Autoloader.php(269): CodeIgniter\Autoloader\Autoloader->loadInNamespace('App\\Controllers\\Win')
 3 [internal function]: CodeIgniter\Autoloader\Autoloader->loadClass('App\\Controllers\\Win')
 4 SYSTEMPATH\CodeIgniter.php(890): class_exists('\\App\\Controllers\\Win', true)
 5 SYSTEMPATH\CodeIgniter.php(484): CodeIgniter\CodeIgniter->startController()
 6 SYSTEMPATH\CodeIgniter.php(366): CodeIgniter\CodeIgniter->handleRequest(null, Object(Config\Cache), false)
 7 FCPATH\index.php(73): CodeIgniter\CodeIgniter->run()
 8 SYSTEMPATH\Commands\Server\rewrite.php(47): require_once('C:\\Users\\com\\Desktop\\ml_back\\public\\index.php')
CRITICAL - 2023-09-09 18:20:02 --> syntax error, unexpected token "return", expecting "function" or "const"
in APPPATH\Controllers\Win.php on line 143.
 1 SYSTEMPATH\Autoloader\Autoloader.php(291): CodeIgniter\Autoloader\Autoloader->includeFile('C:\\Users\\com\\Desktop\\ml_back\\app\\Controllers\\Win.php')
 2 SYSTEMPATH\Autoloader\Autoloader.php(269): CodeIgniter\Autoloader\Autoloader->loadInNamespace('App\\Controllers\\Win')
 3 [internal function]: CodeIgniter\Autoloader\Autoloader->loadClass('App\\Controllers\\Win')
 4 SYSTEMPATH\CodeIgniter.php(890): class_exists('\\App\\Controllers\\Win', true)
 5 SYSTEMPATH\CodeIgniter.php(484): CodeIgniter\CodeIgniter->startController()
 6 SYSTEMPATH\CodeIgniter.php(366): CodeIgniter\CodeIgniter->handleRequest(null, Object(Config\Cache), false)
 7 FCPATH\index.php(73): CodeIgniter\CodeIgniter->run()
 8 SYSTEMPATH\Commands\Server\rewrite.php(47): require_once('C:\\Users\\com\\Desktop\\ml_back\\public\\index.php')
CRITICAL - 2023-09-09 18:20:27 --> syntax error, unexpected token "return", expecting "function" or "const"
in APPPATH\Controllers\Win.php on line 144.
 1 SYSTEMPATH\Autoloader\Autoloader.php(291): CodeIgniter\Autoloader\Autoloader->includeFile('C:\\Users\\com\\Desktop\\ml_back\\app\\Controllers\\Win.php')
 2 SYSTEMPATH\Autoloader\Autoloader.php(269): CodeIgniter\Autoloader\Autoloader->loadInNamespace('App\\Controllers\\Win')
 3 [internal function]: CodeIgniter\Autoloader\Autoloader->loadClass('App\\Controllers\\Win')
 4 SYSTEMPATH\CodeIgniter.php(890): class_exists('\\App\\Controllers\\Win', true)
 5 SYSTEMPATH\CodeIgniter.php(484): CodeIgniter\CodeIgniter->startController()
 6 SYSTEMPATH\CodeIgniter.php(366): CodeIgniter\CodeIgniter->handleRequest(null, Object(Config\Cache), false)
 7 FCPATH\index.php(73): CodeIgniter\CodeIgniter->run()
 8 SYSTEMPATH\Commands\Server\rewrite.php(47): require_once('C:\\Users\\com\\Desktop\\ml_back\\public\\index.php')
CRITICAL - 2023-09-09 18:20:48 --> syntax error, unexpected token "return", expecting "function" or "const"
in APPPATH\Controllers\Win.php on line 145.
 1 SYSTEMPATH\Autoloader\Autoloader.php(291): CodeIgniter\Autoloader\Autoloader->includeFile('C:\\Users\\com\\Desktop\\ml_back\\app\\Controllers\\Win.php')
 2 SYSTEMPATH\Autoloader\Autoloader.php(269): CodeIgniter\Autoloader\Autoloader->loadInNamespace('App\\Controllers\\Win')
 3 [internal function]: CodeIgniter\Autoloader\Autoloader->loadClass('App\\Controllers\\Win')
 4 SYSTEMPATH\CodeIgniter.php(890): class_exists('\\App\\Controllers\\Win', true)
 5 SYSTEMPATH\CodeIgniter.php(484): CodeIgniter\CodeIgniter->startController()
 6 SYSTEMPATH\CodeIgniter.php(366): CodeIgniter\CodeIgniter->handleRequest(null, Object(Config\Cache), false)
 7 FCPATH\index.php(73): CodeIgniter\CodeIgniter->run()
 8 SYSTEMPATH\Commands\Server\rewrite.php(47): require_once('C:\\Users\\com\\Desktop\\ml_back\\public\\index.php')
CRITICAL - 2023-09-09 18:35:03 --> syntax error, unexpected token "public"
in APPPATH\Controllers\Bid.php on line 78.
 1 SYSTEMPATH\Autoloader\Autoloader.php(291): CodeIgniter\Autoloader\Autoloader->includeFile('C:\\Users\\com\\Desktop\\ml_back\\app\\Controllers\\Bid.php')
 2 SYSTEMPATH\Autoloader\Autoloader.php(269): CodeIgniter\Autoloader\Autoloader->loadInNamespace('App\\Controllers\\Bid')
 3 [internal function]: CodeIgniter\Autoloader\Autoloader->loadClass('App\\Controllers\\Bid')
 4 SYSTEMPATH\CodeIgniter.php(890): class_exists('\\App\\Controllers\\Bid', true)
 5 SYSTEMPATH\CodeIgniter.php(484): CodeIgniter\CodeIgniter->startController()
 6 SYSTEMPATH\CodeIgniter.php(366): CodeIgniter\CodeIgniter->handleRequest(null, Object(Config\Cache), false)
 7 FCPATH\index.php(73): CodeIgniter\CodeIgniter->run()
 8 SYSTEMPATH\Commands\Server\rewrite.php(47): require_once('C:\\Users\\com\\Desktop\\ml_back\\public\\index.php')
