CRITICAL - 2024-04-24 11:55:08 --> Class "Locale" not found
in SYSTEMPATH\CodeIgniter.php on line 195.
 1 ROOTPATH\spark(83): CodeIgniter\CodeIgniter->initialize()
CRITICAL - 2024-04-24 12:02:31 --> Class "Locale" not found
in SYSTEMPATH\CodeIgniter.php on line 195.
 1 ROOTPATH\spark(83): CodeIgniter\CodeIgniter->initialize()
CRITICAL - 2024-04-24 12:29:12 --> Class "Locale" not found
in SYSTEMPATH\CodeIgniter.php on line 195.
 1 ROOTPATH\spark(83): CodeIgniter\CodeIgniter->initialize()
CRITICAL - 2024-04-24 12:31:02 --> Class "Locale" not found
in SYSTEMPATH\CodeIgniter.php on line 195.
 1 ROOTPATH\spark(83): CodeIgniter\CodeIgniter->initialize()
CRITICAL - 2024-04-24 12:36:04 --> Class "Locale" not found
in SYSTEMPATH\CodeIgniter.php on line 195.
 1 ROOTPATH\spark(83): CodeIgniter\CodeIgniter->initialize()
CRITICAL - 2024-04-24 11:36:03 --> syntax error, unexpected token "<<", expecting "]"
in APPPATH\Config\Database.php on line 30.
 1 SYSTEMPATH\Autoloader\Autoloader.php(289): CodeIgniter\Autoloader\Autoloader->includeFile('C:\\Users\\nidhi\\OneDrive\\Desktop\\MOJ_Backend\\app\\Config\\Database.php')
 2 SYSTEMPATH\Autoloader\Autoloader.php(267): CodeIgniter\Autoloader\Autoloader->loadInNamespace('Config\\Database')
 3 SYSTEMPATH\Debug\Toolbar\Collectors\Database.php(251): CodeIgniter\Autoloader\Autoloader->loadClass('Config\\Database')
 4 SYSTEMPATH\Debug\Toolbar\Collectors\Database.php(70): CodeIgniter\Debug\Toolbar\Collectors\Database->getConnections()
 5 SYSTEMPATH\Debug\Toolbar.php(65): CodeIgniter\Debug\Toolbar\Collectors\Database->__construct()
 6 SYSTEMPATH\Config\Services.php(723): CodeIgniter\Debug\Toolbar->__construct(Object(Config\Toolbar))
 7 SYSTEMPATH\Config\BaseService.php(252): CodeIgniter\Config\Services::toolbar(Object(Config\Toolbar), false)
 8 SYSTEMPATH\Config\BaseService.php(193): CodeIgniter\Config\BaseService::__callStatic('toolbar', [...])
 9 SYSTEMPATH\Config\Services.php(718): CodeIgniter\Config\BaseService::getSharedInstance('toolbar', null)
10 SYSTEMPATH\Config\BaseService.php(252): CodeIgniter\Config\Services::toolbar()
11 APPPATH\Config\Events.php(46): CodeIgniter\Config\BaseService::__callStatic('toolbar', [])
12 SYSTEMPATH\Events\Events.php(149): CodeIgniter\Events\Events::Config\{closure}()
13 SYSTEMPATH\CodeIgniter.php(348): CodeIgniter\Events\Events::trigger('pre_system')
14 FCPATH\index.php(67): CodeIgniter\CodeIgniter->run()
15 SYSTEMPATH\Commands\Server\rewrite.php(47): require_once('C:\\Users\\nidhi\\OneDrive\\Desktop\\MOJ_Backend\\public\\index.php')
