ERROR - 2023-08-28 12:35:10 --> mysqli_sql_exception: Table 'maala7ea_maa.g_users' doesn't exist in /home4/maala7ea/app/vendor/codeigniter4/framework/system/Database/MySQLi/Connection.php:295
Stack trace:
#0 /home4/maala7ea/app/vendor/codeigniter4/framework/system/Database/MySQLi/Connection.php(295): mysqli->query('UPDATE `g_users...', 0)
#1 /home4/maala7ea/app/vendor/codeigniter4/framework/system/Database/BaseConnection.php(692): CodeIgniter\Database\MySQLi\Connection->execute('UPDATE `g_users...')
#2 /home4/maala7ea/app/vendor/codeigniter4/framework/system/Database/BaseConnection.php(606): CodeIgniter\Database\BaseConnection->simpleQuery('UPDATE `g_users...')
#3 /home4/maala7ea/app/app/Models/UserModel.php(246): CodeIgniter\Database\BaseConnection->query('UPDATE `g_users...')
#4 /home4/maala7ea/app/app/Controllers/AUsers.php(70): App\Models\UserModel->update_a('1', Array)
#5 /home4/maala7ea/app/vendor/codeigniter4/framework/system/CodeIgniter.php(932): App\Controllers\AUsers->update_a('1')
#6 /home4/maala7ea/app/vendor/codeigniter4/framework/system/CodeIgniter.php(497): CodeIgniter\CodeIgniter->runController(Object(App\Controllers\AUsers))
#7 /home4/maala7ea/app/vendor/codeigniter4/framework/system/CodeIgniter.php(366): CodeIgniter\CodeIgniter->handleRequest(NULL, Object(Config\Cache), false)
#8 /home4/maala7ea/public_html/index.php(73): CodeIgniter\CodeIgniter->run()
#9 {main}
CRITICAL - 2023-08-28 12:35:10 --> Table 'maala7ea_maa.g_users' doesn't exist
in SYSTEMPATH/Database/MySQLi/Connection.php on line 295.
 1 SYSTEMPATH/Database/MySQLi/Connection.php(295): mysqli->query('UPDATE `g_users` SET  
        status = \'0\'
          WHERE user_id = 1', 0)
 2 SYSTEMPATH/Database/BaseConnection.php(692): CodeIgniter\Database\MySQLi\Connection->execute('UPDATE `g_users` SET  
        status = \'0\'
          WHERE user_id = 1')
 3 SYSTEMPATH/Database/BaseConnection.php(606): CodeIgniter\Database\BaseConnection->simpleQuery('UPDATE `g_users` SET  
        status = \'0\'
          WHERE user_id = 1')
 4 APPPATH/Models/UserModel.php(246): CodeIgniter\Database\BaseConnection->query('UPDATE `g_users` SET  
        status = \'0\'
          WHERE user_id = 1')
 5 APPPATH/Controllers/AUsers.php(70): App\Models\UserModel->update_a('1', [...])
 6 SYSTEMPATH/CodeIgniter.php(932): App\Controllers\AUsers->update_a('1')
 7 SYSTEMPATH/CodeIgniter.php(497): CodeIgniter\CodeIgniter->runController(Object(App\Controllers\AUsers))
 8 SYSTEMPATH/CodeIgniter.php(366): CodeIgniter\CodeIgniter->handleRequest(null, Object(Config\Cache), false)
 9 FCPATH/index.php(73): CodeIgniter\CodeIgniter->run()
