CRITICAL - 2023-09-11 22:57:27 --> Undefined variable $end
in APPPATH/Controllers/Result.php on line 68.
 1 APPPATH/Controllers/Result.php(68): CodeIgniter\Debug\Exceptions->errorHandler(2, 'Undefined variable $end', '/home4/maala7ea/app/app/Controllers/Result.php', 68)
 2 SYSTEMPATH/CodeIgniter.php(932): App\Controllers\Result->index1()
 3 SYSTEMPATH/CodeIgniter.php(497): CodeIgniter\CodeIgniter->runController(Object(App\Controllers\Result))
 4 SYSTEMPATH/CodeIgniter.php(366): CodeIgniter\CodeIgniter->handleRequest(null, Object(Config\Cache), false)
 5 FCPATH/index.php(73): CodeIgniter\CodeIgniter->run()
CRITICAL - 2023-09-11 22:57:37 --> Undefined variable $end
in APPPATH/Controllers/Result.php on line 68.
 1 APPPATH/Controllers/Result.php(68): CodeIgniter\Debug\Exceptions->errorHandler(2, 'Undefined variable $end', '/home4/maala7ea/app/app/Controllers/Result.php', 68)
 2 SYSTEMPATH/CodeIgniter.php(932): App\Controllers\Result->index1()
 3 SYSTEMPATH/CodeIgniter.php(497): CodeIgniter\CodeIgniter->runController(Object(App\Controllers\Result))
 4 SYSTEMPATH/CodeIgniter.php(366): CodeIgniter\CodeIgniter->handleRequest(null, Object(Config\Cache), false)
 5 FCPATH/index.php(73): CodeIgniter\CodeIgniter->run()
CRITICAL - 2023-09-11 22:57:37 --> Undefined variable $end
in APPPATH/Controllers/Result.php on line 68.
 1 APPPATH/Controllers/Result.php(68): CodeIgniter\Debug\Exceptions->errorHandler(2, 'Undefined variable $end', '/home4/maala7ea/app/app/Controllers/Result.php', 68)
 2 SYSTEMPATH/CodeIgniter.php(932): App\Controllers\Result->index1()
 3 SYSTEMPATH/CodeIgniter.php(497): CodeIgniter\CodeIgniter->runController(Object(App\Controllers\Result))
 4 SYSTEMPATH/CodeIgniter.php(366): CodeIgniter\CodeIgniter->handleRequest(null, Object(Config\Cache), false)
 5 FCPATH/index.php(73): CodeIgniter\CodeIgniter->run()
