CRITICAL - 2023-09-05 01:00:20 --> Service does not exist for specified id
in APPPATH/Models/PostModel.php on line 79.
 1 APPPATH/Controllers/Result.php(84): App\Models\PostModel->findPostById('')
 2 SYSTEMPATH/CodeIgniter.php(932): App\Controllers\Result->index1()
 3 SYSTEMPATH/CodeIgniter.php(497): CodeIgniter\CodeIgniter->runController(Object(App\Controllers\Result))
 4 SYSTEMPATH/CodeIgniter.php(366): CodeIgniter\CodeIgniter->handleRequest(null, Object(Config\Cache), false)
 5 FCPATH/index.php(73): CodeIgniter\CodeIgniter->run()
CRITICAL - 2023-09-05 01:00:58 --> Service does not exist for specified id
in APPPATH/Models/PostModel.php on line 79.
 1 APPPATH/Controllers/Result.php(84): App\Models\PostModel->findPostById('')
 2 SYSTEMPATH/CodeIgniter.php(932): App\Controllers\Result->index1()
 3 SYSTEMPATH/CodeIgniter.php(497): CodeIgniter\CodeIgniter->runController(Object(App\Controllers\Result))
 4 SYSTEMPATH/CodeIgniter.php(366): CodeIgniter\CodeIgniter->handleRequest(null, Object(Config\Cache), false)
 5 FCPATH/index.php(73): CodeIgniter\CodeIgniter->run()
CRITICAL - 2023-09-05 01:01:55 --> Service does not exist for specified id
in APPPATH/Models/PostModel.php on line 79.
 1 APPPATH/Controllers/Result.php(84): App\Models\PostModel->findPostById('')
 2 SYSTEMPATH/CodeIgniter.php(932): App\Controllers\Result->index1()
 3 SYSTEMPATH/CodeIgniter.php(497): CodeIgniter\CodeIgniter->runController(Object(App\Controllers\Result))
 4 SYSTEMPATH/CodeIgniter.php(366): CodeIgniter\CodeIgniter->handleRequest(null, Object(Config\Cache), false)
 5 FCPATH/index.php(73): CodeIgniter\CodeIgniter->run()
CRITICAL - 2023-09-05 01:05:49 --> Service does not exist for specified id
in APPPATH/Models/PostModel.php on line 79.
 1 APPPATH/Controllers/Result.php(84): App\Models\PostModel->findPostById('')
 2 SYSTEMPATH/CodeIgniter.php(932): App\Controllers\Result->index1()
 3 SYSTEMPATH/CodeIgniter.php(497): CodeIgniter\CodeIgniter->runController(Object(App\Controllers\Result))
 4 SYSTEMPATH/CodeIgniter.php(366): CodeIgniter\CodeIgniter->handleRequest(null, Object(Config\Cache), false)
 5 FCPATH/index.php(73): CodeIgniter\CodeIgniter->run()
CRITICAL - 2023-09-05 01:05:53 --> Service does not exist for specified id
in APPPATH/Models/PostModel.php on line 79.
 1 APPPATH/Controllers/Result.php(84): App\Models\PostModel->findPostById('')
 2 SYSTEMPATH/CodeIgniter.php(932): App\Controllers\Result->index1()
 3 SYSTEMPATH/CodeIgniter.php(497): CodeIgniter\CodeIgniter->runController(Object(App\Controllers\Result))
 4 SYSTEMPATH/CodeIgniter.php(366): CodeIgniter\CodeIgniter->handleRequest(null, Object(Config\Cache), false)
 5 FCPATH/index.php(73): CodeIgniter\CodeIgniter->run()
