ERROR - 2024-02-04 21:44:16 --> Error connecting to the database: mysqli_sql_exception: Too many connections in /home4/maala7ea/app/vendor/codeigniter4/framework/system/Database/MySQLi/Connection.php:173
Stack trace:
#0 /home4/maala7ea/app/vendor/codeigniter4/framework/system/Database/MySQLi/Connection.php(173): mysqli->real_connect('localhost', 'maala7ea_admin', Object(SensitiveParameterValue), 'maala7ea_maa', 3306, '', 0)
#1 /home4/maala7ea/app/vendor/codeigniter4/framework/system/Database/BaseConnection.php(391): CodeIgniter\Database\MySQLi\Connection->connect(false)
#2 /home4/maala7ea/app/vendor/codeigniter4/framework/system/Database/BaseConnection.php(574): CodeIgniter\Database\BaseConnection->initialize()
#3 /home4/maala7ea/app/vendor/codeigniter4/framework/system/Database/BaseBuilder.php(1616): CodeIgniter\Database\BaseConnection->query('SELECT *\nFROM `...', Array, false)
#4 /home4/maala7ea/app/vendor/codeigniter4/framework/system/Model.php(241): CodeIgniter\Database\BaseBuilder->get()
#5 /home4/maala7ea/app/app/Models/PostModel.php(100): CodeIgniter\Model->doFindAll(0, 0)
#6 /home4/maala7ea/app/app/Controllers/Home.php(38): App\Models\PostModel->findAll()
#7 /home4/maala7ea/app/vendor/codeigniter4/framework/system/CodeIgniter.php(932): App\Controllers\Home->index()
#8 /home4/maala7ea/app/vendor/codeigniter4/framework/system/CodeIgniter.php(497): CodeIgniter\CodeIgniter->runController(Object(App\Controllers\Home))
#9 /home4/maala7ea/app/vendor/codeigniter4/framework/system/CodeIgniter.php(366): CodeIgniter\CodeIgniter->handleRequest(NULL, Object(Config\Cache), false)
#10 /home4/maala7ea/public_html/index.php(73): CodeIgniter\CodeIgniter->run()
#11 {main}

Next CodeIgniter\Database\Exceptions\DatabaseException: Too many connections in /home4/maala7ea/app/vendor/codeigniter4/framework/system/Database/MySQLi/Connection.php:218
Stack trace:
#0 /home4/maala7ea/app/vendor/codeigniter4/framework/system/Database/BaseConnection.php(391): CodeIgniter\Database\MySQLi\Connection->connect(false)
#1 /home4/maala7ea/app/vendor/codeigniter4/framework/system/Database/BaseConnection.php(574): CodeIgniter\Database\BaseConnection->initialize()
#2 /home4/maala7ea/app/vendor/codeigniter4/framework/system/Database/BaseBuilder.php(1616): CodeIgniter\Database\BaseConnection->query('SELECT *\nFROM `...', Array, false)
#3 /home4/maala7ea/app/vendor/codeigniter4/framework/system/Model.php(241): CodeIgniter\Database\BaseBuilder->get()
#4 /home4/maala7ea/app/app/Models/PostModel.php(100): CodeIgniter\Model->doFindAll(0, 0)
#5 /home4/maala7ea/app/app/Controllers/Home.php(38): App\Models\PostModel->findAll()
#6 /home4/maala7ea/app/vendor/codeigniter4/framework/system/CodeIgniter.php(932): App\Controllers\Home->index()
#7 /home4/maala7ea/app/vendor/codeigniter4/framework/system/CodeIgniter.php(497): CodeIgniter\CodeIgniter->runController(Object(App\Controllers\Home))
#8 /home4/maala7ea/app/vendor/codeigniter4/framework/system/CodeIgniter.php(366): CodeIgniter\CodeIgniter->handleRequest(NULL, Object(Config\Cache), false)
#9 /home4/maala7ea/public_html/index.php(73): CodeIgniter\CodeIgniter->run()
#10 {main}
CRITICAL - 2024-02-04 21:44:17 --> Unable to connect to the database.
Main connection [MySQLi]: Too many connections
in SYSTEMPATH/Database/BaseConnection.php on line 427.
 1 SYSTEMPATH/Database/BaseConnection.php(574): CodeIgniter\Database\BaseConnection->initialize()
 2 SYSTEMPATH/Database/BaseBuilder.php(1616): CodeIgniter\Database\BaseConnection->query('SELECT *
FROM `g_service`', [], false)
 3 SYSTEMPATH/Model.php(241): CodeIgniter\Database\BaseBuilder->get()
 4 APPPATH/Models/PostModel.php(100): CodeIgniter\Model->doFindAll(0, 0)
 5 APPPATH/Controllers/Home.php(38): App\Models\PostModel->findAll()
 6 SYSTEMPATH/CodeIgniter.php(932): App\Controllers\Home->index()
 7 SYSTEMPATH/CodeIgniter.php(497): CodeIgniter\CodeIgniter->runController(Object(App\Controllers\Home))
 8 SYSTEMPATH/CodeIgniter.php(366): CodeIgniter\CodeIgniter->handleRequest(null, Object(Config\Cache), false)
 9 FCPATH/index.php(73): CodeIgniter\CodeIgniter->run()
ERROR - 2024-02-04 21:45:09 --> Error connecting to the database: mysqli_sql_exception: Too many connections in /home4/maala7ea/app/vendor/codeigniter4/framework/system/Database/MySQLi/Connection.php:173
Stack trace:
#0 /home4/maala7ea/app/vendor/codeigniter4/framework/system/Database/MySQLi/Connection.php(173): mysqli->real_connect('localhost', 'maala7ea_admin', Object(SensitiveParameterValue), 'maala7ea_maa', 3306, '', 0)
#1 /home4/maala7ea/app/vendor/codeigniter4/framework/system/Database/BaseConnection.php(391): CodeIgniter\Database\MySQLi\Connection->connect(false)
#2 /home4/maala7ea/app/vendor/codeigniter4/framework/system/Database/BaseConnection.php(574): CodeIgniter\Database\BaseConnection->initialize()
#3 /home4/maala7ea/app/vendor/codeigniter4/framework/system/Database/BaseBuilder.php(1616): CodeIgniter\Database\BaseConnection->query('SELECT *\nFROM `...', Array, false)
#4 /home4/maala7ea/app/vendor/codeigniter4/framework/system/Model.php(241): CodeIgniter\Database\BaseBuilder->get()
#5 /home4/maala7ea/app/app/Models/PostModel.php(100): CodeIgniter\Model->doFindAll(0, 0)
#6 /home4/maala7ea/app/app/Controllers/Home.php(38): App\Models\PostModel->findAll()
#7 /home4/maala7ea/app/vendor/codeigniter4/framework/system/CodeIgniter.php(932): App\Controllers\Home->index()
#8 /home4/maala7ea/app/vendor/codeigniter4/framework/system/CodeIgniter.php(497): CodeIgniter\CodeIgniter->runController(Object(App\Controllers\Home))
#9 /home4/maala7ea/app/vendor/codeigniter4/framework/system/CodeIgniter.php(366): CodeIgniter\CodeIgniter->handleRequest(NULL, Object(Config\Cache), false)
#10 /home4/maala7ea/public_html/index.php(73): CodeIgniter\CodeIgniter->run()
#11 {main}

Next CodeIgniter\Database\Exceptions\DatabaseException: Too many connections in /home4/maala7ea/app/vendor/codeigniter4/framework/system/Database/MySQLi/Connection.php:218
Stack trace:
#0 /home4/maala7ea/app/vendor/codeigniter4/framework/system/Database/BaseConnection.php(391): CodeIgniter\Database\MySQLi\Connection->connect(false)
#1 /home4/maala7ea/app/vendor/codeigniter4/framework/system/Database/BaseConnection.php(574): CodeIgniter\Database\BaseConnection->initialize()
#2 /home4/maala7ea/app/vendor/codeigniter4/framework/system/Database/BaseBuilder.php(1616): CodeIgniter\Database\BaseConnection->query('SELECT *\nFROM `...', Array, false)
#3 /home4/maala7ea/app/vendor/codeigniter4/framework/system/Model.php(241): CodeIgniter\Database\BaseBuilder->get()
#4 /home4/maala7ea/app/app/Models/PostModel.php(100): CodeIgniter\Model->doFindAll(0, 0)
#5 /home4/maala7ea/app/app/Controllers/Home.php(38): App\Models\PostModel->findAll()
#6 /home4/maala7ea/app/vendor/codeigniter4/framework/system/CodeIgniter.php(932): App\Controllers\Home->index()
#7 /home4/maala7ea/app/vendor/codeigniter4/framework/system/CodeIgniter.php(497): CodeIgniter\CodeIgniter->runController(Object(App\Controllers\Home))
#8 /home4/maala7ea/app/vendor/codeigniter4/framework/system/CodeIgniter.php(366): CodeIgniter\CodeIgniter->handleRequest(NULL, Object(Config\Cache), false)
#9 /home4/maala7ea/public_html/index.php(73): CodeIgniter\CodeIgniter->run()
#10 {main}
CRITICAL - 2024-02-04 21:45:09 --> Unable to connect to the database.
Main connection [MySQLi]: Too many connections
in SYSTEMPATH/Database/BaseConnection.php on line 427.
 1 SYSTEMPATH/Database/BaseConnection.php(574): CodeIgniter\Database\BaseConnection->initialize()
 2 SYSTEMPATH/Database/BaseBuilder.php(1616): CodeIgniter\Database\BaseConnection->query('SELECT *
FROM `g_service`', [], false)
 3 SYSTEMPATH/Model.php(241): CodeIgniter\Database\BaseBuilder->get()
 4 APPPATH/Models/PostModel.php(100): CodeIgniter\Model->doFindAll(0, 0)
 5 APPPATH/Controllers/Home.php(38): App\Models\PostModel->findAll()
 6 SYSTEMPATH/CodeIgniter.php(932): App\Controllers\Home->index()
 7 SYSTEMPATH/CodeIgniter.php(497): CodeIgniter\CodeIgniter->runController(Object(App\Controllers\Home))
 8 SYSTEMPATH/CodeIgniter.php(366): CodeIgniter\CodeIgniter->handleRequest(null, Object(Config\Cache), false)
 9 FCPATH/index.php(73): CodeIgniter\CodeIgniter->run()
ERROR - 2024-02-04 16:22:14 --> Error connecting to the database: mysqli_sql_exception: Too many connections in /home4/maala7ea/app/vendor/codeigniter4/framework/system/Database/MySQLi/Connection.php:173
Stack trace:
#0 /home4/maala7ea/app/vendor/codeigniter4/framework/system/Database/MySQLi/Connection.php(173): mysqli->real_connect('localhost', 'maala7ea_admin', Object(SensitiveParameterValue), 'maala7ea_maa', 3306, '', 0)
#1 /home4/maala7ea/app/vendor/codeigniter4/framework/system/Database/BaseConnection.php(391): CodeIgniter\Database\MySQLi\Connection->connect(false)
#2 /home4/maala7ea/app/vendor/codeigniter4/framework/system/Database/BaseConnection.php(574): CodeIgniter\Database\BaseConnection->initialize()
#3 /home4/maala7ea/app/app/Models/BasicModel.php(164): CodeIgniter\Database\BaseConnection->query('SELECT * FROM `...')
#4 /home4/maala7ea/app/app/Controllers/Basic.php(18): App\Models\BasicModel->play_basic()
#5 /home4/maala7ea/app/vendor/codeigniter4/framework/system/CodeIgniter.php(932): App\Controllers\Basic->playindex()
#6 /home4/maala7ea/app/vendor/codeigniter4/framework/system/CodeIgniter.php(497): CodeIgniter\CodeIgniter->runController(Object(App\Controllers\Basic))
#7 /home4/maala7ea/app/vendor/codeigniter4/framework/system/CodeIgniter.php(366): CodeIgniter\CodeIgniter->handleRequest(NULL, Object(Config\Cache), false)
#8 /home4/maala7ea/public_html/index.php(73): CodeIgniter\CodeIgniter->run()
#9 {main}

Next CodeIgniter\Database\Exceptions\DatabaseException: Too many connections in /home4/maala7ea/app/vendor/codeigniter4/framework/system/Database/MySQLi/Connection.php:218
Stack trace:
#0 /home4/maala7ea/app/vendor/codeigniter4/framework/system/Database/BaseConnection.php(391): CodeIgniter\Database\MySQLi\Connection->connect(false)
#1 /home4/maala7ea/app/vendor/codeigniter4/framework/system/Database/BaseConnection.php(574): CodeIgniter\Database\BaseConnection->initialize()
#2 /home4/maala7ea/app/app/Models/BasicModel.php(164): CodeIgniter\Database\BaseConnection->query('SELECT * FROM `...')
#3 /home4/maala7ea/app/app/Controllers/Basic.php(18): App\Models\BasicModel->play_basic()
#4 /home4/maala7ea/app/vendor/codeigniter4/framework/system/CodeIgniter.php(932): App\Controllers\Basic->playindex()
#5 /home4/maala7ea/app/vendor/codeigniter4/framework/system/CodeIgniter.php(497): CodeIgniter\CodeIgniter->runController(Object(App\Controllers\Basic))
#6 /home4/maala7ea/app/vendor/codeigniter4/framework/system/CodeIgniter.php(366): CodeIgniter\CodeIgniter->handleRequest(NULL, Object(Config\Cache), false)
#7 /home4/maala7ea/public_html/index.php(73): CodeIgniter\CodeIgniter->run()
#8 {main}
CRITICAL - 2024-02-04 16:22:14 --> Unable to connect to the database.
Main connection [MySQLi]: Too many connections
in SYSTEMPATH/Database/BaseConnection.php on line 427.
 1 SYSTEMPATH/Database/BaseConnection.php(574): CodeIgniter\Database\BaseConnection->initialize()
 2 APPPATH/Models/BasicModel.php(164): CodeIgniter\Database\BaseConnection->query('SELECT * FROM `main_st`')
 3 APPPATH/Controllers/Basic.php(18): App\Models\BasicModel->play_basic()
 4 SYSTEMPATH/CodeIgniter.php(932): App\Controllers\Basic->playindex()
 5 SYSTEMPATH/CodeIgniter.php(497): CodeIgniter\CodeIgniter->runController(Object(App\Controllers\Basic))
 6 SYSTEMPATH/CodeIgniter.php(366): CodeIgniter\CodeIgniter->handleRequest(null, Object(Config\Cache), false)
 7 FCPATH/index.php(73): CodeIgniter\CodeIgniter->run()
