CRITICAL - 2023-09-17 01:54:37 --> Result does not exist for specified id
in APPPATH/Models/ResultModel.php on line 192.
 1 APPPATH/Controllers/Result.php(286): App\Models\ResultModel->findGByIdA('5')
 2 SYSTEMPATH/CodeIgniter.php(932): App\Controllers\Result->by_g_id('5')
 3 SYSTEMPATH/CodeIgniter.php(497): CodeIgniter\CodeIgniter->runController(Object(App\Controllers\Result))
 4 SYSTEMPATH/CodeIgniter.php(366): CodeIgniter\CodeIgniter->handleRequest(null, Object(Config\Cache), false)
 5 FCPATH/index.php(73): CodeIgniter\CodeIgniter->run()
CRITICAL - 2023-09-17 07:04:16 --> No data found in joined tables.
in APPPATH/Models/WinModel.php on line 80.
 1 APPPATH/Controllers/Win.php(48): App\Models\WinModel->sgetwinuData('5')
 2 SYSTEMPATH/CodeIgniter.php(932): App\Controllers\Win->swin_user('5')
 3 SYSTEMPATH/CodeIgniter.php(497): CodeIgniter\CodeIgniter->runController(Object(App\Controllers\Win))
 4 SYSTEMPATH/CodeIgniter.php(366): CodeIgniter\CodeIgniter->handleRequest(null, Object(Config\Cache), false)
 5 FCPATH/index.php(73): CodeIgniter\CodeIgniter->run()
CRITICAL - 2023-09-17 07:04:22 --> No data found in joined tables.
in APPPATH/Models/WinModel.php on line 80.
 1 APPPATH/Controllers/Win.php(48): App\Models\WinModel->sgetwinuData('5')
 2 SYSTEMPATH/CodeIgniter.php(932): App\Controllers\Win->swin_user('5')
 3 SYSTEMPATH/CodeIgniter.php(497): CodeIgniter\CodeIgniter->runController(Object(App\Controllers\Win))
 4 SYSTEMPATH/CodeIgniter.php(366): CodeIgniter\CodeIgniter->handleRequest(null, Object(Config\Cache), false)
 5 FCPATH/index.php(73): CodeIgniter\CodeIgniter->run()
CRITICAL - 2023-09-17 07:04:23 --> No data found in joined tables.
in APPPATH/Models/WinModel.php on line 80.
 1 APPPATH/Controllers/Win.php(48): App\Models\WinModel->sgetwinuData('5')
 2 SYSTEMPATH/CodeIgniter.php(932): App\Controllers\Win->swin_user('5')
 3 SYSTEMPATH/CodeIgniter.php(497): CodeIgniter\CodeIgniter->runController(Object(App\Controllers\Win))
 4 SYSTEMPATH/CodeIgniter.php(366): CodeIgniter\CodeIgniter->handleRequest(null, Object(Config\Cache), false)
 5 FCPATH/index.php(73): CodeIgniter\CodeIgniter->run()
CRITICAL - 2023-09-17 08:09:57 --> Object of class CodeIgniter\HTTP\Response could not be converted to string
in APPPATH/Controllers/Basic.php on line 166.
 1 SYSTEMPATH/CodeIgniter.php(932): App\Controllers\Basic->otp_val()
 2 SYSTEMPATH/CodeIgniter.php(497): CodeIgniter\CodeIgniter->runController(Object(App\Controllers\Basic))
 3 SYSTEMPATH/CodeIgniter.php(366): CodeIgniter\CodeIgniter->handleRequest(null, Object(Config\Cache), false)
 4 FCPATH/index.php(73): CodeIgniter\CodeIgniter->run()
CRITICAL - 2023-09-17 11:35:58 --> Undefined array key "result_date"
in APPPATH/Controllers/Result.php on line 412.
 1 APPPATH/Controllers/Result.php(412): CodeIgniter\Debug\Exceptions->errorHandler(2, 'Undefined array key "result_date"', '/home4/maala7ea/app/app/Controllers/Result.php', 412)
 2 SYSTEMPATH/CodeIgniter.php(932): App\Controllers\Result->result_all()
 3 SYSTEMPATH/CodeIgniter.php(497): CodeIgniter\CodeIgniter->runController(Object(App\Controllers\Result))
 4 SYSTEMPATH/CodeIgniter.php(366): CodeIgniter\CodeIgniter->handleRequest(null, Object(Config\Cache), false)
 5 FCPATH/index.php(73): CodeIgniter\CodeIgniter->run()
CRITICAL - 2023-09-17 11:36:08 --> Undefined array key "result_date"
in APPPATH/Controllers/Result.php on line 412.
 1 APPPATH/Controllers/Result.php(412): CodeIgniter\Debug\Exceptions->errorHandler(2, 'Undefined array key "result_date"', '/home4/maala7ea/app/app/Controllers/Result.php', 412)
 2 SYSTEMPATH/CodeIgniter.php(932): App\Controllers\Result->result_all()
 3 SYSTEMPATH/CodeIgniter.php(497): CodeIgniter\CodeIgniter->runController(Object(App\Controllers\Result))
 4 SYSTEMPATH/CodeIgniter.php(366): CodeIgniter\CodeIgniter->handleRequest(null, Object(Config\Cache), false)
 5 FCPATH/index.php(73): CodeIgniter\CodeIgniter->run()
CRITICAL - 2023-09-17 11:36:08 --> Undefined array key "result_date"
in APPPATH/Controllers/Result.php on line 412.
 1 APPPATH/Controllers/Result.php(412): CodeIgniter\Debug\Exceptions->errorHandler(2, 'Undefined array key "result_date"', '/home4/maala7ea/app/app/Controllers/Result.php', 412)
 2 SYSTEMPATH/CodeIgniter.php(932): App\Controllers\Result->result_all()
 3 SYSTEMPATH/CodeIgniter.php(497): CodeIgniter\CodeIgniter->runController(Object(App\Controllers\Result))
 4 SYSTEMPATH/CodeIgniter.php(366): CodeIgniter\CodeIgniter->handleRequest(null, Object(Config\Cache), false)
 5 FCPATH/index.php(73): CodeIgniter\CodeIgniter->run()
CRITICAL - 2023-09-17 11:46:05 --> Result does not exist for specified id
in APPPATH/Models/ResultModel.php on line 192.
 1 APPPATH/Controllers/Result.php(286): App\Models\ResultModel->findGByIdA('2')
 2 SYSTEMPATH/CodeIgniter.php(932): App\Controllers\Result->by_g_id('2')
 3 SYSTEMPATH/CodeIgniter.php(497): CodeIgniter\CodeIgniter->runController(Object(App\Controllers\Result))
 4 SYSTEMPATH/CodeIgniter.php(366): CodeIgniter\CodeIgniter->handleRequest(null, Object(Config\Cache), false)
 5 FCPATH/index.php(73): CodeIgniter\CodeIgniter->run()
CRITICAL - 2023-09-17 12:25:22 --> No data found in joined tables.
in APPPATH/Models/WinModel.php on line 61.
 1 APPPATH/Controllers/Win.php(36): App\Models\WinModel->getwinuData('8')
 2 SYSTEMPATH/CodeIgniter.php(932): App\Controllers\Win->win_user('8')
 3 SYSTEMPATH/CodeIgniter.php(497): CodeIgniter\CodeIgniter->runController(Object(App\Controllers\Win))
 4 SYSTEMPATH/CodeIgniter.php(366): CodeIgniter\CodeIgniter->handleRequest(null, Object(Config\Cache), false)
 5 FCPATH/index.php(73): CodeIgniter\CodeIgniter->run()
CRITICAL - 2023-09-17 12:25:49 --> Result does not exist for specified id
in APPPATH/Models/ResultModel.php on line 192.
 1 APPPATH/Controllers/Result.php(286): App\Models\ResultModel->findGByIdA('9')
 2 SYSTEMPATH/CodeIgniter.php(932): App\Controllers\Result->by_g_id('9')
 3 SYSTEMPATH/CodeIgniter.php(497): CodeIgniter\CodeIgniter->runController(Object(App\Controllers\Result))
 4 SYSTEMPATH/CodeIgniter.php(366): CodeIgniter\CodeIgniter->handleRequest(null, Object(Config\Cache), false)
 5 FCPATH/index.php(73): CodeIgniter\CodeIgniter->run()
CRITICAL - 2023-09-17 12:30:47 --> Result does not exist for specified id
in APPPATH/Models/ResultModel.php on line 192.
 1 APPPATH/Controllers/Result.php(286): App\Models\ResultModel->findGByIdA('2')
 2 SYSTEMPATH/CodeIgniter.php(932): App\Controllers\Result->by_g_id('2')
 3 SYSTEMPATH/CodeIgniter.php(497): CodeIgniter\CodeIgniter->runController(Object(App\Controllers\Result))
 4 SYSTEMPATH/CodeIgniter.php(366): CodeIgniter\CodeIgniter->handleRequest(null, Object(Config\Cache), false)
 5 FCPATH/index.php(73): CodeIgniter\CodeIgniter->run()
CRITICAL - 2023-09-17 12:45:37 --> No data found in joined tables.
in APPPATH/Models/WinModel.php on line 61.
 1 APPPATH/Controllers/Win.php(36): App\Models\WinModel->getwinuData('8')
 2 SYSTEMPATH/CodeIgniter.php(932): App\Controllers\Win->win_user('8')
 3 SYSTEMPATH/CodeIgniter.php(497): CodeIgniter\CodeIgniter->runController(Object(App\Controllers\Win))
 4 SYSTEMPATH/CodeIgniter.php(366): CodeIgniter\CodeIgniter->handleRequest(null, Object(Config\Cache), false)
 5 FCPATH/index.php(73): CodeIgniter\CodeIgniter->run()
CRITICAL - 2023-09-17 12:55:45 --> Result does not exist for specified id
in APPPATH/Models/ResultModel.php on line 192.
 1 APPPATH/Controllers/Result.php(286): App\Models\ResultModel->findGByIdA('16')
 2 SYSTEMPATH/CodeIgniter.php(932): App\Controllers\Result->by_g_id('16')
 3 SYSTEMPATH/CodeIgniter.php(497): CodeIgniter\CodeIgniter->runController(Object(App\Controllers\Result))
 4 SYSTEMPATH/CodeIgniter.php(366): CodeIgniter\CodeIgniter->handleRequest(null, Object(Config\Cache), false)
 5 FCPATH/index.php(73): CodeIgniter\CodeIgniter->run()
CRITICAL - 2023-09-17 12:57:00 --> Result does not exist for specified id
in APPPATH/Models/ResultModel.php on line 192.
 1 APPPATH/Controllers/Result.php(286): App\Models\ResultModel->findGByIdA('2')
 2 SYSTEMPATH/CodeIgniter.php(932): App\Controllers\Result->by_g_id('2')
 3 SYSTEMPATH/CodeIgniter.php(497): CodeIgniter\CodeIgniter->runController(Object(App\Controllers\Result))
 4 SYSTEMPATH/CodeIgniter.php(366): CodeIgniter\CodeIgniter->handleRequest(null, Object(Config\Cache), false)
 5 FCPATH/index.php(73): CodeIgniter\CodeIgniter->run()
CRITICAL - 2023-09-17 15:02:15 --> No data found in joined tables.
in APPPATH/Models/WinModel.php on line 61.
 1 APPPATH/Controllers/Win.php(36): App\Models\WinModel->getwinuData('8')
 2 SYSTEMPATH/CodeIgniter.php(932): App\Controllers\Win->win_user('8')
 3 SYSTEMPATH/CodeIgniter.php(497): CodeIgniter\CodeIgniter->runController(Object(App\Controllers\Win))
 4 SYSTEMPATH/CodeIgniter.php(366): CodeIgniter\CodeIgniter->handleRequest(null, Object(Config\Cache), false)
 5 FCPATH/index.php(73): CodeIgniter\CodeIgniter->run()
CRITICAL - 2023-09-17 15:18:39 --> Result does not exist for specified id
in APPPATH/Models/ResultModel.php on line 192.
 1 APPPATH/Controllers/Result.php(286): App\Models\ResultModel->findGByIdA('2')
 2 SYSTEMPATH/CodeIgniter.php(932): App\Controllers\Result->by_g_id('2')
 3 SYSTEMPATH/CodeIgniter.php(497): CodeIgniter\CodeIgniter->runController(Object(App\Controllers\Result))
 4 SYSTEMPATH/CodeIgniter.php(366): CodeIgniter\CodeIgniter->handleRequest(null, Object(Config\Cache), false)
 5 FCPATH/index.php(73): CodeIgniter\CodeIgniter->run()
CRITICAL - 2023-09-17 23:11:05 --> Undefined array key "well_bonus"
in APPPATH/Controllers/Auth.php on line 42.
 1 APPPATH/Controllers/Auth.php(42): CodeIgniter\Debug\Exceptions->errorHandler(2, 'Undefined array key "well_bonus"', '/home4/maala7ea/app/app/Controllers/Auth.php', 42)
 2 SYSTEMPATH/CodeIgniter.php(932): App\Controllers\Auth->register()
 3 SYSTEMPATH/CodeIgniter.php(497): CodeIgniter\CodeIgniter->runController(Object(App\Controllers\Auth))
 4 SYSTEMPATH/CodeIgniter.php(366): CodeIgniter\CodeIgniter->handleRequest(null, Object(Config\Cache), false)
 5 FCPATH/index.php(73): CodeIgniter\CodeIgniter->run()
CRITICAL - 2023-09-17 23:16:18 --> Undefined array key "well_bonus"
in APPPATH/Controllers/Auth.php on line 42.
 1 APPPATH/Controllers/Auth.php(42): CodeIgniter\Debug\Exceptions->errorHandler(2, 'Undefined array key "well_bonus"', '/home4/maala7ea/app/app/Controllers/Auth.php', 42)
 2 SYSTEMPATH/CodeIgniter.php(932): App\Controllers\Auth->register()
 3 SYSTEMPATH/CodeIgniter.php(497): CodeIgniter\CodeIgniter->runController(Object(App\Controllers\Auth))
 4 SYSTEMPATH/CodeIgniter.php(366): CodeIgniter\CodeIgniter->handleRequest(null, Object(Config\Cache), false)
 5 FCPATH/index.php(73): CodeIgniter\CodeIgniter->run()
CRITICAL - 2023-09-17 23:17:15 --> Undefined array key "well_bonus"
in APPPATH/Controllers/Auth.php on line 42.
 1 APPPATH/Controllers/Auth.php(42): CodeIgniter\Debug\Exceptions->errorHandler(2, 'Undefined array key "well_bonus"', '/home4/maala7ea/app/app/Controllers/Auth.php', 42)
 2 SYSTEMPATH/CodeIgniter.php(932): App\Controllers\Auth->register()
 3 SYSTEMPATH/CodeIgniter.php(497): CodeIgniter\CodeIgniter->runController(Object(App\Controllers\Auth))
 4 SYSTEMPATH/CodeIgniter.php(366): CodeIgniter\CodeIgniter->handleRequest(null, Object(Config\Cache), false)
 5 FCPATH/index.php(73): CodeIgniter\CodeIgniter->run()
CRITICAL - 2023-09-17 17:53:46 --> wallet does not exist for specified id
in APPPATH/Models/CartModel.php on line 141.
 1 APPPATH/Controllers/AUsers.php(34): App\Models\CartModel->findUById('1')
 2 SYSTEMPATH/CodeIgniter.php(932): App\Controllers\AUsers->index()
 3 SYSTEMPATH/CodeIgniter.php(497): CodeIgniter\CodeIgniter->runController(Object(App\Controllers\AUsers))
 4 SYSTEMPATH/CodeIgniter.php(366): CodeIgniter\CodeIgniter->handleRequest(null, Object(Config\Cache), false)
 5 FCPATH/index.php(73): CodeIgniter\CodeIgniter->run()
CRITICAL - 2023-09-17 18:13:49 --> ini_set(): Session ini settings cannot be changed when a session is active
in SYSTEMPATH/Session/Handlers/FileHandler.php on line 72.
 1 [internal function]: CodeIgniter\Debug\Exceptions->errorHandler(2, 'ini_set(): Session ini settings cannot be changed when a session is active', '/home4/maala7ea/app/vendor/codeigniter4/framework/system/Session/Handlers/FileHandler.php', 72)
 2 SYSTEMPATH/Session/Handlers/FileHandler.php(72): ini_set('session.save_path', '/home4/maala7ea/app/writable/session')
 3 SYSTEMPATH/Config/Services.php(671): CodeIgniter\Session\Handlers\FileHandler->__construct(Object(Config\App), '171.79.177.196')
 4 SYSTEMPATH/Config/BaseService.php(252): CodeIgniter\Config\Services::session(Object(Config\App), false)
 5 SYSTEMPATH/Config/BaseService.php(193): CodeIgniter\Config\BaseService::__callStatic('session', [...])
 6 SYSTEMPATH/Config/Services.php(645): CodeIgniter\Config\BaseService::getSharedInstance('session', null)
 7 SYSTEMPATH/Config/BaseService.php(252): CodeIgniter\Config\Services::session()
 8 APPPATH/Controllers/Basic.php(110): CodeIgniter\Config\BaseService::__callStatic('session', [])
 9 SYSTEMPATH/CodeIgniter.php(932): App\Controllers\Basic->otp_send()
10 SYSTEMPATH/CodeIgniter.php(497): CodeIgniter\CodeIgniter->runController(Object(App\Controllers\Basic))
11 SYSTEMPATH/CodeIgniter.php(366): CodeIgniter\CodeIgniter->handleRequest(null, Object(Config\Cache), false)
12 FCPATH/index.php(73): CodeIgniter\CodeIgniter->run()
INFO - 2023-09-17 18:16:28 --> Session: Class initialized using 'CodeIgniter\Session\Handlers\FileHandler' driver.
INFO - 2023-09-17 18:16:57 --> Session: Class initialized using 'CodeIgniter\Session\Handlers\FileHandler' driver.
CRITICAL - 2023-09-17 18:17:48 --> ini_set(): Session ini settings cannot be changed when a session is active
in SYSTEMPATH/Session/Handlers/FileHandler.php on line 72.
 1 [internal function]: CodeIgniter\Debug\Exceptions->errorHandler(2, 'ini_set(): Session ini settings cannot be changed when a session is active', '/home4/maala7ea/app/vendor/codeigniter4/framework/system/Session/Handlers/FileHandler.php', 72)
 2 SYSTEMPATH/Session/Handlers/FileHandler.php(72): ini_set('session.save_path', '/home4/maala7ea/app/writable/session')
 3 SYSTEMPATH/Config/Services.php(671): CodeIgniter\Session\Handlers\FileHandler->__construct(Object(Config\App), '171.79.177.196')
 4 SYSTEMPATH/Config/BaseService.php(252): CodeIgniter\Config\Services::session(Object(Config\App), false)
 5 SYSTEMPATH/Config/BaseService.php(193): CodeIgniter\Config\BaseService::__callStatic('session', [...])
 6 SYSTEMPATH/Config/Services.php(645): CodeIgniter\Config\BaseService::getSharedInstance('session', null)
 7 SYSTEMPATH/Config/BaseService.php(252): CodeIgniter\Config\Services::session()
 8 SYSTEMPATH/Common.php(984): CodeIgniter\Config\BaseService::__callStatic('session', [])
 9 APPPATH/Controllers/Basic.php(153): session('otp')
10 SYSTEMPATH/CodeIgniter.php(932): App\Controllers\Basic->otp_val()
11 SYSTEMPATH/CodeIgniter.php(497): CodeIgniter\CodeIgniter->runController(Object(App\Controllers\Basic))
12 SYSTEMPATH/CodeIgniter.php(366): CodeIgniter\CodeIgniter->handleRequest(null, Object(Config\Cache), false)
13 FCPATH/index.php(73): CodeIgniter\CodeIgniter->run()
INFO - 2023-09-17 18:21:02 --> Session: Class initialized using 'CodeIgniter\Session\Handlers\FileHandler' driver.
INFO - 2023-09-17 18:21:18 --> Session: Class initialized using 'CodeIgniter\Session\Handlers\FileHandler' driver.
INFO - 2023-09-17 18:21:43 --> Session: Class initialized using 'CodeIgniter\Session\Handlers\FileHandler' driver.
INFO - 2023-09-17 18:21:52 --> Session: Class initialized using 'CodeIgniter\Session\Handlers\FileHandler' driver.
INFO - 2023-09-17 18:24:42 --> Session: Class initialized using 'CodeIgniter\Session\Handlers\FileHandler' driver.
INFO - 2023-09-17 18:24:51 --> Session: Class initialized using 'CodeIgniter\Session\Handlers\FileHandler' driver.
INFO - 2023-09-17 18:25:13 --> Session: Class initialized using 'CodeIgniter\Session\Handlers\FileHandler' driver.
INFO - 2023-09-17 18:25:20 --> Session: Class initialized using 'CodeIgniter\Session\Handlers\FileHandler' driver.
INFO - 2023-09-17 18:27:38 --> Session: Class initialized using 'CodeIgniter\Session\Handlers\FileHandler' driver.
INFO - 2023-09-17 18:27:54 --> Session: Class initialized using 'CodeIgniter\Session\Handlers\FileHandler' driver.
INFO - 2023-09-17 18:28:54 --> Session: Class initialized using 'CodeIgniter\Session\Handlers\FileHandler' driver.
INFO - 2023-09-17 18:29:08 --> Session: Class initialized using 'CodeIgniter\Session\Handlers\FileHandler' driver.
INFO - 2023-09-17 18:30:21 --> Session: Class initialized using 'CodeIgniter\Session\Handlers\FileHandler' driver.
INFO - 2023-09-17 18:32:45 --> Session: Class initialized using 'CodeIgniter\Session\Handlers\FileHandler' driver.
INFO - 2023-09-17 18:33:01 --> Session: Class initialized using 'CodeIgniter\Session\Handlers\FileHandler' driver.
INFO - 2023-09-17 18:34:29 --> Session: Class initialized using 'CodeIgniter\Session\Handlers\FileHandler' driver.
INFO - 2023-09-17 18:34:40 --> Session: Class initialized using 'CodeIgniter\Session\Handlers\FileHandler' driver.
INFO - 2023-09-17 18:34:55 --> Session: Class initialized using 'CodeIgniter\Session\Handlers\FileHandler' driver.
INFO - 2023-09-17 18:36:23 --> Session: Class initialized using 'CodeIgniter\Session\Handlers\FileHandler' driver.
INFO - 2023-09-17 18:36:58 --> Session: Class initialized using 'CodeIgniter\Session\Handlers\FileHandler' driver.
INFO - 2023-09-17 18:37:15 --> Session: Class initialized using 'CodeIgniter\Session\Handlers\FileHandler' driver.
INFO - 2023-09-17 18:37:32 --> Session: Class initialized using 'CodeIgniter\Session\Handlers\FileHandler' driver.
INFO - 2023-09-17 18:38:05 --> Session: Class initialized using 'CodeIgniter\Session\Handlers\FileHandler' driver.
CRITICAL - 2023-09-17 18:44:35 --> No data found in joined tables.
in APPPATH/Models/WinModel.php on line 80.
 1 APPPATH/Controllers/Win.php(48): App\Models\WinModel->sgetwinuData('2')
 2 SYSTEMPATH/CodeIgniter.php(932): App\Controllers\Win->swin_user('2')
 3 SYSTEMPATH/CodeIgniter.php(497): CodeIgniter\CodeIgniter->runController(Object(App\Controllers\Win))
 4 SYSTEMPATH/CodeIgniter.php(366): CodeIgniter\CodeIgniter->handleRequest(null, Object(Config\Cache), false)
 5 FCPATH/index.php(73): CodeIgniter\CodeIgniter->run()
CRITICAL - 2023-09-17 18:44:35 --> No data found in joined tables.
in APPPATH/Models/WinModel.php on line 80.
 1 APPPATH/Controllers/Win.php(48): App\Models\WinModel->sgetwinuData('2')
 2 SYSTEMPATH/CodeIgniter.php(932): App\Controllers\Win->swin_user('2')
 3 SYSTEMPATH/CodeIgniter.php(497): CodeIgniter\CodeIgniter->runController(Object(App\Controllers\Win))
 4 SYSTEMPATH/CodeIgniter.php(366): CodeIgniter\CodeIgniter->handleRequest(null, Object(Config\Cache), false)
 5 FCPATH/index.php(73): CodeIgniter\CodeIgniter->run()
CRITICAL - 2023-09-17 18:55:28 --> No data found in joined tables.
in APPPATH/Models/WinModel.php on line 61.
 1 APPPATH/Controllers/Win.php(36): App\Models\WinModel->getwinuData('2')
 2 SYSTEMPATH/CodeIgniter.php(932): App\Controllers\Win->win_user('2')
 3 SYSTEMPATH/CodeIgniter.php(497): CodeIgniter\CodeIgniter->runController(Object(App\Controllers\Win))
 4 SYSTEMPATH/CodeIgniter.php(366): CodeIgniter\CodeIgniter->handleRequest(null, Object(Config\Cache), false)
 5 FCPATH/index.php(73): CodeIgniter\CodeIgniter->run()
CRITICAL - 2023-09-17 18:55:28 --> No data found in joined tables.
in APPPATH/Models/WinModel.php on line 61.
 1 APPPATH/Controllers/Win.php(36): App\Models\WinModel->getwinuData('2')
 2 SYSTEMPATH/CodeIgniter.php(932): App\Controllers\Win->win_user('2')
 3 SYSTEMPATH/CodeIgniter.php(497): CodeIgniter\CodeIgniter->runController(Object(App\Controllers\Win))
 4 SYSTEMPATH/CodeIgniter.php(366): CodeIgniter\CodeIgniter->handleRequest(null, Object(Config\Cache), false)
 5 FCPATH/index.php(73): CodeIgniter\CodeIgniter->run()
CRITICAL - 2023-09-17 18:58:09 --> No data found in joined tables.
in APPPATH/Models/WinModel.php on line 61.
 1 APPPATH/Controllers/Win.php(36): App\Models\WinModel->getwinuData('2')
 2 SYSTEMPATH/CodeIgniter.php(932): App\Controllers\Win->win_user('2')
 3 SYSTEMPATH/CodeIgniter.php(497): CodeIgniter\CodeIgniter->runController(Object(App\Controllers\Win))
 4 SYSTEMPATH/CodeIgniter.php(366): CodeIgniter\CodeIgniter->handleRequest(null, Object(Config\Cache), false)
 5 FCPATH/index.php(73): CodeIgniter\CodeIgniter->run()
CRITICAL - 2023-09-17 18:58:09 --> No data found in joined tables.
in APPPATH/Models/WinModel.php on line 61.
 1 APPPATH/Controllers/Win.php(36): App\Models\WinModel->getwinuData('2')
 2 SYSTEMPATH/CodeIgniter.php(932): App\Controllers\Win->win_user('2')
 3 SYSTEMPATH/CodeIgniter.php(497): CodeIgniter\CodeIgniter->runController(Object(App\Controllers\Win))
 4 SYSTEMPATH/CodeIgniter.php(366): CodeIgniter\CodeIgniter->handleRequest(null, Object(Config\Cache), false)
 5 FCPATH/index.php(73): CodeIgniter\CodeIgniter->run()
INFO - 2023-09-17 19:03:00 --> Session: Class initialized using 'CodeIgniter\Session\Handlers\FileHandler' driver.
INFO - 2023-09-17 19:03:37 --> Session: Class initialized using 'CodeIgniter\Session\Handlers\FileHandler' driver.
INFO - 2023-09-17 19:03:58 --> Session: Class initialized using 'CodeIgniter\Session\Handlers\FileHandler' driver.
INFO - 2023-09-17 19:06:03 --> Session: Class initialized using 'CodeIgniter\Session\Handlers\FileHandler' driver.
INFO - 2023-09-17 19:06:30 --> Session: Class initialized using 'CodeIgniter\Session\Handlers\FileHandler' driver.
INFO - 2023-09-17 19:06:40 --> Session: Class initialized using 'CodeIgniter\Session\Handlers\FileHandler' driver.
INFO - 2023-09-17 19:09:48 --> Session: Class initialized using 'CodeIgniter\Session\Handlers\FileHandler' driver.
INFO - 2023-09-17 19:10:05 --> Session: Class initialized using 'CodeIgniter\Session\Handlers\FileHandler' driver.
INFO - 2023-09-17 19:10:06 --> Session: Class initialized using 'CodeIgniter\Session\Handlers\FileHandler' driver.
CRITICAL - 2023-09-17 19:58:24 --> No data found in joined tables.
in APPPATH/Models/WinModel.php on line 61.
 1 APPPATH/Controllers/Win.php(36): App\Models\WinModel->getwinuData('8')
 2 SYSTEMPATH/CodeIgniter.php(932): App\Controllers\Win->win_user('8')
 3 SYSTEMPATH/CodeIgniter.php(497): CodeIgniter\CodeIgniter->runController(Object(App\Controllers\Win))
 4 SYSTEMPATH/CodeIgniter.php(366): CodeIgniter\CodeIgniter->handleRequest(null, Object(Config\Cache), false)
 5 FCPATH/index.php(73): CodeIgniter\CodeIgniter->run()
