CRITICAL - 2023-09-18 06:53:16 --> No data found in joined tables.
in APPPATH/Models/WinModel.php on line 61.
 1 APPPATH/Controllers/Win.php(36): App\Models\WinModel->getwinuData('2')
 2 SYSTEMPATH/CodeIgniter.php(932): App\Controllers\Win->win_user('2')
 3 SYSTEMPATH/CodeIgniter.php(497): CodeIgniter\CodeIgniter->runController(Object(App\Controllers\Win))
 4 SYSTEMPATH/CodeIgniter.php(366): CodeIgniter\CodeIgniter->handleRequest(null, Object(Config\Cache), false)
 5 FCPATH/index.php(73): CodeIgniter\CodeIgniter->run()
CRITICAL - 2023-09-18 07:02:28 --> Result does not exist for specified id
in APPPATH/Models/ResultModel.php on line 192.
 1 APPPATH/Controllers/Result.php(286): App\Models\ResultModel->findGByIdA('2')
 2 SYSTEMPATH/CodeIgniter.php(932): App\Controllers\Result->by_g_id('2')
 3 SYSTEMPATH/CodeIgniter.php(497): CodeIgniter\CodeIgniter->runController(Object(App\Controllers\Result))
 4 SYSTEMPATH/CodeIgniter.php(366): CodeIgniter\CodeIgniter->handleRequest(null, Object(Config\Cache), false)
 5 FCPATH/index.php(73): CodeIgniter\CodeIgniter->run()
CRITICAL - 2023-09-18 08:21:47 --> No data found in joined tables.
in APPPATH/Models/WinModel.php on line 61.
 1 APPPATH/Controllers/Win.php(36): App\Models\WinModel->getwinuData('1')
 2 SYSTEMPATH/CodeIgniter.php(932): App\Controllers\Win->win_user('1')
 3 SYSTEMPATH/CodeIgniter.php(497): CodeIgniter\CodeIgniter->runController(Object(App\Controllers\Win))
 4 SYSTEMPATH/CodeIgniter.php(366): CodeIgniter\CodeIgniter->handleRequest(null, Object(Config\Cache), false)
 5 FCPATH/index.php(73): CodeIgniter\CodeIgniter->run()
CRITICAL - 2023-09-18 08:22:48 --> No data found in joined tables.
in APPPATH/Models/WinModel.php on line 61.
 1 APPPATH/Controllers/Win.php(36): App\Models\WinModel->getwinuData('1')
 2 SYSTEMPATH/CodeIgniter.php(932): App\Controllers\Win->win_user('1')
 3 SYSTEMPATH/CodeIgniter.php(497): CodeIgniter\CodeIgniter->runController(Object(App\Controllers\Win))
 4 SYSTEMPATH/CodeIgniter.php(366): CodeIgniter\CodeIgniter->handleRequest(null, Object(Config\Cache), false)
 5 FCPATH/index.php(73): CodeIgniter\CodeIgniter->run()
CRITICAL - 2023-09-18 08:23:20 --> No data found in joined tables.
in APPPATH/Models/WinModel.php on line 61.
 1 APPPATH/Controllers/Win.php(36): App\Models\WinModel->getwinuData('1')
 2 SYSTEMPATH/CodeIgniter.php(932): App\Controllers\Win->win_user('1')
 3 SYSTEMPATH/CodeIgniter.php(497): CodeIgniter\CodeIgniter->runController(Object(App\Controllers\Win))
 4 SYSTEMPATH/CodeIgniter.php(366): CodeIgniter\CodeIgniter->handleRequest(null, Object(Config\Cache), false)
 5 FCPATH/index.php(73): CodeIgniter\CodeIgniter->run()
CRITICAL - 2023-09-18 08:51:04 --> No data found in joined tables.
in APPPATH/Models/WinModel.php on line 61.
 1 APPPATH/Controllers/Win.php(36): App\Models\WinModel->getwinuData('4')
 2 SYSTEMPATH/CodeIgniter.php(932): App\Controllers\Win->win_user('4')
 3 SYSTEMPATH/CodeIgniter.php(497): CodeIgniter\CodeIgniter->runController(Object(App\Controllers\Win))
 4 SYSTEMPATH/CodeIgniter.php(366): CodeIgniter\CodeIgniter->handleRequest(null, Object(Config\Cache), false)
 5 FCPATH/index.php(73): CodeIgniter\CodeIgniter->run()
CRITICAL - 2023-09-18 09:03:32 --> Result does not exist for specified id
in APPPATH/Models/ResultModel.php on line 192.
 1 APPPATH/Controllers/Result.php(286): App\Models\ResultModel->findGByIdA('9')
 2 SYSTEMPATH/CodeIgniter.php(932): App\Controllers\Result->by_g_id('9')
 3 SYSTEMPATH/CodeIgniter.php(497): CodeIgniter\CodeIgniter->runController(Object(App\Controllers\Result))
 4 SYSTEMPATH/CodeIgniter.php(366): CodeIgniter\CodeIgniter->handleRequest(null, Object(Config\Cache), false)
 5 FCPATH/index.php(73): CodeIgniter\CodeIgniter->run()
CRITICAL - 2023-09-18 09:20:55 --> No data found in joined tables.
in APPPATH/Models/WinModel.php on line 61.
 1 APPPATH/Controllers/Win.php(36): App\Models\WinModel->getwinuData('2')
 2 SYSTEMPATH/CodeIgniter.php(932): App\Controllers\Win->win_user('2')
 3 SYSTEMPATH/CodeIgniter.php(497): CodeIgniter\CodeIgniter->runController(Object(App\Controllers\Win))
 4 SYSTEMPATH/CodeIgniter.php(366): CodeIgniter\CodeIgniter->handleRequest(null, Object(Config\Cache), false)
 5 FCPATH/index.php(73): CodeIgniter\CodeIgniter->run()
CRITICAL - 2023-09-18 09:21:08 --> No data found in joined tables.
in APPPATH/Models/WinModel.php on line 61.
 1 APPPATH/Controllers/Win.php(36): App\Models\WinModel->getwinuData('2')
 2 SYSTEMPATH/CodeIgniter.php(932): App\Controllers\Win->win_user('2')
 3 SYSTEMPATH/CodeIgniter.php(497): CodeIgniter\CodeIgniter->runController(Object(App\Controllers\Win))
 4 SYSTEMPATH/CodeIgniter.php(366): CodeIgniter\CodeIgniter->handleRequest(null, Object(Config\Cache), false)
 5 FCPATH/index.php(73): CodeIgniter\CodeIgniter->run()
CRITICAL - 2023-09-18 09:47:47 --> No data found in joined tables.
in APPPATH/Models/WinModel.php on line 61.
 1 APPPATH/Controllers/Win.php(36): App\Models\WinModel->getwinuData('4')
 2 SYSTEMPATH/CodeIgniter.php(932): App\Controllers\Win->win_user('4')
 3 SYSTEMPATH/CodeIgniter.php(497): CodeIgniter\CodeIgniter->runController(Object(App\Controllers\Win))
 4 SYSTEMPATH/CodeIgniter.php(366): CodeIgniter\CodeIgniter->handleRequest(null, Object(Config\Cache), false)
 5 FCPATH/index.php(73): CodeIgniter\CodeIgniter->run()
CRITICAL - 2023-09-18 10:25:08 --> No data found in joined tables.
in APPPATH/Models/WinModel.php on line 61.
 1 APPPATH/Controllers/Win.php(36): App\Models\WinModel->getwinuData('3')
 2 SYSTEMPATH/CodeIgniter.php(932): App\Controllers\Win->win_user('3')
 3 SYSTEMPATH/CodeIgniter.php(497): CodeIgniter\CodeIgniter->runController(Object(App\Controllers\Win))
 4 SYSTEMPATH/CodeIgniter.php(366): CodeIgniter\CodeIgniter->handleRequest(null, Object(Config\Cache), false)
 5 FCPATH/index.php(73): CodeIgniter\CodeIgniter->run()
CRITICAL - 2023-09-18 10:25:09 --> No data found in joined tables.
in APPPATH/Models/WinModel.php on line 61.
 1 APPPATH/Controllers/Win.php(36): App\Models\WinModel->getwinuData('3')
 2 SYSTEMPATH/CodeIgniter.php(932): App\Controllers\Win->win_user('3')
 3 SYSTEMPATH/CodeIgniter.php(497): CodeIgniter\CodeIgniter->runController(Object(App\Controllers\Win))
 4 SYSTEMPATH/CodeIgniter.php(366): CodeIgniter\CodeIgniter->handleRequest(null, Object(Config\Cache), false)
 5 FCPATH/index.php(73): CodeIgniter\CodeIgniter->run()
CRITICAL - 2023-09-18 10:27:42 --> No data found in joined tables.
in APPPATH/Models/WinModel.php on line 61.
 1 APPPATH/Controllers/Win.php(36): App\Models\WinModel->getwinuData('3')
 2 SYSTEMPATH/CodeIgniter.php(932): App\Controllers\Win->win_user('3')
 3 SYSTEMPATH/CodeIgniter.php(497): CodeIgniter\CodeIgniter->runController(Object(App\Controllers\Win))
 4 SYSTEMPATH/CodeIgniter.php(366): CodeIgniter\CodeIgniter->handleRequest(null, Object(Config\Cache), false)
 5 FCPATH/index.php(73): CodeIgniter\CodeIgniter->run()
CRITICAL - 2023-09-18 10:27:42 --> No data found in joined tables.
in APPPATH/Models/WinModel.php on line 61.
 1 APPPATH/Controllers/Win.php(36): App\Models\WinModel->getwinuData('3')
 2 SYSTEMPATH/CodeIgniter.php(932): App\Controllers\Win->win_user('3')
 3 SYSTEMPATH/CodeIgniter.php(497): CodeIgniter\CodeIgniter->runController(Object(App\Controllers\Win))
 4 SYSTEMPATH/CodeIgniter.php(366): CodeIgniter\CodeIgniter->handleRequest(null, Object(Config\Cache), false)
 5 FCPATH/index.php(73): CodeIgniter\CodeIgniter->run()
CRITICAL - 2023-09-18 11:36:25 --> No data found in joined tables.
in APPPATH/Models/WinModel.php on line 61.
 1 APPPATH/Controllers/Win.php(36): App\Models\WinModel->getwinuData('3')
 2 SYSTEMPATH/CodeIgniter.php(932): App\Controllers\Win->win_user('3')
 3 SYSTEMPATH/CodeIgniter.php(497): CodeIgniter\CodeIgniter->runController(Object(App\Controllers\Win))
 4 SYSTEMPATH/CodeIgniter.php(366): CodeIgniter\CodeIgniter->handleRequest(null, Object(Config\Cache), false)
 5 FCPATH/index.php(73): CodeIgniter\CodeIgniter->run()
CRITICAL - 2023-09-18 11:51:56 --> No data found in joined tables.
in APPPATH/Models/WinModel.php on line 61.
 1 APPPATH/Controllers/Win.php(36): App\Models\WinModel->getwinuData('7')
 2 SYSTEMPATH/CodeIgniter.php(932): App\Controllers\Win->win_user('7')
 3 SYSTEMPATH/CodeIgniter.php(497): CodeIgniter\CodeIgniter->runController(Object(App\Controllers\Win))
 4 SYSTEMPATH/CodeIgniter.php(366): CodeIgniter\CodeIgniter->handleRequest(null, Object(Config\Cache), false)
 5 FCPATH/index.php(73): CodeIgniter\CodeIgniter->run()
CRITICAL - 2023-09-18 12:09:49 --> No data found in joined tables.
in APPPATH/Models/WinModel.php on line 61.
 1 APPPATH/Controllers/Win.php(36): App\Models\WinModel->getwinuData('7')
 2 SYSTEMPATH/CodeIgniter.php(932): App\Controllers\Win->win_user('7')
 3 SYSTEMPATH/CodeIgniter.php(497): CodeIgniter\CodeIgniter->runController(Object(App\Controllers\Win))
 4 SYSTEMPATH/CodeIgniter.php(366): CodeIgniter\CodeIgniter->handleRequest(null, Object(Config\Cache), false)
 5 FCPATH/index.php(73): CodeIgniter\CodeIgniter->run()
