ERROR - 2024-04-23 11:11:55 --> mysqli_sql_exception: Cannot add or update a child row: a foreign key constraint fails (`apis`.`job_listings`, CONSTRAINT `job_listings_hotelier_id_foreign` FOREIGN KEY (`hotelier_id`) REFERENCES `hoteliers` (`id`) ON DELETE CASCADE ON UPDATE CASCADE) in C:\xampp\htdocs\mojmain\vendor\codeigniter4\framework\system\Database\MySQLi\Connection.php:295
Stack trace:
#0 C:\xampp\htdocs\mojmain\vendor\codeigniter4\framework\system\Database\MySQLi\Connection.php(295): mysqli->query('INSERT INTO `jo...', 0)
#1 C:\xampp\htdocs\mojmain\vendor\codeigniter4\framework\system\Database\BaseConnection.php(692): CodeIgniter\Database\MySQLi\Connection->execute('INSERT INTO `jo...')
#2 C:\xampp\htdocs\mojmain\vendor\codeigniter4\framework\system\Database\BaseConnection.php(606): CodeIgniter\Database\BaseConnection->simpleQuery('INSERT INTO `jo...')
#3 C:\xampp\htdocs\mojmain\app\Models\JobModel.php(154): CodeIgniter\Database\BaseConnection->query('INSERT INTO `jo...')
#4 C:\xampp\htdocs\mojmain\app\Controllers\Job.php(56): App\Models\JobModel->save(Array)
#5 C:\xampp\htdocs\mojmain\vendor\codeigniter4\framework\system\CodeIgniter.php(932): App\Controllers\Job->store()
#6 C:\xampp\htdocs\mojmain\vendor\codeigniter4\framework\system\CodeIgniter.php(497): CodeIgniter\CodeIgniter->runController(Object(App\Controllers\Job))
#7 C:\xampp\htdocs\mojmain\vendor\codeigniter4\framework\system\CodeIgniter.php(366): CodeIgniter\CodeIgniter->handleRequest(NULL, Object(Config\Cache), false)
#8 C:\xampp\htdocs\mojmain\public\index.php(67): CodeIgniter\CodeIgniter->run()
#9 C:\xampp\htdocs\mojmain\vendor\codeigniter4\framework\system\Commands\Server\rewrite.php(47): require_once('C:\\xampp\\htdocs...')
#10 {main}
CRITICAL - 2024-04-23 11:11:55 --> Cannot add or update a child row: a foreign key constraint fails (`apis`.`job_listings`, CONSTRAINT `job_listings_hotelier_id_foreign` FOREIGN KEY (`hotelier_id`) REFERENCES `hoteliers` (`id`) ON DELETE CASCADE ON UPDATE CASCADE)
in SYSTEMPATH\Database\MySQLi\Connection.php on line 295.
 1 SYSTEMPATH\Database\MySQLi\Connection.php(295): mysqli->query('INSERT INTO `job_listings`( `hotelier_id`, `job_title`, `job_description`, `job_type`, `skill_requirements`, `location`, `department`, `experience_requirements`, `created_at`, `updated_at`, `status`) VALUES (\'1\',\'test job\',\'test\',\'hr\',\'3 year\',\'japiur\',\'tesdt\',\'2year\',\'1\',\'2024-04-23 11:11:55\',\'1\')', 0)
 2 SYSTEMPATH\Database\BaseConnection.php(692): CodeIgniter\Database\MySQLi\Connection->execute('INSERT INTO `job_listings`( `hotelier_id`, `job_title`, `job_description`, `job_type`, `skill_requirements`, `location`, `department`, `experience_requirements`, `created_at`, `updated_at`, `status`) VALUES (\'1\',\'test job\',\'test\',\'hr\',\'3 year\',\'japiur\',\'tesdt\',\'2year\',\'1\',\'2024-04-23 11:11:55\',\'1\')')
 3 SYSTEMPATH\Database\BaseConnection.php(606): CodeIgniter\Database\BaseConnection->simpleQuery('INSERT INTO `job_listings`( `hotelier_id`, `job_title`, `job_description`, `job_type`, `skill_requirements`, `location`, `department`, `experience_requirements`, `created_at`, `updated_at`, `status`) VALUES (\'1\',\'test job\',\'test\',\'hr\',\'3 year\',\'japiur\',\'tesdt\',\'2year\',\'1\',\'2024-04-23 11:11:55\',\'1\')')
 4 APPPATH\Models\JobModel.php(154): CodeIgniter\Database\BaseConnection->query('INSERT INTO `job_listings`( `hotelier_id`, `job_title`, `job_description`, `job_type`, `skill_requirements`, `location`, `department`, `experience_requirements`, `created_at`, `updated_at`, `status`) VALUES (\'1\',\'test job\',\'test\',\'hr\',\'3 year\',\'japiur\',\'tesdt\',\'2year\',\'1\',\'2024-04-23 11:11:55\',\'1\')')
 5 APPPATH\Controllers\Job.php(56): App\Models\JobModel->save([...])
 6 SYSTEMPATH\CodeIgniter.php(932): App\Controllers\Job->store()
 7 SYSTEMPATH\CodeIgniter.php(497): CodeIgniter\CodeIgniter->runController(Object(App\Controllers\Job))
 8 SYSTEMPATH\CodeIgniter.php(366): CodeIgniter\CodeIgniter->handleRequest(null, Object(Config\Cache), false)
 9 FCPATH\index.php(67): CodeIgniter\CodeIgniter->run()
10 SYSTEMPATH\Commands\Server\rewrite.php(47): require_once('C:\\xampp\\htdocs\\mojmain\\public\\index.php')
ERROR - 2024-04-23 11:15:42 --> mysqli_sql_exception: Cannot add or update a child row: a foreign key constraint fails (`apis`.`job_listings`, CONSTRAINT `job_listings_hotelier_id_foreign` FOREIGN KEY (`hotelier_id`) REFERENCES `hoteliers` (`id`) ON DELETE CASCADE ON UPDATE CASCADE) in C:\xampp\htdocs\mojmain\vendor\codeigniter4\framework\system\Database\MySQLi\Connection.php:295
Stack trace:
#0 C:\xampp\htdocs\mojmain\vendor\codeigniter4\framework\system\Database\MySQLi\Connection.php(295): mysqli->query('INSERT INTO `jo...', 0)
#1 C:\xampp\htdocs\mojmain\vendor\codeigniter4\framework\system\Database\BaseConnection.php(692): CodeIgniter\Database\MySQLi\Connection->execute('INSERT INTO `jo...')
#2 C:\xampp\htdocs\mojmain\vendor\codeigniter4\framework\system\Database\BaseConnection.php(606): CodeIgniter\Database\BaseConnection->simpleQuery('INSERT INTO `jo...')
#3 C:\xampp\htdocs\mojmain\app\Models\JobModel.php(153): CodeIgniter\Database\BaseConnection->query('INSERT INTO `jo...')
#4 C:\xampp\htdocs\mojmain\app\Controllers\Job.php(60): App\Models\JobModel->save(Array)
#5 C:\xampp\htdocs\mojmain\vendor\codeigniter4\framework\system\CodeIgniter.php(932): App\Controllers\Job->store()
#6 C:\xampp\htdocs\mojmain\vendor\codeigniter4\framework\system\CodeIgniter.php(497): CodeIgniter\CodeIgniter->runController(Object(App\Controllers\Job))
#7 C:\xampp\htdocs\mojmain\vendor\codeigniter4\framework\system\CodeIgniter.php(366): CodeIgniter\CodeIgniter->handleRequest(NULL, Object(Config\Cache), false)
#8 C:\xampp\htdocs\mojmain\public\index.php(67): CodeIgniter\CodeIgniter->run()
#9 C:\xampp\htdocs\mojmain\vendor\codeigniter4\framework\system\Commands\Server\rewrite.php(47): require_once('C:\\xampp\\htdocs...')
#10 {main}
CRITICAL - 2024-04-23 11:15:42 --> Cannot add or update a child row: a foreign key constraint fails (`apis`.`job_listings`, CONSTRAINT `job_listings_hotelier_id_foreign` FOREIGN KEY (`hotelier_id`) REFERENCES `hoteliers` (`id`) ON DELETE CASCADE ON UPDATE CASCADE)
in SYSTEMPATH\Database\MySQLi\Connection.php on line 295.
 1 SYSTEMPATH\Database\MySQLi\Connection.php(295): mysqli->query('INSERT INTO `job_listings`( `hotelier_id`, `job_title`, `job_description`, `job_type`, `skill_requirements`, `location`, `department`, `experience_requirements`, `created_at`, `updated_at`, `status`) VALUES (\'1\',\'test job\',\'test\',\'hr\',\'3 year\',\'japiur\',\'tesdt\',\'2year\',\'1\',\'2024-04-23 11:15:42\',\'1\')', 0)
 2 SYSTEMPATH\Database\BaseConnection.php(692): CodeIgniter\Database\MySQLi\Connection->execute('INSERT INTO `job_listings`( `hotelier_id`, `job_title`, `job_description`, `job_type`, `skill_requirements`, `location`, `department`, `experience_requirements`, `created_at`, `updated_at`, `status`) VALUES (\'1\',\'test job\',\'test\',\'hr\',\'3 year\',\'japiur\',\'tesdt\',\'2year\',\'1\',\'2024-04-23 11:15:42\',\'1\')')
 3 SYSTEMPATH\Database\BaseConnection.php(606): CodeIgniter\Database\BaseConnection->simpleQuery('INSERT INTO `job_listings`( `hotelier_id`, `job_title`, `job_description`, `job_type`, `skill_requirements`, `location`, `department`, `experience_requirements`, `created_at`, `updated_at`, `status`) VALUES (\'1\',\'test job\',\'test\',\'hr\',\'3 year\',\'japiur\',\'tesdt\',\'2year\',\'1\',\'2024-04-23 11:15:42\',\'1\')')
 4 APPPATH\Models\JobModel.php(153): CodeIgniter\Database\BaseConnection->query('INSERT INTO `job_listings`( `hotelier_id`, `job_title`, `job_description`, `job_type`, `skill_requirements`, `location`, `department`, `experience_requirements`, `created_at`, `updated_at`, `status`) VALUES (\'1\',\'test job\',\'test\',\'hr\',\'3 year\',\'japiur\',\'tesdt\',\'2year\',\'1\',\'2024-04-23 11:15:42\',\'1\')')
 5 APPPATH\Controllers\Job.php(60): App\Models\JobModel->save([...])
 6 SYSTEMPATH\CodeIgniter.php(932): App\Controllers\Job->store()
 7 SYSTEMPATH\CodeIgniter.php(497): CodeIgniter\CodeIgniter->runController(Object(App\Controllers\Job))
 8 SYSTEMPATH\CodeIgniter.php(366): CodeIgniter\CodeIgniter->handleRequest(null, Object(Config\Cache), false)
 9 FCPATH\index.php(67): CodeIgniter\CodeIgniter->run()
10 SYSTEMPATH\Commands\Server\rewrite.php(47): require_once('C:\\xampp\\htdocs\\mojmain\\public\\index.php')
CRITICAL - 2024-04-23 11:27:19 --> Maximum execution time of 60 seconds exceeded
in SYSTEMPATH\Database\MySQLi\Connection.php on line 296.
 1 [internal function]: CodeIgniter\Debug\Exceptions->shutdownHandler()
