CRITICAL - 2023-09-13 00:12:47 --> Undefined variable $dig
in APPPATH\Controllers\Result.php on line 610.
 1 APPPATH\Controllers\Result.php(610): CodeIgniter\Debug\Exceptions->errorHandler(2, 'Undefined variable $dig', 'C:\\Users\\com\\Desktop\\ml_back\\app\\Controllers\\Result.php', 610)
 2 APPPATH\Controllers\Result.php(545): App\Controllers\Result->win_save([...])
 3 SYSTEMPATH\CodeIgniter.php(932): App\Controllers\Result->store()
 4 SYSTEMPATH\CodeIgniter.php(497): CodeIgniter\CodeIgniter->runController(Object(App\Controllers\Result))
 5 SYSTEMPATH\CodeIgniter.php(366): CodeIgniter\CodeIgniter->handleRequest(null, Object(Config\Cache), false)
 6 FCPATH\index.php(73): CodeIgniter\CodeIgniter->run()
 7 SYSTEMPATH\Commands\Server\rewrite.php(47): require_once('C:\\Users\\com\\Desktop\\ml_back\\public\\index.php')
CRITICAL - 2023-09-13 00:14:16 --> Array to string conversion
in APPPATH\Controllers\Result.php on line 599.
 1 APPPATH\Controllers\Result.php(599): CodeIgniter\Debug\Exceptions->errorHandler(2, 'Array to string conversion', 'C:\\Users\\com\\Desktop\\ml_back\\app\\Controllers\\Result.php', 599)
 2 APPPATH\Controllers\Result.php(545): App\Controllers\Result->win_save([...])
 3 SYSTEMPATH\CodeIgniter.php(932): App\Controllers\Result->store()
 4 SYSTEMPATH\CodeIgniter.php(497): CodeIgniter\CodeIgniter->runController(Object(App\Controllers\Result))
 5 SYSTEMPATH\CodeIgniter.php(366): CodeIgniter\CodeIgniter->handleRequest(null, Object(Config\Cache), false)
 6 FCPATH\index.php(73): CodeIgniter\CodeIgniter->run()
 7 SYSTEMPATH\Commands\Server\rewrite.php(47): require_once('C:\\Users\\com\\Desktop\\ml_back\\public\\index.php')
CRITICAL - 2023-09-13 00:14:37 --> Undefined variable $dig
in APPPATH\Controllers\Result.php on line 605.
 1 APPPATH\Controllers\Result.php(605): CodeIgniter\Debug\Exceptions->errorHandler(2, 'Undefined variable $dig', 'C:\\Users\\com\\Desktop\\ml_back\\app\\Controllers\\Result.php', 605)
 2 APPPATH\Controllers\Result.php(545): App\Controllers\Result->win_save([...])
 3 SYSTEMPATH\CodeIgniter.php(932): App\Controllers\Result->store()
 4 SYSTEMPATH\CodeIgniter.php(497): CodeIgniter\CodeIgniter->runController(Object(App\Controllers\Result))
 5 SYSTEMPATH\CodeIgniter.php(366): CodeIgniter\CodeIgniter->handleRequest(null, Object(Config\Cache), false)
 6 FCPATH\index.php(73): CodeIgniter\CodeIgniter->run()
 7 SYSTEMPATH\Commands\Server\rewrite.php(47): require_once('C:\\Users\\com\\Desktop\\ml_back\\public\\index.php')
CRITICAL - 2023-09-13 00:20:03 --> Undefined array key "b_id"
in APPPATH\Controllers\Result.php on line 656.
 1 APPPATH\Controllers\Result.php(656): CodeIgniter\Debug\Exceptions->errorHandler(2, 'Undefined array key "b_id"', 'C:\\Users\\com\\Desktop\\ml_back\\app\\Controllers\\Result.php', 656)
 2 APPPATH\Controllers\Result.php(545): App\Controllers\Result->win_save([...])
 3 SYSTEMPATH\CodeIgniter.php(932): App\Controllers\Result->store()
 4 SYSTEMPATH\CodeIgniter.php(497): CodeIgniter\CodeIgniter->runController(Object(App\Controllers\Result))
 5 SYSTEMPATH\CodeIgniter.php(366): CodeIgniter\CodeIgniter->handleRequest(null, Object(Config\Cache), false)
 6 FCPATH\index.php(73): CodeIgniter\CodeIgniter->run()
 7 SYSTEMPATH\Commands\Server\rewrite.php(47): require_once('C:\\Users\\com\\Desktop\\ml_back\\public\\index.php')
CRITICAL - 2023-09-13 00:22:05 --> Undefined array key "b_id"
in APPPATH\Controllers\Result.php on line 656.
 1 APPPATH\Controllers\Result.php(656): CodeIgniter\Debug\Exceptions->errorHandler(2, 'Undefined array key "b_id"', 'C:\\Users\\com\\Desktop\\ml_back\\app\\Controllers\\Result.php', 656)
 2 APPPATH\Controllers\Result.php(545): App\Controllers\Result->win_save([...])
 3 SYSTEMPATH\CodeIgniter.php(932): App\Controllers\Result->store()
 4 SYSTEMPATH\CodeIgniter.php(497): CodeIgniter\CodeIgniter->runController(Object(App\Controllers\Result))
 5 SYSTEMPATH\CodeIgniter.php(366): CodeIgniter\CodeIgniter->handleRequest(null, Object(Config\Cache), false)
 6 FCPATH\index.php(73): CodeIgniter\CodeIgniter->run()
 7 SYSTEMPATH\Commands\Server\rewrite.php(47): require_once('C:\\Users\\com\\Desktop\\ml_back\\public\\index.php')
CRITICAL - 2023-09-13 00:23:56 --> Undefined array key "b_id"
in APPPATH\Controllers\Result.php on line 630.
 1 APPPATH\Controllers\Result.php(630): CodeIgniter\Debug\Exceptions->errorHandler(2, 'Undefined array key "b_id"', 'C:\\Users\\com\\Desktop\\ml_back\\app\\Controllers\\Result.php', 630)
 2 APPPATH\Controllers\Result.php(545): App\Controllers\Result->win_save([...])
 3 SYSTEMPATH\CodeIgniter.php(932): App\Controllers\Result->store()
 4 SYSTEMPATH\CodeIgniter.php(497): CodeIgniter\CodeIgniter->runController(Object(App\Controllers\Result))
 5 SYSTEMPATH\CodeIgniter.php(366): CodeIgniter\CodeIgniter->handleRequest(null, Object(Config\Cache), false)
 6 FCPATH\index.php(73): CodeIgniter\CodeIgniter->run()
 7 SYSTEMPATH\Commands\Server\rewrite.php(47): require_once('C:\\Users\\com\\Desktop\\ml_back\\public\\index.php')
CRITICAL - 2023-09-13 00:24:42 --> Undefined array key "b_id"
in APPPATH\Controllers\Result.php on line 626.
 1 APPPATH\Controllers\Result.php(626): CodeIgniter\Debug\Exceptions->errorHandler(2, 'Undefined array key "b_id"', 'C:\\Users\\com\\Desktop\\ml_back\\app\\Controllers\\Result.php', 626)
 2 APPPATH\Controllers\Result.php(545): App\Controllers\Result->win_save([...])
 3 SYSTEMPATH\CodeIgniter.php(932): App\Controllers\Result->store()
 4 SYSTEMPATH\CodeIgniter.php(497): CodeIgniter\CodeIgniter->runController(Object(App\Controllers\Result))
 5 SYSTEMPATH\CodeIgniter.php(366): CodeIgniter\CodeIgniter->handleRequest(null, Object(Config\Cache), false)
 6 FCPATH\index.php(73): CodeIgniter\CodeIgniter->run()
 7 SYSTEMPATH\Commands\Server\rewrite.php(47): require_once('C:\\Users\\com\\Desktop\\ml_back\\public\\index.php')
CRITICAL - 2023-09-13 00:24:55 --> Undefined array key "b_id"
in APPPATH\Controllers\Result.php on line 626.
 1 APPPATH\Controllers\Result.php(626): CodeIgniter\Debug\Exceptions->errorHandler(2, 'Undefined array key "b_id"', 'C:\\Users\\com\\Desktop\\ml_back\\app\\Controllers\\Result.php', 626)
 2 APPPATH\Controllers\Result.php(545): App\Controllers\Result->win_save([...])
 3 SYSTEMPATH\CodeIgniter.php(932): App\Controllers\Result->store()
 4 SYSTEMPATH\CodeIgniter.php(497): CodeIgniter\CodeIgniter->runController(Object(App\Controllers\Result))
 5 SYSTEMPATH\CodeIgniter.php(366): CodeIgniter\CodeIgniter->handleRequest(null, Object(Config\Cache), false)
 6 FCPATH\index.php(73): CodeIgniter\CodeIgniter->run()
 7 SYSTEMPATH\Commands\Server\rewrite.php(47): require_once('C:\\Users\\com\\Desktop\\ml_back\\public\\index.php')
CRITICAL - 2023-09-13 00:25:13 --> Undefined array key "b_id"
in APPPATH\Controllers\Result.php on line 626.
 1 APPPATH\Controllers\Result.php(626): CodeIgniter\Debug\Exceptions->errorHandler(2, 'Undefined array key "b_id"', 'C:\\Users\\com\\Desktop\\ml_back\\app\\Controllers\\Result.php', 626)
 2 APPPATH\Controllers\Result.php(545): App\Controllers\Result->win_save([...])
 3 SYSTEMPATH\CodeIgniter.php(932): App\Controllers\Result->store()
 4 SYSTEMPATH\CodeIgniter.php(497): CodeIgniter\CodeIgniter->runController(Object(App\Controllers\Result))
 5 SYSTEMPATH\CodeIgniter.php(366): CodeIgniter\CodeIgniter->handleRequest(null, Object(Config\Cache), false)
 6 FCPATH\index.php(73): CodeIgniter\CodeIgniter->run()
 7 SYSTEMPATH\Commands\Server\rewrite.php(47): require_once('C:\\Users\\com\\Desktop\\ml_back\\public\\index.php')
CRITICAL - 2023-09-13 00:25:28 --> Undefined variable $datan
in APPPATH\Controllers\Result.php on line 626.
 1 APPPATH\Controllers\Result.php(626): CodeIgniter\Debug\Exceptions->errorHandler(2, 'Undefined variable $datan', 'C:\\Users\\com\\Desktop\\ml_back\\app\\Controllers\\Result.php', 626)
 2 APPPATH\Controllers\Result.php(545): App\Controllers\Result->win_save([...])
 3 SYSTEMPATH\CodeIgniter.php(932): App\Controllers\Result->store()
 4 SYSTEMPATH\CodeIgniter.php(497): CodeIgniter\CodeIgniter->runController(Object(App\Controllers\Result))
 5 SYSTEMPATH\CodeIgniter.php(366): CodeIgniter\CodeIgniter->handleRequest(null, Object(Config\Cache), false)
 6 FCPATH\index.php(73): CodeIgniter\CodeIgniter->run()
 7 SYSTEMPATH\Commands\Server\rewrite.php(47): require_once('C:\\Users\\com\\Desktop\\ml_back\\public\\index.php')
ERROR - 2023-09-13 00:26:46 --> mysqli_sql_exception: You have an error in your SQL syntax; check the manual that corresponds to your MariaDB server version for the right syntax to use near '','1', '30','285', '09-13-2023 12:26 AM')' at line 1 in C:\Users\com\Desktop\ml_back\vendor\codeigniter4\framework\system\Database\MySQLi\Connection.php:295
Stack trace:
#0 C:\Users\com\Desktop\ml_back\vendor\codeigniter4\framework\system\Database\MySQLi\Connection.php(295): mysqli->query('INSERT INTO `wi...', 0)
#1 C:\Users\com\Desktop\ml_back\vendor\codeigniter4\framework\system\Database\BaseConnection.php(692): CodeIgniter\Database\MySQLi\Connection->execute('INSERT INTO `wi...')
#2 C:\Users\com\Desktop\ml_back\vendor\codeigniter4\framework\system\Database\BaseConnection.php(606): CodeIgniter\Database\BaseConnection->simpleQuery('INSERT INTO `wi...')
#3 C:\Users\com\Desktop\ml_back\app\Models\WinModel.php(74): CodeIgniter\Database\BaseConnection->query('INSERT INTO `wi...')
#4 C:\Users\com\Desktop\ml_back\app\Controllers\Result.php(636): App\Models\WinModel->save(Array)
#5 C:\Users\com\Desktop\ml_back\app\Controllers\Result.php(545): App\Controllers\Result->win_save(Array)
#6 C:\Users\com\Desktop\ml_back\vendor\codeigniter4\framework\system\CodeIgniter.php(932): App\Controllers\Result->store()
#7 C:\Users\com\Desktop\ml_back\vendor\codeigniter4\framework\system\CodeIgniter.php(497): CodeIgniter\CodeIgniter->runController(Object(App\Controllers\Result))
#8 C:\Users\com\Desktop\ml_back\vendor\codeigniter4\framework\system\CodeIgniter.php(366): CodeIgniter\CodeIgniter->handleRequest(NULL, Object(Config\Cache), false)
#9 C:\Users\com\Desktop\ml_back\public\index.php(73): CodeIgniter\CodeIgniter->run()
#10 C:\Users\com\Desktop\ml_back\vendor\codeigniter4\framework\system\Commands\Server\rewrite.php(47): require_once('C:\\Users\\com\\De...')
#11 {main}
CRITICAL - 2023-09-13 00:26:46 --> You have an error in your SQL syntax; check the manual that corresponds to your MariaDB server version for the right syntax to use near '','1', '30','285', '09-13-2023 12:26 AM')' at line 1
in SYSTEMPATH\Database\MySQLi\Connection.php on line 295.
 1 SYSTEMPATH\Database\MySQLi\Connection.php(295): mysqli->query('INSERT INTO `win_table` (`win_id`,`user_id`,`b_id`, `total_amount`,  `win_amount`,`date`) VALUES (NULL, 1\',\'1\', \'30\',\'285\', \'09-13-2023 12:26 AM\')', 0)
 2 SYSTEMPATH\Database\BaseConnection.php(692): CodeIgniter\Database\MySQLi\Connection->execute('INSERT INTO `win_table` (`win_id`,`user_id`,`b_id`, `total_amount`,  `win_amount`,`date`) VALUES (NULL, 1\',\'1\', \'30\',\'285\', \'09-13-2023 12:26 AM\')')
 3 SYSTEMPATH\Database\BaseConnection.php(606): CodeIgniter\Database\BaseConnection->simpleQuery('INSERT INTO `win_table` (`win_id`,`user_id`,`b_id`, `total_amount`,  `win_amount`,`date`) VALUES (NULL, 1\',\'1\', \'30\',\'285\', \'09-13-2023 12:26 AM\')')
 4 APPPATH\Models\WinModel.php(74): CodeIgniter\Database\BaseConnection->query('INSERT INTO `win_table` (`win_id`,`user_id`,`b_id`, `total_amount`,  `win_amount`,`date`) VALUES (NULL, 1\',\'1\', \'30\',\'285\', \'09-13-2023 12:26 AM\')')
 5 APPPATH\Controllers\Result.php(636): App\Models\WinModel->save([...])
 6 APPPATH\Controllers\Result.php(545): App\Controllers\Result->win_save([...])
 7 SYSTEMPATH\CodeIgniter.php(932): App\Controllers\Result->store()
 8 SYSTEMPATH\CodeIgniter.php(497): CodeIgniter\CodeIgniter->runController(Object(App\Controllers\Result))
 9 SYSTEMPATH\CodeIgniter.php(366): CodeIgniter\CodeIgniter->handleRequest(null, Object(Config\Cache), false)
10 FCPATH\index.php(73): CodeIgniter\CodeIgniter->run()
11 SYSTEMPATH\Commands\Server\rewrite.php(47): require_once('C:\\Users\\com\\Desktop\\ml_back\\public\\index.php')
ERROR - 2023-09-13 00:28:22 --> mysqli_sql_exception: You have an error in your SQL syntax; check the manual that corresponds to your MariaDB server version for the right syntax to use near '','1', '30','285', '09-13-2023 12:28 AM')' at line 1 in C:\Users\com\Desktop\ml_back\vendor\codeigniter4\framework\system\Database\MySQLi\Connection.php:295
Stack trace:
#0 C:\Users\com\Desktop\ml_back\vendor\codeigniter4\framework\system\Database\MySQLi\Connection.php(295): mysqli->query('INSERT INTO `wi...', 0)
#1 C:\Users\com\Desktop\ml_back\vendor\codeigniter4\framework\system\Database\BaseConnection.php(692): CodeIgniter\Database\MySQLi\Connection->execute('INSERT INTO `wi...')
#2 C:\Users\com\Desktop\ml_back\vendor\codeigniter4\framework\system\Database\BaseConnection.php(606): CodeIgniter\Database\BaseConnection->simpleQuery('INSERT INTO `wi...')
#3 C:\Users\com\Desktop\ml_back\app\Models\WinModel.php(72): CodeIgniter\Database\BaseConnection->query('INSERT INTO `wi...')
#4 C:\Users\com\Desktop\ml_back\app\Controllers\Result.php(632): App\Models\WinModel->save(Array)
#5 C:\Users\com\Desktop\ml_back\app\Controllers\Result.php(545): App\Controllers\Result->win_save(Array)
#6 C:\Users\com\Desktop\ml_back\vendor\codeigniter4\framework\system\CodeIgniter.php(932): App\Controllers\Result->store()
#7 C:\Users\com\Desktop\ml_back\vendor\codeigniter4\framework\system\CodeIgniter.php(497): CodeIgniter\CodeIgniter->runController(Object(App\Controllers\Result))
#8 C:\Users\com\Desktop\ml_back\vendor\codeigniter4\framework\system\CodeIgniter.php(366): CodeIgniter\CodeIgniter->handleRequest(NULL, Object(Config\Cache), false)
#9 C:\Users\com\Desktop\ml_back\public\index.php(73): CodeIgniter\CodeIgniter->run()
#10 C:\Users\com\Desktop\ml_back\vendor\codeigniter4\framework\system\Commands\Server\rewrite.php(47): require_once('C:\\Users\\com\\De...')
#11 {main}
CRITICAL - 2023-09-13 00:28:22 --> You have an error in your SQL syntax; check the manual that corresponds to your MariaDB server version for the right syntax to use near '','1', '30','285', '09-13-2023 12:28 AM')' at line 1
in SYSTEMPATH\Database\MySQLi\Connection.php on line 295.
 1 SYSTEMPATH\Database\MySQLi\Connection.php(295): mysqli->query('INSERT INTO `win_table` (`win_id`,`user_id`,`b_id`, `total_amount`,  `win_amount`,`date`) VALUES (NULL, 1\',\'1\', \'30\',\'285\', \'09-13-2023 12:28 AM\')', 0)
 2 SYSTEMPATH\Database\BaseConnection.php(692): CodeIgniter\Database\MySQLi\Connection->execute('INSERT INTO `win_table` (`win_id`,`user_id`,`b_id`, `total_amount`,  `win_amount`,`date`) VALUES (NULL, 1\',\'1\', \'30\',\'285\', \'09-13-2023 12:28 AM\')')
 3 SYSTEMPATH\Database\BaseConnection.php(606): CodeIgniter\Database\BaseConnection->simpleQuery('INSERT INTO `win_table` (`win_id`,`user_id`,`b_id`, `total_amount`,  `win_amount`,`date`) VALUES (NULL, 1\',\'1\', \'30\',\'285\', \'09-13-2023 12:28 AM\')')
 4 APPPATH\Models\WinModel.php(72): CodeIgniter\Database\BaseConnection->query('INSERT INTO `win_table` (`win_id`,`user_id`,`b_id`, `total_amount`,  `win_amount`,`date`) VALUES (NULL, 1\',\'1\', \'30\',\'285\', \'09-13-2023 12:28 AM\')')
 5 APPPATH\Controllers\Result.php(632): App\Models\WinModel->save([...])
 6 APPPATH\Controllers\Result.php(545): App\Controllers\Result->win_save([...])
 7 SYSTEMPATH\CodeIgniter.php(932): App\Controllers\Result->store()
 8 SYSTEMPATH\CodeIgniter.php(497): CodeIgniter\CodeIgniter->runController(Object(App\Controllers\Result))
 9 SYSTEMPATH\CodeIgniter.php(366): CodeIgniter\CodeIgniter->handleRequest(null, Object(Config\Cache), false)
10 FCPATH\index.php(73): CodeIgniter\CodeIgniter->run()
11 SYSTEMPATH\Commands\Server\rewrite.php(47): require_once('C:\\Users\\com\\Desktop\\ml_back\\public\\index.php')
CRITICAL - 2023-09-13 00:30:51 --> Undefined array key "b_id"
in APPPATH\Controllers\Result.php on line 653.
 1 APPPATH\Controllers\Result.php(653): CodeIgniter\Debug\Exceptions->errorHandler(2, 'Undefined array key "b_id"', 'C:\\Users\\com\\Desktop\\ml_back\\app\\Controllers\\Result.php', 653)
 2 APPPATH\Controllers\Result.php(545): App\Controllers\Result->win_save([...])
 3 SYSTEMPATH\CodeIgniter.php(932): App\Controllers\Result->store()
 4 SYSTEMPATH\CodeIgniter.php(497): CodeIgniter\CodeIgniter->runController(Object(App\Controllers\Result))
 5 SYSTEMPATH\CodeIgniter.php(366): CodeIgniter\CodeIgniter->handleRequest(null, Object(Config\Cache), false)
 6 FCPATH\index.php(73): CodeIgniter\CodeIgniter->run()
 7 SYSTEMPATH\Commands\Server\rewrite.php(47): require_once('C:\\Users\\com\\Desktop\\ml_back\\public\\index.php')
CRITICAL - 2023-09-13 00:34:23 --> Undefined array key "b_id"
in APPPATH\Controllers\Result.php on line 657.
 1 APPPATH\Controllers\Result.php(657): CodeIgniter\Debug\Exceptions->errorHandler(2, 'Undefined array key "b_id"', 'C:\\Users\\com\\Desktop\\ml_back\\app\\Controllers\\Result.php', 657)
 2 APPPATH\Controllers\Result.php(545): App\Controllers\Result->win_save([...])
 3 SYSTEMPATH\CodeIgniter.php(932): App\Controllers\Result->store()
 4 SYSTEMPATH\CodeIgniter.php(497): CodeIgniter\CodeIgniter->runController(Object(App\Controllers\Result))
 5 SYSTEMPATH\CodeIgniter.php(366): CodeIgniter\CodeIgniter->handleRequest(null, Object(Config\Cache), false)
 6 FCPATH\index.php(73): CodeIgniter\CodeIgniter->run()
 7 SYSTEMPATH\Commands\Server\rewrite.php(47): require_once('C:\\Users\\com\\Desktop\\ml_back\\public\\index.php')
